2020-12-01 15:09:11 - configuration_utils.py[line:281] - INFO: loading configuration file ./pretrained_model/bert_base_chinese\config.json
2020-12-01 15:09:11 - configuration_utils.py[line:319] - INFO: Model config BertConfig {
  "_num_labels": 2,
  "architectures": [
    "BertForMaskedLM"
  ],
  "attention_probs_dropout_prob": 0.1,
  "bad_words_ids": null,
  "bos_token_id": null,
  "decoder_start_token_id": null,
  "directionality": "bidi",
  "do_sample": false,
  "early_stopping": false,
  "eos_token_id": null,
  "finetuning_task": null,
  "hidden_act": "gelu",
  "hidden_dropout_prob": 0.1,
  "hidden_size": 768,
  "id2label": {
    "0": "LABEL_0",
    "1": "LABEL_1"
  },
  "initializer_range": 0.02,
  "intermediate_size": 3072,
  "is_decoder": false,
  "is_encoder_decoder": false,
  "label2id": {
    "LABEL_0": 0,
    "LABEL_1": 1
  },
  "layer_norm_eps": 1e-12,
  "length_penalty": 1.0,
  "max_length": 20,
  "max_position_embeddings": 512,
  "min_length": 0,
  "model_type": "bert",
  "no_repeat_ngram_size": 0,
  "num_attention_heads": 12,
  "num_beams": 1,
  "num_hidden_layers": 12,
  "num_return_sequences": 1,
  "output_attentions": false,
  "output_hidden_states": false,
  "output_past": true,
  "pad_token_id": 0,
  "pooler_fc_size": 768,
  "pooler_num_attention_heads": 12,
  "pooler_num_fc_layers": 3,
  "pooler_size_per_head": 128,
  "pooler_type": "first_token_transform",
  "prefix": null,
  "pruned_heads": {},
  "repetition_penalty": 1.0,
  "task_specific_params": null,
  "temperature": 1.0,
  "top_k": 50,
  "top_p": 1.0,
  "torchscript": false,
  "type_vocab_size": 2,
  "use_bfloat16": false,
  "vocab_size": 21128
}

2020-12-01 15:09:11 - modeling_utils.py[line:505] - INFO: loading weights file ./pretrained_model/bert_base_chinese\pytorch_model.bin
2020-12-01 15:09:41 - event_type_train.py[line:93] - INFO: epoch 0, step 40, loss 4.9490, recall 0.6000, precise 0.0236, f1 0.0454
2020-12-01 15:10:07 - event_type_train.py[line:93] - INFO: epoch 0, step 80, loss 4.8100, recall 0.7119, precise 0.0291, f1 0.0559
2020-12-01 15:10:33 - event_type_train.py[line:93] - INFO: epoch 0, step 120, loss 4.7700, recall 0.7018, precise 0.0313, f1 0.0600
2020-12-01 15:10:59 - event_type_train.py[line:93] - INFO: epoch 0, step 160, loss 4.7111, recall 0.6226, precise 0.0301, f1 0.0574
2020-12-01 15:11:25 - event_type_train.py[line:93] - INFO: epoch 0, step 200, loss 4.6791, recall 0.6167, precise 0.0439, f1 0.0819
2020-12-01 15:11:51 - event_type_train.py[line:114] - INFO: -----eval----
2020-12-01 15:11:51 - event_type_train.py[line:115] - INFO: epoch 0, step 230, loss 4.5381, recall 0.6134, precise 0.0490, f1 0.0907
2020-12-01 15:11:51 - event_type_train.py[line:116] - INFO: -----eval----
2020-12-01 15:12:00 - event_type_train.py[line:93] - INFO: epoch 1, step 240, loss 4.5680, recall 0.6667, precise 0.0590, f1 0.1084
2020-12-01 15:12:26 - event_type_train.py[line:93] - INFO: epoch 1, step 280, loss 4.5927, recall 0.6207, precise 0.0632, f1 0.1146
2020-12-01 15:12:52 - event_type_train.py[line:93] - INFO: epoch 1, step 320, loss 4.5101, recall 0.6316, precise 0.0766, f1 0.1366
2020-12-01 15:13:18 - event_type_train.py[line:93] - INFO: epoch 1, step 360, loss 4.4884, recall 0.6250, precise 0.0904, f1 0.1580
2020-12-01 15:13:44 - event_type_train.py[line:93] - INFO: epoch 1, step 400, loss 4.4231, recall 0.5862, precise 0.1012, f1 0.1726
2020-12-01 15:14:10 - event_type_train.py[line:93] - INFO: epoch 1, step 440, loss 4.3299, recall 0.7586, precise 0.1571, f1 0.2604
2020-12-01 15:14:29 - event_type_train.py[line:114] - INFO: -----eval----
2020-12-01 15:14:29 - event_type_train.py[line:115] - INFO: epoch 1, step 460, loss 4.4163, recall 0.6619, precise 0.1403, f1 0.2314
2020-12-01 15:14:29 - event_type_train.py[line:116] - INFO: -----eval----
2020-12-01 15:14:44 - event_type_train.py[line:93] - INFO: epoch 2, step 480, loss 4.3824, recall 0.6102, precise 0.1469, f1 0.2368
2020-12-01 15:15:10 - event_type_train.py[line:93] - INFO: epoch 2, step 520, loss 4.2738, recall 0.7049, precise 0.1878, f1 0.2966
2020-12-01 15:15:36 - event_type_train.py[line:93] - INFO: epoch 2, step 560, loss 4.1722, recall 0.7321, precise 0.1889, f1 0.3004
2020-12-01 15:16:02 - event_type_train.py[line:93] - INFO: epoch 2, step 600, loss 4.1709, recall 0.7544, precise 0.2389, f1 0.3629
2020-12-01 15:16:28 - event_type_train.py[line:93] - INFO: epoch 2, step 640, loss 4.1095, recall 0.6909, precise 0.2303, f1 0.3455
2020-12-01 15:16:54 - event_type_train.py[line:93] - INFO: epoch 2, step 680, loss 4.0950, recall 0.7719, precise 0.2588, f1 0.3877
2020-12-01 15:17:07 - event_type_train.py[line:114] - INFO: -----eval----
2020-12-01 15:17:07 - event_type_train.py[line:115] - INFO: epoch 2, step 690, loss 4.2480, recall 0.7344, precise 0.2566, f1 0.3798
2020-12-01 15:17:07 - event_type_train.py[line:116] - INFO: -----eval----
2020-12-01 15:17:28 - event_type_train.py[line:93] - INFO: epoch 3, step 720, loss 4.1217, recall 0.7167, precise 0.2324, f1 0.3510
2020-12-01 15:17:53 - event_type_train.py[line:93] - INFO: epoch 3, step 760, loss 4.0330, recall 0.7857, precise 0.2933, f1 0.4272
2020-12-01 15:18:19 - event_type_train.py[line:93] - INFO: epoch 3, step 800, loss 4.0590, recall 0.7069, precise 0.2662, f1 0.3868
2020-12-01 15:18:45 - event_type_train.py[line:93] - INFO: epoch 3, step 840, loss 4.0268, recall 0.7069, precise 0.3333, f1 0.4530
2020-12-01 15:19:11 - event_type_train.py[line:93] - INFO: epoch 3, step 880, loss 3.9499, recall 0.8214, precise 0.3239, f1 0.4646
2020-12-01 15:19:37 - event_type_train.py[line:93] - INFO: epoch 3, step 920, loss 4.0000, recall 0.7544, precise 0.3707, f1 0.4971
2020-12-01 15:19:44 - event_type_train.py[line:114] - INFO: -----eval----
2020-12-01 15:19:44 - event_type_train.py[line:115] - INFO: epoch 3, step 920, loss 4.0000, recall 0.7922, precise 0.3762, f1 0.5096
2020-12-01 15:19:44 - event_type_train.py[line:116] - INFO: -----eval----
2020-12-01 15:20:12 - event_type_train.py[line:93] - INFO: epoch 4, step 960, loss 3.8614, recall 0.8214, precise 0.4107, f1 0.5476
2020-12-01 15:20:38 - event_type_train.py[line:93] - INFO: epoch 4, step 1000, loss 3.8439, recall 0.8148, precise 0.4632, f1 0.5906
2020-12-01 15:21:04 - event_type_train.py[line:93] - INFO: epoch 4, step 1040, loss 3.8320, recall 0.8448, precise 0.4495, f1 0.5868
2020-12-01 15:21:30 - event_type_train.py[line:93] - INFO: epoch 4, step 1080, loss 3.7899, recall 0.8421, precise 0.5106, f1 0.6358
2020-12-01 15:21:56 - event_type_train.py[line:93] - INFO: epoch 4, step 1120, loss 3.7946, recall 0.7966, precise 0.5281, f1 0.6351
2020-12-01 15:22:21 - event_type_train.py[line:114] - INFO: -----eval----
2020-12-01 15:22:21 - event_type_train.py[line:115] - INFO: epoch 4, step 1150, loss 3.8014, recall 0.8299, precise 0.5138, f1 0.6337
2020-12-01 15:22:21 - event_type_train.py[line:116] - INFO: -----eval----
2020-12-01 15:22:30 - event_type_train.py[line:93] - INFO: epoch 5, step 1160, loss 3.7254, recall 0.8833, precise 0.6092, f1 0.7211
2020-12-01 15:22:55 - event_type_train.py[line:93] - INFO: epoch 5, step 1200, loss 3.8413, recall 0.8644, precise 0.5484, f1 0.6711
2020-12-01 15:23:21 - event_type_train.py[line:93] - INFO: epoch 5, step 1240, loss 3.6922, recall 0.8571, precise 0.5581, f1 0.6761
2020-12-01 15:23:47 - event_type_train.py[line:93] - INFO: epoch 5, step 1280, loss 3.6406, recall 0.8750, precise 0.5976, f1 0.7101
2020-12-01 15:24:13 - event_type_train.py[line:93] - INFO: epoch 5, step 1320, loss 3.5922, recall 0.9180, precise 0.7179, f1 0.8058
2020-12-01 15:24:39 - event_type_train.py[line:93] - INFO: epoch 5, step 1360, loss 3.6245, recall 0.8448, precise 0.6049, f1 0.7050
2020-12-01 15:24:59 - event_type_train.py[line:114] - INFO: -----eval----
2020-12-01 15:24:59 - event_type_train.py[line:115] - INFO: epoch 5, step 1380, loss 3.6385, recall 0.8520, precise 0.6448, f1 0.7332
2020-12-01 15:24:59 - event_type_train.py[line:116] - INFO: -----eval----
2020-12-01 15:25:13 - event_type_train.py[line:93] - INFO: epoch 6, step 1400, loss 3.5948, recall 0.8545, precise 0.5949, f1 0.7015
2020-12-01 15:25:39 - event_type_train.py[line:93] - INFO: epoch 6, step 1440, loss 3.6565, recall 0.8333, precise 0.6494, f1 0.7299
2020-12-01 15:26:05 - event_type_train.py[line:93] - INFO: epoch 6, step 1480, loss 3.5494, recall 0.8644, precise 0.7083, f1 0.7786
2020-12-01 15:26:31 - event_type_train.py[line:93] - INFO: epoch 6, step 1520, loss 3.4478, recall 0.9273, precise 0.7500, f1 0.8293
2020-12-01 15:26:57 - event_type_train.py[line:93] - INFO: epoch 6, step 1560, loss 3.5101, recall 0.8393, precise 0.7121, f1 0.7705
2020-12-01 15:27:23 - event_type_train.py[line:93] - INFO: epoch 6, step 1600, loss 3.3842, recall 0.8679, precise 0.7667, f1 0.8142
2020-12-01 15:27:36 - event_type_train.py[line:114] - INFO: -----eval----
2020-12-01 15:27:36 - event_type_train.py[line:115] - INFO: epoch 6, step 1610, loss 3.4243, recall 0.8678, precise 0.7366, f1 0.7959
2020-12-01 15:27:36 - event_type_train.py[line:116] - INFO: -----eval----
2020-12-01 15:27:57 - event_type_train.py[line:93] - INFO: epoch 7, step 1640, loss 3.4514, recall 0.8333, precise 0.7812, f1 0.8065
2020-12-01 15:28:23 - event_type_train.py[line:93] - INFO: epoch 7, step 1680, loss 3.4908, recall 0.8065, precise 0.7463, f1 0.7752
2020-12-01 15:28:49 - event_type_train.py[line:93] - INFO: epoch 7, step 1720, loss 3.4490, recall 0.8596, precise 0.6901, f1 0.7656
2020-12-01 15:29:15 - event_type_train.py[line:93] - INFO: epoch 7, step 1760, loss 3.3431, recall 0.8947, precise 0.7846, f1 0.8361
2020-12-01 15:29:41 - event_type_train.py[line:93] - INFO: epoch 7, step 1800, loss 3.2698, recall 0.9298, precise 0.8983, f1 0.9138
2020-12-01 15:30:07 - event_type_train.py[line:93] - INFO: epoch 7, step 1840, loss 3.2884, recall 0.9286, precise 0.8814, f1 0.9043
2020-12-01 15:30:13 - event_type_train.py[line:114] - INFO: -----eval----
2020-12-01 15:30:13 - event_type_train.py[line:115] - INFO: epoch 7, step 1840, loss 3.2884, recall 0.8876, precise 0.7879, f1 0.8341
2020-12-01 15:30:13 - event_type_train.py[line:116] - INFO: -----eval----
2020-12-01 15:30:41 - event_type_train.py[line:93] - INFO: epoch 8, step 1880, loss 3.3172, recall 0.8909, precise 0.7903, f1 0.8376
2020-12-01 15:31:07 - event_type_train.py[line:93] - INFO: epoch 8, step 1920, loss 3.2996, recall 0.9286, precise 0.7647, f1 0.8387
2020-12-01 15:31:33 - event_type_train.py[line:93] - INFO: epoch 8, step 1960, loss 3.3057, recall 0.8833, precise 0.8413, f1 0.8618
2020-12-01 15:31:59 - event_type_train.py[line:93] - INFO: epoch 8, step 2000, loss 3.2495, recall 0.8750, precise 0.7424, f1 0.8033
2020-12-01 15:32:25 - event_type_train.py[line:93] - INFO: epoch 8, step 2040, loss 3.2111, recall 0.9444, precise 0.7846, f1 0.8571
2020-12-01 15:32:51 - event_type_train.py[line:114] - INFO: -----eval----
2020-12-01 15:32:51 - event_type_train.py[line:115] - INFO: epoch 8, step 2070, loss 3.1745, recall 0.8882, precise 0.8344, f1 0.8599
2020-12-01 15:32:51 - event_type_train.py[line:116] - INFO: -----eval----
2020-12-01 15:32:58 - event_type_train.py[line:93] - INFO: epoch 9, step 2080, loss 3.2991, recall 0.8148, precise 0.6769, f1 0.7395
2020-12-01 15:33:24 - event_type_train.py[line:93] - INFO: epoch 9, step 2120, loss 3.1612, recall 0.9310, precise 0.8710, f1 0.9000
2020-12-01 15:33:50 - event_type_train.py[line:93] - INFO: epoch 9, step 2160, loss 3.1893, recall 0.8983, precise 0.8154, f1 0.8548
2020-12-01 15:34:16 - event_type_train.py[line:93] - INFO: epoch 9, step 2200, loss 3.0745, recall 0.9636, precise 0.9138, f1 0.9381
2020-12-01 15:34:42 - event_type_train.py[line:93] - INFO: epoch 9, step 2240, loss 3.1309, recall 0.8814, precise 0.8125, f1 0.8455
2020-12-01 15:35:08 - event_type_train.py[line:93] - INFO: epoch 9, step 2280, loss 3.1765, recall 0.8814, precise 0.8000, f1 0.8387
2020-12-01 15:35:28 - event_type_train.py[line:114] - INFO: -----eval----
2020-12-01 15:35:28 - event_type_train.py[line:115] - INFO: epoch 9, step 2300, loss 3.0050, recall 0.8885, precise 0.8616, f1 0.8741
2020-12-01 15:35:28 - event_type_train.py[line:116] - INFO: -----eval----
2020-12-01 15:35:42 - event_type_train.py[line:93] - INFO: epoch 10, step 2320, loss 3.0008, recall 0.9123, precise 0.9286, f1 0.9204
2020-12-01 15:36:08 - event_type_train.py[line:93] - INFO: epoch 10, step 2360, loss 3.0650, recall 0.8689, precise 0.9138, f1 0.8908
2020-12-01 15:36:34 - event_type_train.py[line:93] - INFO: epoch 10, step 2400, loss 3.0570, recall 0.8852, precise 0.8571, f1 0.8710
2020-12-01 15:37:00 - event_type_train.py[line:93] - INFO: epoch 10, step 2440, loss 2.9936, recall 0.9298, precise 0.8833, f1 0.9060
2020-12-01 15:37:26 - event_type_train.py[line:93] - INFO: epoch 10, step 2480, loss 3.0012, recall 0.9474, precise 0.9000, f1 0.9231
2020-12-01 15:37:52 - event_type_train.py[line:93] - INFO: epoch 10, step 2520, loss 3.1329, recall 0.8033, precise 0.7903, f1 0.7967
2020-12-01 15:38:05 - event_type_train.py[line:114] - INFO: -----eval----
2020-12-01 15:38:05 - event_type_train.py[line:115] - INFO: epoch 10, step 2530, loss 2.9352, recall 0.8972, precise 0.8839, f1 0.8899
2020-12-01 15:38:05 - event_type_train.py[line:116] - INFO: -----eval----
2020-12-01 15:38:26 - event_type_train.py[line:93] - INFO: epoch 11, step 2560, loss 3.0028, recall 0.8983, precise 0.8689, f1 0.8833
2020-12-01 15:38:52 - event_type_train.py[line:93] - INFO: epoch 11, step 2600, loss 2.9523, recall 0.9298, precise 0.8983, f1 0.9138
2020-12-01 15:39:18 - event_type_train.py[line:93] - INFO: epoch 11, step 2640, loss 2.8526, recall 0.9649, precise 0.9483, f1 0.9565
2020-12-01 15:39:44 - event_type_train.py[line:93] - INFO: epoch 11, step 2680, loss 2.9235, recall 0.8929, precise 0.8621, f1 0.8772
2020-12-01 15:40:10 - event_type_train.py[line:93] - INFO: epoch 11, step 2720, loss 2.8656, recall 0.9298, precise 0.8983, f1 0.9138
2020-12-01 15:40:35 - event_type_train.py[line:93] - INFO: epoch 11, step 2760, loss 2.8065, recall 0.9434, precise 0.9259, f1 0.9346
2020-12-01 15:40:42 - event_type_train.py[line:114] - INFO: -----eval----
2020-12-01 15:40:42 - event_type_train.py[line:115] - INFO: epoch 11, step 2760, loss 2.8065, recall 0.8990, precise 0.9004, f1 0.8989
2020-12-01 15:40:42 - event_type_train.py[line:116] - INFO: -----eval----
2020-12-01 15:41:09 - event_type_train.py[line:93] - INFO: epoch 12, step 2800, loss 2.8813, recall 0.9138, precise 0.9138, f1 0.9138
2020-12-01 15:41:35 - event_type_train.py[line:93] - INFO: epoch 12, step 2840, loss 2.9005, recall 0.8750, precise 0.8750, f1 0.8750
2020-12-01 15:42:01 - event_type_train.py[line:93] - INFO: epoch 12, step 2880, loss 2.8390, recall 0.8667, precise 0.8966, f1 0.8814
2020-12-01 15:42:27 - event_type_train.py[line:93] - INFO: epoch 12, step 2920, loss 2.6574, recall 0.9630, precise 0.9286, f1 0.9455
2020-12-01 15:42:53 - event_type_train.py[line:93] - INFO: epoch 12, step 2960, loss 2.6414, recall 0.9655, precise 1.0000, f1 0.9825
2020-12-01 15:43:19 - event_type_train.py[line:114] - INFO: -----eval----
2020-12-01 15:43:19 - event_type_train.py[line:115] - INFO: epoch 12, step 2990, loss 2.7123, recall 0.8972, precise 0.9114, f1 0.9039
2020-12-01 15:43:19 - event_type_train.py[line:116] - INFO: -----eval----
2020-12-01 15:43:27 - event_type_train.py[line:93] - INFO: epoch 13, step 3000, loss 2.7103, recall 0.8947, precise 0.9273, f1 0.9107
2020-12-01 15:43:53 - event_type_train.py[line:93] - INFO: epoch 13, step 3040, loss 2.6466, recall 0.9615, precise 0.9259, f1 0.9434
2020-12-01 15:44:19 - event_type_train.py[line:93] - INFO: epoch 13, step 3080, loss 2.6273, recall 0.9464, precise 0.9636, f1 0.9550
2020-12-01 15:44:45 - event_type_train.py[line:93] - INFO: epoch 13, step 3120, loss 2.7858, recall 0.9180, precise 0.9655, f1 0.9412
2020-12-01 15:45:11 - event_type_train.py[line:93] - INFO: epoch 13, step 3160, loss 2.6597, recall 0.9464, precise 0.9464, f1 0.9464
2020-12-01 15:45:37 - event_type_train.py[line:93] - INFO: epoch 13, step 3200, loss 2.6526, recall 0.9107, precise 0.8793, f1 0.8947
2020-12-01 15:45:56 - event_type_train.py[line:114] - INFO: -----eval----
2020-12-01 15:45:56 - event_type_train.py[line:115] - INFO: epoch 13, step 3220, loss 2.5665, recall 0.8933, precise 0.9260, f1 0.9088
2020-12-01 15:45:56 - event_type_train.py[line:116] - INFO: -----eval----
2020-12-01 15:46:11 - event_type_train.py[line:93] - INFO: epoch 14, step 3240, loss 2.5972, recall 0.9333, precise 0.9333, f1 0.9333
2020-12-01 15:46:37 - event_type_train.py[line:93] - INFO: epoch 14, step 3280, loss 2.6674, recall 0.8966, precise 0.9630, f1 0.9286
2020-12-01 15:47:03 - event_type_train.py[line:93] - INFO: epoch 14, step 3320, loss 2.6682, recall 0.8667, precise 0.9630, f1 0.9123
2020-12-01 15:47:29 - event_type_train.py[line:93] - INFO: epoch 14, step 3360, loss 2.5353, recall 0.9643, precise 0.9474, f1 0.9558
2020-12-01 15:47:55 - event_type_train.py[line:93] - INFO: epoch 14, step 3400, loss 2.5565, recall 0.9273, precise 0.9107, f1 0.9189
2020-12-01 15:48:21 - event_type_train.py[line:93] - INFO: epoch 14, step 3440, loss 2.5436, recall 0.9273, precise 0.9273, f1 0.9273
2020-12-01 15:48:34 - event_type_train.py[line:114] - INFO: -----eval----
2020-12-01 15:48:34 - event_type_train.py[line:115] - INFO: epoch 14, step 3450, loss 2.5492, recall 0.8940, precise 0.9416, f1 0.9167
2020-12-01 15:48:34 - event_type_train.py[line:116] - INFO: -----eval----
2020-12-01 15:48:54 - event_type_train.py[line:93] - INFO: epoch 15, step 3480, loss 2.4870, recall 0.9811, precise 0.9630, f1 0.9720
2020-12-01 15:49:20 - event_type_train.py[line:93] - INFO: epoch 15, step 3520, loss 2.5120, recall 0.9286, precise 0.9630, f1 0.9455
2020-12-01 15:49:46 - event_type_train.py[line:93] - INFO: epoch 15, step 3560, loss 2.5260, recall 0.9483, precise 0.9821, f1 0.9649
2020-12-01 15:50:12 - event_type_train.py[line:93] - INFO: epoch 15, step 3600, loss 2.4801, recall 0.9310, precise 0.9643, f1 0.9474
2020-12-01 15:50:38 - event_type_train.py[line:93] - INFO: epoch 15, step 3640, loss 2.3870, recall 0.9818, precise 1.0000, f1 0.9908
2020-12-01 15:51:04 - event_type_train.py[line:93] - INFO: epoch 15, step 3680, loss 2.4394, recall 0.9808, precise 0.9273, f1 0.9533
2020-12-01 15:51:10 - event_type_train.py[line:114] - INFO: -----eval----
2020-12-01 15:51:10 - event_type_train.py[line:115] - INFO: epoch 15, step 3680, loss 2.4394, recall 0.8971, precise 0.9518, f1 0.9230
2020-12-01 15:51:10 - event_type_train.py[line:116] - INFO: -----eval----
2020-12-01 15:51:38 - event_type_train.py[line:93] - INFO: epoch 16, step 3720, loss 2.4476, recall 0.9322, precise 1.0000, f1 0.9649
2020-12-01 15:52:04 - event_type_train.py[line:93] - INFO: epoch 16, step 3760, loss 2.4422, recall 0.9483, precise 0.9649, f1 0.9565
2020-12-01 15:52:30 - event_type_train.py[line:93] - INFO: epoch 16, step 3800, loss 2.5488, recall 0.8947, precise 0.9273, f1 0.9107
2020-12-01 15:52:56 - event_type_train.py[line:93] - INFO: epoch 16, step 3840, loss 2.3799, recall 0.9286, precise 0.9630, f1 0.9455
2020-12-01 15:53:22 - event_type_train.py[line:93] - INFO: epoch 16, step 3880, loss 2.3289, recall 0.8983, precise 0.9464, f1 0.9217
2020-12-01 15:53:47 - event_type_train.py[line:114] - INFO: -----eval----
2020-12-01 15:53:47 - event_type_train.py[line:115] - INFO: epoch 16, step 3910, loss 2.4120, recall 0.8933, precise 0.9522, f1 0.9215
2020-12-01 15:53:47 - event_type_train.py[line:116] - INFO: -----eval----
2020-12-01 15:53:56 - event_type_train.py[line:93] - INFO: epoch 17, step 3920, loss 2.2778, recall 0.9818, precise 0.9474, f1 0.9643
2020-12-01 15:54:22 - event_type_train.py[line:93] - INFO: epoch 17, step 3960, loss 2.2304, recall 0.9286, precise 0.9630, f1 0.9455
2020-12-01 15:54:48 - event_type_train.py[line:93] - INFO: epoch 17, step 4000, loss 2.2760, recall 0.9649, precise 0.9649, f1 0.9649
2020-12-01 15:55:14 - event_type_train.py[line:93] - INFO: epoch 17, step 4040, loss 2.3114, recall 0.9828, precise 0.9500, f1 0.9661
2020-12-01 15:55:40 - event_type_train.py[line:93] - INFO: epoch 17, step 4080, loss 2.3023, recall 0.9492, precise 1.0000, f1 0.9739
2020-12-01 15:56:06 - event_type_train.py[line:93] - INFO: epoch 17, step 4120, loss 2.1929, recall 0.9630, precise 0.9811, f1 0.9720
2020-12-01 15:56:25 - event_type_train.py[line:114] - INFO: -----eval----
2020-12-01 15:56:25 - event_type_train.py[line:115] - INFO: epoch 17, step 4140, loss 2.2133, recall 0.8928, precise 0.9540, f1 0.9219
2020-12-01 15:56:25 - event_type_train.py[line:116] - INFO: -----eval----
2020-12-01 15:56:39 - event_type_train.py[line:93] - INFO: epoch 18, step 4160, loss 2.1974, recall 0.9273, precise 0.9444, f1 0.9358
2020-12-01 15:57:05 - event_type_train.py[line:93] - INFO: epoch 18, step 4200, loss 2.2345, recall 0.9500, precise 0.9828, f1 0.9661
2020-12-01 15:57:31 - event_type_train.py[line:93] - INFO: epoch 18, step 4240, loss 2.2592, recall 0.8966, precise 0.9811, f1 0.9369
2020-12-01 15:57:57 - event_type_train.py[line:93] - INFO: epoch 18, step 4280, loss 2.2197, recall 0.9153, precise 0.9643, f1 0.9391
2020-12-01 15:58:23 - event_type_train.py[line:93] - INFO: epoch 18, step 4320, loss 2.1334, recall 0.9310, precise 1.0000, f1 0.9643
2020-12-01 15:58:49 - event_type_train.py[line:93] - INFO: epoch 18, step 4360, loss 2.0576, recall 0.9455, precise 1.0000, f1 0.9720
2020-12-01 15:59:02 - event_type_train.py[line:114] - INFO: -----eval----
2020-12-01 15:59:02 - event_type_train.py[line:115] - INFO: epoch 18, step 4370, loss 2.1072, recall 0.8899, precise 0.9581, f1 0.9222
2020-12-01 15:59:02 - event_type_train.py[line:116] - INFO: -----eval----
2020-12-01 15:59:23 - event_type_train.py[line:93] - INFO: epoch 19, step 4400, loss 2.0943, recall 0.9474, precise 1.0000, f1 0.9730
2020-12-01 15:59:49 - event_type_train.py[line:93] - INFO: epoch 19, step 4440, loss 2.1868, recall 0.8966, precise 0.9811, f1 0.9369
2020-12-01 16:00:15 - event_type_train.py[line:93] - INFO: epoch 19, step 4480, loss 2.2133, recall 0.9298, precise 0.9636, f1 0.9464
2020-12-01 16:00:41 - event_type_train.py[line:93] - INFO: epoch 19, step 4520, loss 2.1662, recall 0.9000, precise 0.9818, f1 0.9391
2020-12-01 16:01:07 - event_type_train.py[line:93] - INFO: epoch 19, step 4560, loss 2.0233, recall 0.9138, precise 1.0000, f1 0.9550
2020-12-01 16:01:32 - event_type_train.py[line:93] - INFO: epoch 19, step 4600, loss 2.0677, recall 0.9074, precise 0.9423, f1 0.9245
2020-12-01 16:01:39 - event_type_train.py[line:114] - INFO: -----eval----
2020-12-01 16:01:39 - event_type_train.py[line:115] - INFO: epoch 19, step 4600, loss 2.0677, recall 0.8933, precise 0.9602, f1 0.9249
2020-12-01 16:01:39 - event_type_train.py[line:116] - INFO: -----eval----
2020-12-01 16:02:07 - event_type_train.py[line:93] - INFO: epoch 20, step 4640, loss 2.0853, recall 0.9444, precise 0.9808, f1 0.9623
2020-12-01 16:02:32 - event_type_train.py[line:93] - INFO: epoch 20, step 4680, loss 2.0213, recall 0.9815, precise 0.9815, f1 0.9815
2020-12-01 16:02:58 - event_type_train.py[line:93] - INFO: epoch 20, step 4720, loss 2.0697, recall 0.9649, precise 0.9649, f1 0.9649
2020-12-01 16:03:24 - event_type_train.py[line:93] - INFO: epoch 20, step 4760, loss 2.0791, recall 0.8387, precise 0.9811, f1 0.9043
2020-12-01 16:03:50 - event_type_train.py[line:93] - INFO: epoch 20, step 4800, loss 2.0685, recall 0.9273, precise 0.9444, f1 0.9358
