2020-11-30 18:52:30 - configuration_utils.py[line:281] - INFO: loading configuration file ./pretrained_model/chinese_roberta_wwm_ext\config.json
2020-11-30 18:52:30 - configuration_utils.py[line:319] - INFO: Model config BertConfig {
  "_num_labels": 2,
  "architectures": [
    "BertForMaskedLM"
  ],
  "attention_probs_dropout_prob": 0.1,
  "bad_words_ids": null,
  "bos_token_id": 0,
  "decoder_start_token_id": null,
  "directionality": "bidi",
  "do_sample": false,
  "early_stopping": false,
  "eos_token_id": 2,
  "finetuning_task": null,
  "hidden_act": "gelu",
  "hidden_dropout_prob": 0.1,
  "hidden_size": 768,
  "id2label": {
    "0": "LABEL_0",
    "1": "LABEL_1"
  },
  "initializer_range": 0.02,
  "intermediate_size": 3072,
  "is_decoder": false,
  "is_encoder_decoder": false,
  "label2id": {
    "LABEL_0": 0,
    "LABEL_1": 1
  },
  "layer_norm_eps": 1e-12,
  "length_penalty": 1.0,
  "max_length": 20,
  "max_position_embeddings": 512,
  "min_length": 0,
  "model_type": "bert",
  "no_repeat_ngram_size": 0,
  "num_attention_heads": 12,
  "num_beams": 1,
  "num_hidden_layers": 12,
  "num_return_sequences": 1,
  "output_attentions": false,
  "output_hidden_states": false,
  "output_past": true,
  "pad_token_id": 1,
  "pooler_fc_size": 768,
  "pooler_num_attention_heads": 12,
  "pooler_num_fc_layers": 3,
  "pooler_size_per_head": 128,
  "pooler_type": "first_token_transform",
  "prefix": null,
  "pruned_heads": {},
  "repetition_penalty": 1.0,
  "task_specific_params": null,
  "temperature": 1.0,
  "top_k": 50,
  "top_p": 1.0,
  "torchscript": false,
  "type_vocab_size": 2,
  "use_bfloat16": false,
  "vocab_size": 21128
}

2020-11-30 18:52:30 - modeling_utils.py[line:505] - INFO: loading weights file ./pretrained_model/chinese_roberta_wwm_ext\pytorch_model.bin
2020-11-30 18:52:48 - role_extract_train.py[line:97] - INFO: epoch 0, step 20, loss 1.3165, start_recall 0.2373, start_precise 0.0039, start_f1 0.0076, end_recall 0.0169, end_precise 0.0018, end_f1 0.0032
2020-11-30 18:53:02 - role_extract_train.py[line:97] - INFO: epoch 0, step 40, loss 0.8189, start_recall 0.0526, start_precise 0.0016, start_f1 0.0031, end_recall 0.0175, end_precise 0.0052, end_f1 0.0080
2020-11-30 18:53:15 - role_extract_train.py[line:97] - INFO: epoch 0, step 60, loss 0.4780, start_recall 0.0345, start_precise 0.0076, start_f1 0.0125, end_recall 0.0000, end_precise 0.0000, end_f1 nan
2020-11-30 18:53:28 - role_extract_train.py[line:97] - INFO: epoch 0, step 80, loss 0.2419, start_recall 0.0000, start_precise 0.0000, start_f1 nan, end_recall 0.0000, end_precise 0.0000, end_f1 nan
2020-11-30 18:53:42 - role_extract_train.py[line:97] - INFO: epoch 0, step 100, loss 0.0960, start_recall 0.0000, start_precise 0.0000, start_f1 nan, end_recall 0.0000, end_precise 0.0000, end_f1 nan
2020-11-30 18:53:55 - role_extract_train.py[line:97] - INFO: epoch 0, step 120, loss 0.1023, start_recall 0.0000, start_precise 0.0000, start_f1 nan, end_recall 0.0000, end_precise nan, end_f1 nan
2020-11-30 18:54:08 - role_extract_train.py[line:97] - INFO: epoch 0, step 140, loss 0.1012, start_recall 0.0000, start_precise 0.0000, start_f1 nan, end_recall 0.0000, end_precise nan, end_f1 nan
2020-11-30 18:54:22 - role_extract_train.py[line:97] - INFO: epoch 0, step 160, loss 0.0953, start_recall 0.0000, start_precise 0.0000, start_f1 nan, end_recall 0.0000, end_precise nan, end_f1 nan
2020-11-30 18:54:35 - role_extract_train.py[line:97] - INFO: epoch 0, step 180, loss 0.0875, start_recall 0.0000, start_precise 0.0000, start_f1 nan, end_recall 0.0000, end_precise nan, end_f1 nan
2020-11-30 18:54:49 - role_extract_train.py[line:97] - INFO: epoch 0, step 200, loss 0.0066, start_recall 0.0000, start_precise 0.0000, start_f1 nan, end_recall 0.0000, end_precise nan, end_f1 nan
2020-11-30 18:55:02 - role_extract_train.py[line:97] - INFO: epoch 0, step 220, loss 0.0096, start_recall 0.0000, start_precise 0.0000, start_f1 nan, end_recall 0.0000, end_precise nan, end_f1 nan
2020-11-30 18:55:16 - role_extract_train.py[line:97] - INFO: epoch 0, step 240, loss 0.2030, start_recall 0.0000, start_precise nan, start_f1 nan, end_recall 0.0000, end_precise nan, end_f1 nan
2020-11-30 18:55:29 - role_extract_train.py[line:97] - INFO: epoch 0, step 260, loss 0.0579, start_recall 0.0000, start_precise 0.0000, start_f1 nan, end_recall 0.0000, end_precise nan, end_f1 nan
2020-11-30 18:55:43 - role_extract_train.py[line:97] - INFO: epoch 0, step 280, loss 0.0634, start_recall 0.0000, start_precise 0.0000, start_f1 nan, end_recall 0.0000, end_precise nan, end_f1 nan
2020-11-30 18:55:56 - role_extract_train.py[line:97] - INFO: epoch 0, step 300, loss 0.0708, start_recall 0.0000, start_precise 0.0000, start_f1 nan, end_recall 0.0000, end_precise nan, end_f1 nan
2020-11-30 18:56:10 - role_extract_train.py[line:97] - INFO: epoch 0, step 320, loss 0.0074, start_recall 0.0000, start_precise 0.0000, start_f1 nan, end_recall 0.0000, end_precise nan, end_f1 nan
2020-11-30 18:56:23 - role_extract_train.py[line:97] - INFO: epoch 0, step 340, loss 0.0050, start_recall 0.0000, start_precise 0.0000, start_f1 nan, end_recall 0.0000, end_precise nan, end_f1 nan
2020-11-30 18:56:37 - role_extract_train.py[line:97] - INFO: epoch 0, step 360, loss 0.1793, start_recall 0.0000, start_precise 0.0000, start_f1 nan, end_recall 0.0000, end_precise nan, end_f1 nan
2020-11-30 18:56:50 - role_extract_train.py[line:97] - INFO: epoch 0, step 380, loss 0.1189, start_recall 0.0000, start_precise 0.0000, start_f1 nan, end_recall 0.0000, end_precise nan, end_f1 nan
2020-11-30 18:57:04 - role_extract_train.py[line:97] - INFO: epoch 0, step 400, loss 0.0069, start_recall 0.0000, start_precise 0.0000, start_f1 nan, end_recall 0.0000, end_precise nan, end_f1 nan
2020-11-30 18:57:17 - role_extract_train.py[line:97] - INFO: epoch 0, step 420, loss 0.0041, start_recall 0.0000, start_precise 0.0000, start_f1 nan, end_recall 0.0000, end_precise nan, end_f1 nan
2020-11-30 18:57:31 - role_extract_train.py[line:97] - INFO: epoch 0, step 440, loss 0.0059, start_recall 0.0000, start_precise 0.0000, start_f1 nan, end_recall 0.0000, end_precise nan, end_f1 nan
2020-11-30 18:57:44 - role_extract_train.py[line:97] - INFO: epoch 0, step 460, loss 0.0080, start_recall 0.0000, start_precise 0.0000, start_f1 nan, end_recall 0.0000, end_precise nan, end_f1 nan
2020-11-30 18:57:58 - role_extract_train.py[line:97] - INFO: epoch 0, step 480, loss 0.0029, start_recall 0.0000, start_precise nan, start_f1 nan, end_recall 0.0000, end_precise nan, end_f1 nan
2020-11-30 18:58:11 - role_extract_train.py[line:97] - INFO: epoch 0, step 500, loss 0.0697, start_recall 0.0000, start_precise 0.0000, start_f1 nan, end_recall 0.0000, end_precise nan, end_f1 nan
2020-11-30 18:58:26 - role_extract_train.py[line:137] - INFO: -----eval----
2020-11-30 18:58:26 - role_extract_train.py[line:139] - INFO: epoch 0, step 502, loss 0.0109, start_recall 0.0000, start_precise nan, start_f1 nan, end_recall 0.0000, end_precise nan, end_f1 nan
2020-11-30 18:58:26 - role_extract_train.py[line:140] - INFO: -----eval----
2020-11-30 18:58:41 - role_extract_train.py[line:97] - INFO: epoch 1, step 520, loss 0.1377, start_recall 0.0000, start_precise 0.0000, start_f1 nan, end_recall 0.0000, end_precise nan, end_f1 nan
2020-11-30 18:58:54 - role_extract_train.py[line:97] - INFO: epoch 1, step 540, loss 0.0538, start_recall 0.0000, start_precise 0.0000, start_f1 nan, end_recall 0.0000, end_precise nan, end_f1 nan
