2020-12-01 13:56:25 - configuration_utils.py[line:281] - INFO: loading configuration file ./pretrained_model/chinese_roberta_wwm_ext\config.json
2020-12-01 13:56:25 - configuration_utils.py[line:319] - INFO: Model config BertConfig {
  "_num_labels": 2,
  "architectures": [
    "BertForMaskedLM"
  ],
  "attention_probs_dropout_prob": 0.1,
  "bad_words_ids": null,
  "bos_token_id": 0,
  "decoder_start_token_id": null,
  "directionality": "bidi",
  "do_sample": false,
  "early_stopping": false,
  "eos_token_id": 2,
  "finetuning_task": null,
  "hidden_act": "gelu",
  "hidden_dropout_prob": 0.1,
  "hidden_size": 768,
  "id2label": {
    "0": "LABEL_0",
    "1": "LABEL_1"
  },
  "initializer_range": 0.02,
  "intermediate_size": 3072,
  "is_decoder": false,
  "is_encoder_decoder": false,
  "label2id": {
    "LABEL_0": 0,
    "LABEL_1": 1
  },
  "layer_norm_eps": 1e-12,
  "length_penalty": 1.0,
  "max_length": 20,
  "max_position_embeddings": 512,
  "min_length": 0,
  "model_type": "bert",
  "no_repeat_ngram_size": 0,
  "num_attention_heads": 12,
  "num_beams": 1,
  "num_hidden_layers": 12,
  "num_return_sequences": 1,
  "output_attentions": false,
  "output_hidden_states": false,
  "output_past": true,
  "pad_token_id": 1,
  "pooler_fc_size": 768,
  "pooler_num_attention_heads": 12,
  "pooler_num_fc_layers": 3,
  "pooler_size_per_head": 128,
  "pooler_type": "first_token_transform",
  "prefix": null,
  "pruned_heads": {},
  "repetition_penalty": 1.0,
  "task_specific_params": null,
  "temperature": 1.0,
  "top_k": 50,
  "top_p": 1.0,
  "torchscript": false,
  "type_vocab_size": 2,
  "use_bfloat16": false,
  "vocab_size": 21128
}

2020-12-01 13:56:25 - modeling_utils.py[line:505] - INFO: loading weights file ./pretrained_model/chinese_roberta_wwm_ext\pytorch_model.bin
2020-12-01 13:56:55 - event_type_train.py[line:93] - INFO: epoch 0, step 40, loss 11.1678, recall 0.6034, precise 0.0194, f1 0.0376
2020-12-01 13:57:21 - event_type_train.py[line:93] - INFO: epoch 0, step 80, loss 9.4042, recall 0.7593, precise 0.0197, f1 0.0384
2020-12-01 13:57:47 - event_type_train.py[line:93] - INFO: epoch 0, step 120, loss 8.0861, recall 0.9643, precise 0.0227, f1 0.0443
2020-12-01 13:58:13 - event_type_train.py[line:93] - INFO: epoch 0, step 160, loss 7.1328, recall 0.9833, precise 0.0243, f1 0.0474
2020-12-01 13:58:39 - event_type_train.py[line:93] - INFO: epoch 0, step 200, loss 6.1330, recall 1.0000, precise 0.0239, f1 0.0468
2020-12-01 13:59:05 - event_type_train.py[line:114] - INFO: -----eval----
2020-12-01 13:59:05 - event_type_train.py[line:115] - INFO: epoch 0, step 230, loss 5.8416, recall 0.9958, precise 0.0265, f1 0.0517
2020-12-01 13:59:05 - event_type_train.py[line:116] - INFO: -----eval----
2020-12-01 13:59:14 - event_type_train.py[line:93] - INFO: epoch 1, step 240, loss 5.6472, recall 1.0000, precise 0.0275, f1 0.0536
2020-12-01 13:59:40 - event_type_train.py[line:93] - INFO: epoch 1, step 280, loss 5.1886, recall 1.0000, precise 0.0335, f1 0.0648
2020-12-01 14:00:07 - event_type_train.py[line:93] - INFO: epoch 1, step 320, loss 5.1209, recall 1.0000, precise 0.0372, f1 0.0717
2020-12-01 14:00:33 - event_type_train.py[line:93] - INFO: epoch 1, step 360, loss 4.7564, recall 1.0000, precise 0.0384, f1 0.0740
2020-12-01 14:00:59 - event_type_train.py[line:93] - INFO: epoch 1, step 400, loss 4.7492, recall 1.0000, precise 0.0477, f1 0.0910
2020-12-01 14:01:25 - event_type_train.py[line:93] - INFO: epoch 1, step 440, loss 4.8676, recall 0.9831, precise 0.0523, f1 0.0992
2020-12-01 14:01:45 - event_type_train.py[line:114] - INFO: -----eval----
2020-12-01 14:01:45 - event_type_train.py[line:115] - INFO: epoch 1, step 460, loss 4.5020, recall 0.9994, precise 0.0579, f1 0.1094
2020-12-01 14:01:45 - event_type_train.py[line:116] - INFO: -----eval----
2020-12-01 14:02:00 - event_type_train.py[line:93] - INFO: epoch 2, step 480, loss 4.5940, recall 1.0000, precise 0.0609, f1 0.1147
2020-12-01 14:02:26 - event_type_train.py[line:93] - INFO: epoch 2, step 520, loss 4.4074, recall 1.0000, precise 0.0702, f1 0.1313
