2020-12-02 10:39:39 - configuration_utils.py[line:281] - INFO: loading configuration file ./pretrained_model/chinese_roberta_wwm_ext\config.json
2020-12-02 10:39:39 - configuration_utils.py[line:319] - INFO: Model config BertConfig {
  "_num_labels": 2,
  "architectures": [
    "BertForMaskedLM"
  ],
  "attention_probs_dropout_prob": 0.1,
  "bad_words_ids": null,
  "bos_token_id": 0,
  "decoder_start_token_id": null,
  "directionality": "bidi",
  "do_sample": false,
  "early_stopping": false,
  "eos_token_id": 2,
  "finetuning_task": null,
  "hidden_act": "gelu",
  "hidden_dropout_prob": 0.1,
  "hidden_size": 768,
  "id2label": {
    "0": "LABEL_0",
    "1": "LABEL_1"
  },
  "initializer_range": 0.02,
  "intermediate_size": 3072,
  "is_decoder": false,
  "is_encoder_decoder": false,
  "label2id": {
    "LABEL_0": 0,
    "LABEL_1": 1
  },
  "layer_norm_eps": 1e-12,
  "length_penalty": 1.0,
  "max_length": 20,
  "max_position_embeddings": 512,
  "min_length": 0,
  "model_type": "bert",
  "no_repeat_ngram_size": 0,
  "num_attention_heads": 12,
  "num_beams": 1,
  "num_hidden_layers": 12,
  "num_return_sequences": 1,
  "output_attentions": false,
  "output_hidden_states": false,
  "output_past": true,
  "pad_token_id": 1,
  "pooler_fc_size": 768,
  "pooler_num_attention_heads": 12,
  "pooler_num_fc_layers": 3,
  "pooler_size_per_head": 128,
  "pooler_type": "first_token_transform",
  "prefix": null,
  "pruned_heads": {},
  "repetition_penalty": 1.0,
  "task_specific_params": null,
  "temperature": 1.0,
  "top_k": 50,
  "top_p": 1.0,
  "torchscript": false,
  "type_vocab_size": 2,
  "use_bfloat16": false,
  "vocab_size": 21128
}

2020-12-02 10:39:39 - modeling_utils.py[line:505] - INFO: loading weights file ./pretrained_model/chinese_roberta_wwm_ext\pytorch_model.bin
2020-12-02 10:40:50 - train.py[line:97] - INFO: epoch 0, step 100, loss 14.6487, start_recall 0.0000, start_precise nan, start_f1 nan, end_recall 0.0000, end_precise nan, end_f1 nan
2020-12-02 10:41:58 - train.py[line:97] - INFO: epoch 0, step 200, loss 5.9495, start_recall 0.0179, start_precise 0.1429, start_f1 0.0317, end_recall 0.1786, end_precise 0.7692, end_f1 0.2899
2020-12-02 10:43:06 - train.py[line:97] - INFO: epoch 0, step 300, loss 3.3907, start_recall 0.5556, start_precise 0.5455, start_f1 0.5505, end_recall 0.7222, end_precise 0.7358, end_f1 0.7290
2020-12-02 10:44:14 - train.py[line:97] - INFO: epoch 0, step 400, loss 1.8740, start_recall 0.7273, start_precise 0.8511, start_f1 0.7843, end_recall 0.7593, end_precise 0.8723, end_f1 0.8119
2020-12-02 10:45:21 - train.py[line:97] - INFO: epoch 0, step 500, loss 1.8475, start_recall 0.7895, start_precise 0.8491, start_f1 0.8182, end_recall 0.7719, end_precise 0.8302, end_f1 0.8000
2020-12-02 10:45:37 - train.py[line:136] - INFO: -----eval----
2020-12-02 10:45:37 - train.py[line:138] - INFO: epoch 0, step 502, loss 2.3826, start_recall 0.7139, start_precise 0.8308, start_f1 0.7667, end_recall 0.7713, end_precise 0.8288, end_f1 0.7980
2020-12-02 10:45:37 - train.py[line:139] - INFO: -----eval----
2020-12-02 10:46:45 - train.py[line:97] - INFO: epoch 1, step 600, loss 2.8434, start_recall 0.8167, start_precise 0.7313, start_f1 0.7717, end_recall 0.8000, end_precise 0.7273, end_f1 0.7619
2020-12-02 10:47:53 - train.py[line:97] - INFO: epoch 1, step 700, loss 1.4446, start_recall 0.8269, start_precise 0.9773, start_f1 0.8958, end_recall 0.8846, end_precise 0.9388, end_f1 0.9109
2020-12-02 10:49:00 - train.py[line:97] - INFO: epoch 1, step 800, loss 1.6503, start_recall 0.8333, start_precise 0.8654, start_f1 0.8491, end_recall 0.7963, end_precise 0.8431, end_f1 0.8190
2020-12-02 10:50:08 - train.py[line:97] - INFO: epoch 1, step 900, loss 2.2075, start_recall 0.8214, start_precise 0.8364, start_f1 0.8288, end_recall 0.8750, end_precise 0.8750, end_f1 0.8750
2020-12-02 10:51:15 - train.py[line:97] - INFO: epoch 1, step 1000, loss 1.2661, start_recall 0.7818, start_precise 0.9348, start_f1 0.8515, end_recall 0.8727, end_precise 0.8571, end_f1 0.8649
2020-12-02 10:51:32 - train.py[line:136] - INFO: -----eval----
2020-12-02 10:51:32 - train.py[line:138] - INFO: epoch 1, step 1004, loss 2.0040, start_recall 0.8393, start_precise 0.8561, start_f1 0.8469, end_recall 0.8556, end_precise 0.8787, end_f1 0.8662
2020-12-02 10:51:32 - train.py[line:139] - INFO: -----eval----
2020-12-02 10:52:38 - train.py[line:97] - INFO: epoch 2, step 1100, loss 1.5036, start_recall 0.8148, start_precise 0.8302, start_f1 0.8224, end_recall 0.9074, end_precise 0.9423, end_f1 0.9245
2020-12-02 10:53:46 - train.py[line:97] - INFO: epoch 2, step 1200, loss 1.2776, start_recall 0.8596, start_precise 0.8909, start_f1 0.8750, end_recall 0.9298, end_precise 0.8833, end_f1 0.9060
2020-12-02 10:54:53 - train.py[line:97] - INFO: epoch 2, step 1300, loss 0.9268, start_recall 0.9000, start_precise 0.9000, start_f1 0.9000, end_recall 0.9000, end_precise 0.9310, end_f1 0.9153
2020-12-02 10:56:01 - train.py[line:97] - INFO: epoch 2, step 1400, loss 1.0151, start_recall 0.8302, start_precise 0.9167, start_f1 0.8713, end_recall 0.9057, end_precise 0.9231, end_f1 0.9143
2020-12-02 10:57:08 - train.py[line:97] - INFO: epoch 2, step 1500, loss 1.1831, start_recall 0.8475, start_precise 0.9091, start_f1 0.8772, end_recall 0.8644, end_precise 0.9623, end_f1 0.9107
2020-12-02 10:57:26 - train.py[line:136] - INFO: -----eval----
2020-12-02 10:57:26 - train.py[line:138] - INFO: epoch 2, step 1506, loss 1.8137, start_recall 0.8220, start_precise 0.8733, start_f1 0.8462, end_recall 0.8565, end_precise 0.8844, end_f1 0.8696
2020-12-02 10:57:26 - train.py[line:139] - INFO: -----eval----
2020-12-02 10:58:32 - train.py[line:97] - INFO: epoch 3, step 1600, loss 1.0775, start_recall 0.9273, start_precise 0.9273, start_f1 0.9273, end_recall 0.9455, end_precise 0.9123, end_f1 0.9286
2020-12-02 10:59:39 - train.py[line:97] - INFO: epoch 3, step 1700, loss 1.2692, start_recall 0.8519, start_precise 0.9020, start_f1 0.8762, end_recall 0.8889, end_precise 0.9231, end_f1 0.9057
2020-12-02 11:00:47 - train.py[line:97] - INFO: epoch 3, step 1800, loss 0.4624, start_recall 0.9643, start_precise 0.9818, start_f1 0.9730, end_recall 0.9107, end_precise 0.9444, end_f1 0.9273
2020-12-02 11:05:55 - train.py[line:97] - INFO: epoch 3, step 1900, loss 0.5976, start_recall 0.9464, start_precise 0.9815, start_f1 0.9636, end_recall 0.9643, end_precise 0.9310, end_f1 0.9474
2020-12-02 11:07:03 - train.py[line:97] - INFO: epoch 3, step 2000, loss 0.5734, start_recall 0.9286, start_precise 0.9123, start_f1 0.9204, end_recall 1.0000, end_precise 0.9655, end_f1 0.9825
2020-12-02 11:07:22 - train.py[line:136] - INFO: -----eval----
2020-12-02 11:07:22 - train.py[line:138] - INFO: epoch 3, step 2008, loss 0.9661, start_recall 0.8385, start_precise 0.8563, start_f1 0.8469, end_recall 0.8656, end_precise 0.8711, end_f1 0.8679
2020-12-02 11:07:22 - train.py[line:139] - INFO: -----eval----
2020-12-02 11:08:26 - train.py[line:97] - INFO: epoch 4, step 2100, loss 0.4019, start_recall 0.9649, start_precise 0.9322, start_f1 0.9483, end_recall 0.9649, end_precise 1.0000, end_f1 0.9821
2020-12-02 11:09:34 - train.py[line:97] - INFO: epoch 4, step 2200, loss 0.4588, start_recall 0.9667, start_precise 0.9831, start_f1 0.9748, end_recall 0.9500, end_precise 0.9661, end_f1 0.9580
2020-12-02 11:10:42 - train.py[line:97] - INFO: epoch 4, step 2300, loss 0.2360, start_recall 0.9815, start_precise 0.9636, start_f1 0.9725, end_recall 0.9444, end_precise 0.9808, end_f1 0.9623
2020-12-02 11:11:49 - train.py[line:97] - INFO: epoch 4, step 2400, loss 0.2197, start_recall 0.9444, start_precise 0.9623, start_f1 0.9533, end_recall 0.9630, end_precise 1.0000, end_f1 0.9811
2020-12-02 11:12:57 - train.py[line:97] - INFO: epoch 4, step 2500, loss 0.3707, start_recall 0.9630, start_precise 0.9630, start_f1 0.9630, end_recall 0.9815, end_precise 0.9636, end_f1 0.9725
2020-12-02 11:13:18 - train.py[line:136] - INFO: -----eval----
2020-12-02 11:13:18 - train.py[line:138] - INFO: epoch 4, step 2510, loss 0.9347, start_recall 0.8451, start_precise 0.8544, start_f1 0.8492, end_recall 0.8621, end_precise 0.8751, end_f1 0.8679
2020-12-02 11:13:18 - train.py[line:139] - INFO: -----eval----
2020-12-02 11:14:20 - train.py[line:97] - INFO: epoch 5, step 2600, loss 0.2277, start_recall 0.9655, start_precise 1.0000, start_f1 0.9825, end_recall 0.9483, end_precise 0.9821, end_f1 0.9649
2020-12-02 11:15:28 - train.py[line:97] - INFO: epoch 5, step 2700, loss 0.2160, start_recall 0.9818, start_precise 0.9818, start_f1 0.9818, end_recall 1.0000, end_precise 0.9821, end_f1 0.9910
2020-12-02 11:16:35 - train.py[line:97] - INFO: epoch 5, step 2800, loss 1.2192, start_recall 0.8955, start_precise 0.9677, start_f1 0.9302, end_recall 0.9104, end_precise 0.9531, end_f1 0.9313
2020-12-02 11:17:43 - train.py[line:97] - INFO: epoch 5, step 2900, loss 0.3179, start_recall 0.9623, start_precise 0.9623, start_f1 0.9623, end_recall 1.0000, end_precise 0.9636, end_f1 0.9815
2020-12-02 11:18:51 - train.py[line:97] - INFO: epoch 5, step 3000, loss 0.0537, start_recall 1.0000, start_precise 0.9815, start_f1 0.9907, end_recall 1.0000, end_precise 1.0000, end_f1 1.0000
2020-12-02 11:19:13 - train.py[line:136] - INFO: -----eval----
2020-12-02 11:19:13 - train.py[line:138] - INFO: epoch 5, step 3012, loss 0.5849, start_recall 0.8518, start_precise 0.8446, start_f1 0.8477, end_recall 0.8697, end_precise 0.8733, end_f1 0.8711
2020-12-02 11:19:13 - train.py[line:139] - INFO: -----eval----
2020-12-02 11:20:14 - train.py[line:97] - INFO: epoch 6, step 3100, loss 0.1851, start_recall 0.9643, start_precise 0.9818, start_f1 0.9730, end_recall 0.9643, end_precise 0.9818, end_f1 0.9730
