2020-12-06 13:48:32 - train.py[line:110] - INFO: epoch 0, step 100, loss 8268.4277, start_recall 0.5128, start_precise 0.0119, start_f1 0.0233, end_recall 0.7692, end_precise 0.0142, end_f1 0.0278, span_f1 0.0002, flag_f1 0.5000
2020-12-06 13:48:58 - train.py[line:110] - INFO: epoch 0, step 200, loss 5342.6582, start_recall 0.5333, start_precise 0.0118, start_f1 0.0232, end_recall 0.7333, end_precise 0.0124, end_f1 0.0243, span_f1 nan, flag_f1 0.4167
2020-12-06 13:49:23 - train.py[line:110] - INFO: epoch 0, step 300, loss 2143.6638, start_recall 0.3462, start_precise 0.0079, start_f1 0.0155, end_recall 0.5385, end_precise 0.0095, end_f1 0.0188, span_f1 nan, flag_f1 0.6042
2020-12-06 13:49:48 - train.py[line:110] - INFO: epoch 0, step 400, loss 538.8922, start_recall 0.2333, start_precise 0.0068, start_f1 0.0133, end_recall 0.6667, end_precise 0.0098, end_f1 0.0194, span_f1 nan, flag_f1 0.5833
2020-12-06 13:50:14 - train.py[line:110] - INFO: epoch 0, step 500, loss 50.1415, start_recall 0.0000, start_precise 0.0000, start_f1 nan, end_recall 0.0000, end_precise 0.0000, end_f1 nan, span_f1 nan, flag_f1 0.5417
2020-12-06 13:50:39 - train.py[line:110] - INFO: epoch 0, step 600, loss 14.4381, start_recall 0.0000, start_precise 0.0000, start_f1 nan, end_recall 0.0000, end_precise 0.0000, end_f1 nan, span_f1 nan, flag_f1 0.5625
2020-12-06 13:51:04 - train.py[line:110] - INFO: epoch 0, step 700, loss 9.1186, start_recall 0.0000, start_precise 0.0000, start_f1 nan, end_recall 0.0000, end_precise 0.0000, end_f1 nan, span_f1 nan, flag_f1 0.7500
2020-12-06 13:51:30 - train.py[line:110] - INFO: epoch 0, step 800, loss 9.9966, start_recall 0.0000, start_precise 0.0000, start_f1 nan, end_recall 0.0000, end_precise 0.0000, end_f1 nan, span_f1 nan, flag_f1 0.6875
2020-12-06 13:51:55 - train.py[line:110] - INFO: epoch 0, step 900, loss 6.8592, start_recall 0.0000, start_precise 0.0000, start_f1 nan, end_recall 0.0938, end_precise 0.7500, end_f1 0.1667, span_f1 nan, flag_f1 0.6875
2020-12-06 13:52:15 - train.py[line:164] - INFO: -----eval----
2020-12-06 13:52:15 - train.py[line:166] - INFO: epoch 0, step 941, loss 8.8858, start_recall 0.0876, start_precise 0.5290, start_f1 nan, end_recall 0.2384, end_precise 0.5966, end_f1 0.3348, span_f1 nan,flag_f10.7275
2020-12-06 13:52:15 - train.py[line:167] - INFO: -----eval----
2020-12-06 13:52:31 - train.py[line:110] - INFO: epoch 1, step 1000, loss 7.2775, start_recall 0.0882, start_precise 0.5000, start_f1 0.1500, end_recall 0.1471, end_precise 0.5000, end_f1 0.2273, span_f1 nan, flag_f1 0.7708
2020-12-06 13:52:57 - train.py[line:110] - INFO: epoch 1, step 1100, loss 5.3298, start_recall 0.3571, start_precise 0.5882, start_f1 0.4444, end_recall 0.4643, end_precise 0.6190, end_f1 0.5306, span_f1 nan, flag_f1 0.6458
2020-12-06 13:53:22 - train.py[line:110] - INFO: epoch 1, step 1200, loss 6.5197, start_recall 0.2647, start_precise 0.7500, start_f1 0.3913, end_recall 0.3235, end_precise 0.6471, end_f1 0.4314, span_f1 nan, flag_f1 0.7708
2020-12-06 13:53:48 - train.py[line:110] - INFO: epoch 1, step 1300, loss 4.6602, start_recall 0.4062, start_precise 0.6842, start_f1 0.5098, end_recall 0.6875, end_precise 0.6471, end_f1 0.6667, span_f1 nan, flag_f1 0.7708
2020-12-06 13:54:14 - train.py[line:110] - INFO: epoch 1, step 1400, loss 4.4044, start_recall 0.4839, start_precise 0.7143, start_f1 0.5769, end_recall 0.7097, end_precise 0.7097, end_f1 0.7097, span_f1 nan, flag_f1 0.6458
2020-12-06 13:54:40 - train.py[line:110] - INFO: epoch 1, step 1500, loss 4.5707, start_recall 0.3333, start_precise 0.5455, start_f1 0.4138, end_recall 0.4444, end_precise 0.4444, end_f1 0.4444, span_f1 nan, flag_f1 0.7500
2020-12-06 13:55:05 - train.py[line:110] - INFO: epoch 1, step 1600, loss 4.3385, start_recall 0.5667, start_precise 0.6296, start_f1 0.5965, end_recall 0.6667, end_precise 0.7407, end_f1 0.7018, span_f1 nan, flag_f1 0.7500
2020-12-06 13:55:31 - train.py[line:110] - INFO: epoch 1, step 1700, loss 4.1781, start_recall 0.5926, start_precise 0.6154, start_f1 0.6038, end_recall 0.5926, end_precise 0.5714, end_f1 0.5818, span_f1 nan, flag_f1 0.7292
2020-12-06 13:55:57 - train.py[line:110] - INFO: epoch 1, step 1800, loss 4.0248, start_recall 0.5769, start_precise 0.5172, start_f1 0.5455, end_recall 0.6154, end_precise 0.5517, end_f1 0.5818, span_f1 0.1429, flag_f1 0.6875
2020-12-06 13:56:28 - train.py[line:164] - INFO: -----eval----
2020-12-06 13:56:28 - train.py[line:166] - INFO: epoch 1, step 1882, loss 4.3287, start_recall 0.5601, start_precise 0.6851, start_f1 0.6123, end_recall 0.6411, end_precise 0.7095, end_f1 0.6695, span_f1 0.3316,flag_f10.8153
2020-12-06 13:56:28 - train.py[line:167] - INFO: -----eval----
2020-12-06 13:56:36 - train.py[line:110] - INFO: epoch 2, step 1900, loss 3.8445, start_recall 0.5769, start_precise 0.6250, start_f1 0.6000, end_recall 0.5769, end_precise 0.5556, end_f1 0.5660, span_f1 nan, flag_f1 0.8125
2020-12-06 13:57:02 - train.py[line:110] - INFO: epoch 2, step 2000, loss 3.5130, start_recall 0.6154, start_precise 0.6667, start_f1 0.6400, end_recall 0.5385, end_precise 0.6364, end_f1 0.5833, span_f1 0.0741, flag_f1 0.8125
2020-12-06 13:57:28 - train.py[line:110] - INFO: epoch 2, step 2100, loss 3.7050, start_recall 0.7000, start_precise 0.7241, start_f1 0.7119, end_recall 0.6000, end_precise 0.6207, end_f1 0.6102, span_f1 nan, flag_f1 0.9167
2020-12-06 13:57:53 - train.py[line:110] - INFO: epoch 2, step 2200, loss 4.0106, start_recall 0.6857, start_precise 0.7273, start_f1 0.7059, end_recall 0.6857, end_precise 0.7273, end_f1 0.7059, span_f1 nan, flag_f1 0.7917
2020-12-06 13:58:19 - train.py[line:110] - INFO: epoch 2, step 2300, loss 3.4539, start_recall 0.5385, start_precise 0.7778, start_f1 0.6364, end_recall 0.6154, end_precise 0.6400, end_f1 0.6275, span_f1 nan, flag_f1 0.8333
2020-12-06 13:58:45 - train.py[line:110] - INFO: epoch 2, step 2400, loss 3.5183, start_recall 0.6071, start_precise 0.7083, start_f1 0.6538, end_recall 0.6786, end_precise 0.7600, end_f1 0.7170, span_f1 nan, flag_f1 0.7500
2020-12-06 13:59:11 - train.py[line:110] - INFO: epoch 2, step 2500, loss 3.1768, start_recall 0.7308, start_precise 0.7600, start_f1 0.7451, end_recall 0.8077, end_precise 0.7778, end_f1 0.7925, span_f1 0.2667, flag_f1 0.8542
2020-12-06 13:59:37 - train.py[line:110] - INFO: epoch 2, step 2600, loss 5.7485, start_recall 0.5476, start_precise 0.7667, start_f1 0.6389, end_recall 0.5000, end_precise 0.8077, end_f1 0.6176, span_f1 0.1333, flag_f1 0.8750
2020-12-06 14:00:02 - train.py[line:110] - INFO: epoch 2, step 2700, loss 2.9727, start_recall 0.6667, start_precise 0.7619, start_f1 0.7111, end_recall 0.7083, end_precise 0.8500, end_f1 0.7727, span_f1 0.2222, flag_f1 0.8333
2020-12-06 14:00:28 - train.py[line:110] - INFO: epoch 2, step 2800, loss 3.1709, start_recall 0.6667, start_precise 0.8800, start_f1 0.7586, end_recall 0.6970, end_precise 0.8846, end_f1 0.7797, span_f1 0.1622, flag_f1 0.7708
2020-12-06 14:00:44 - train.py[line:164] - INFO: -----eval----
2020-12-06 14:00:44 - train.py[line:166] - INFO: epoch 2, step 2823, loss 5.0972, start_recall 0.6149, start_precise 0.7456, start_f1 0.6703, end_recall 0.6725, end_precise 0.7679, end_f1 0.7136, span_f1 0.4773,flag_f10.8583
2020-12-06 14:00:44 - train.py[line:167] - INFO: -----eval----
2020-12-06 14:01:07 - train.py[line:110] - INFO: epoch 3, step 2900, loss 4.5735, start_recall 0.6296, start_precise 0.5667, start_f1 0.5965, end_recall 0.5926, end_precise 0.5714, end_f1 0.5818, span_f1 0.1935, flag_f1 0.8333
2020-12-06 14:01:33 - train.py[line:110] - INFO: epoch 3, step 3000, loss 2.5302, start_recall 0.6333, start_precise 0.7600, start_f1 0.6909, end_recall 0.8333, end_precise 0.8333, end_f1 0.8333, span_f1 0.1250, flag_f1 0.8125
2020-12-06 14:01:59 - train.py[line:110] - INFO: epoch 3, step 3100, loss 2.9978, start_recall 0.7083, start_precise 0.6071, start_f1 0.6538, end_recall 0.7500, end_precise 0.6429, end_f1 0.6923, span_f1 0.3333, flag_f1 0.8542
2020-12-06 14:02:25 - train.py[line:110] - INFO: epoch 3, step 3200, loss 2.8432, start_recall 0.8519, start_precise 0.7419, start_f1 0.7931, end_recall 0.5926, end_precise 0.8000, end_f1 0.6809, span_f1 0.2000, flag_f1 0.9167
2020-12-06 14:02:50 - train.py[line:110] - INFO: epoch 3, step 3300, loss 4.4404, start_recall 0.5476, start_precise 0.8846, start_f1 0.6765, end_recall 0.6429, end_precise 0.8438, end_f1 0.7297, span_f1 0.3462, flag_f1 0.9167
2020-12-06 14:03:16 - train.py[line:110] - INFO: epoch 3, step 3400, loss 2.6650, start_recall 0.7143, start_precise 0.7692, start_f1 0.7407, end_recall 0.7143, end_precise 0.8000, end_f1 0.7547, span_f1 0.2500, flag_f1 0.8125
2020-12-06 14:03:42 - train.py[line:110] - INFO: epoch 3, step 3500, loss 3.1641, start_recall 0.7353, start_precise 0.8929, start_f1 0.8065, end_recall 0.6765, end_precise 0.7931, end_f1 0.7302, span_f1 0.3000, flag_f1 0.8750
2020-12-06 14:04:08 - train.py[line:110] - INFO: epoch 3, step 3600, loss 2.7004, start_recall 0.6296, start_precise 0.8095, start_f1 0.7083, end_recall 0.6667, end_precise 0.7826, end_f1 0.7200, span_f1 0.1379, flag_f1 0.9167
2020-12-06 14:04:34 - train.py[line:110] - INFO: epoch 3, step 3700, loss 2.6178, start_recall 0.8148, start_precise 0.7333, start_f1 0.7719, end_recall 0.7778, end_precise 0.7778, end_f1 0.7778, span_f1 0.2581, flag_f1 0.8333
2020-12-06 14:05:00 - train.py[line:164] - INFO: -----eval----
2020-12-06 14:05:00 - train.py[line:166] - INFO: epoch 3, step 3764, loss 5.3036, start_recall 0.6860, start_precise 0.7423, start_f1 0.7098, end_recall 0.7274, end_precise 0.7632, end_f1 0.7417, span_f1 0.5779,flag_f10.8773
2020-12-06 14:05:00 - train.py[line:167] - INFO: -----eval----
2020-12-06 14:05:13 - train.py[line:110] - INFO: epoch 4, step 3800, loss 2.8675, start_recall 0.6154, start_precise 0.6667, start_f1 0.6400, end_recall 0.6923, end_precise 0.6923, end_f1 0.6923, span_f1 0.3636, flag_f1 0.9167
2020-12-06 14:05:39 - train.py[line:110] - INFO: epoch 4, step 3900, loss 2.8623, start_recall 0.6765, start_precise 0.7931, start_f1 0.7302, end_recall 0.6471, end_precise 0.8800, end_f1 0.7458, span_f1 0.2564, flag_f1 0.8750
2020-12-06 14:06:04 - train.py[line:110] - INFO: epoch 4, step 4000, loss 2.8817, start_recall 0.5833, start_precise 0.8235, start_f1 0.6829, end_recall 0.6667, end_precise 0.7273, end_f1 0.6957, span_f1 0.4000, flag_f1 0.8125
2020-12-06 14:06:30 - train.py[line:110] - INFO: epoch 4, step 4100, loss 2.6672, start_recall 0.7500, start_precise 0.6250, start_f1 0.6818, end_recall 0.6500, end_precise 0.6190, end_f1 0.6341, span_f1 0.2400, flag_f1 0.8333
2020-12-06 14:06:56 - train.py[line:110] - INFO: epoch 4, step 4200, loss 1.7886, start_recall 0.8800, start_precise 0.8800, start_f1 0.8800, end_recall 0.9200, end_precise 0.7419, end_f1 0.8214, span_f1 0.4706, flag_f1 0.8958
2020-12-06 14:07:22 - train.py[line:110] - INFO: epoch 4, step 4300, loss 1.9905, start_recall 0.8800, start_precise 0.7857, start_f1 0.8302, end_recall 0.8000, end_precise 0.7407, end_f1 0.7692, span_f1 0.5294, flag_f1 0.9583
2020-12-06 14:07:47 - train.py[line:110] - INFO: epoch 4, step 4400, loss 3.3980, start_recall 0.6957, start_precise 0.5714, start_f1 0.6275, end_recall 0.7500, end_precise 0.6429, end_f1 0.6923, span_f1 0.5714, flag_f1 0.9375
2020-12-06 14:08:13 - train.py[line:110] - INFO: epoch 4, step 4500, loss 3.0076, start_recall 0.8182, start_precise 0.7941, start_f1 0.8060, end_recall 0.8788, end_precise 0.9062, end_f1 0.8923, span_f1 0.6792, flag_f1 0.8958
2020-12-06 14:08:39 - train.py[line:110] - INFO: epoch 4, step 4600, loss 2.5051, start_recall 0.7037, start_precise 0.8261, start_f1 0.7600, end_recall 0.7407, end_precise 0.8333, end_f1 0.7843, span_f1 0.4865, flag_f1 0.9167
2020-12-06 14:09:05 - train.py[line:110] - INFO: epoch 4, step 4700, loss 2.4143, start_recall 0.8261, start_precise 0.6786, start_f1 0.7451, end_recall 0.7826, end_precise 0.7500, end_f1 0.7660, span_f1 0.7027, flag_f1 0.9167
2020-12-06 14:09:16 - train.py[line:164] - INFO: -----eval----
2020-12-06 14:09:16 - train.py[line:166] - INFO: epoch 4, step 4705, loss 0.8659, start_recall 0.7010, start_precise 0.7650, start_f1 0.7289, end_recall 0.7273, end_precise 0.7850, end_f1 0.7526, span_f1 0.5976,flag_f10.8839
2020-12-06 14:09:16 - train.py[line:167] - INFO: -----eval----
2020-12-06 14:09:44 - train.py[line:110] - INFO: epoch 5, step 4800, loss 2.7924, start_recall 0.7000, start_precise 0.7500, start_f1 0.7241, end_recall 0.8000, end_precise 0.8000, end_f1 0.8000, span_f1 0.5238, flag_f1 0.8125
2020-12-06 14:10:10 - train.py[line:110] - INFO: epoch 5, step 4900, loss 3.2834, start_recall 0.7692, start_precise 0.6667, start_f1 0.7143, end_recall 0.7308, end_precise 0.6552, end_f1 0.6909, span_f1 0.4324, flag_f1 0.8333
2020-12-06 14:10:36 - train.py[line:110] - INFO: epoch 5, step 5000, loss 3.2517, start_recall 0.6970, start_precise 0.8214, start_f1 0.7541, end_recall 0.7273, end_precise 0.9600, end_f1 0.8276, span_f1 0.5000, flag_f1 0.9583
2020-12-06 14:11:01 - train.py[line:110] - INFO: epoch 5, step 5100, loss 2.6693, start_recall 0.7059, start_precise 0.8000, start_f1 0.7500, end_recall 0.7353, end_precise 0.8621, end_f1 0.7937, span_f1 0.4444, flag_f1 0.9167
2020-12-06 14:11:27 - train.py[line:110] - INFO: epoch 5, step 5200, loss 2.5954, start_recall 0.7273, start_precise 0.8276, start_f1 0.7742, end_recall 0.8750, end_precise 0.8485, end_f1 0.8615, span_f1 0.4545, flag_f1 0.9792
2020-12-06 14:11:53 - train.py[line:110] - INFO: epoch 5, step 5300, loss 4.4963, start_recall 0.6667, start_precise 0.6316, start_f1 0.6486, end_recall 0.7778, end_precise 0.7000, end_f1 0.7368, span_f1 0.4082, flag_f1 0.9167
2020-12-06 14:12:19 - train.py[line:110] - INFO: epoch 5, step 5400, loss 2.9256, start_recall 0.6667, start_precise 0.7200, start_f1 0.6923, end_recall 0.7037, end_precise 0.7600, end_f1 0.7308, span_f1 0.4118, flag_f1 0.8750
2020-12-06 14:12:45 - train.py[line:110] - INFO: epoch 5, step 5500, loss 2.9162, start_recall 0.7931, start_precise 0.6970, start_f1 0.7419, end_recall 0.8621, end_precise 0.7812, end_f1 0.8197, span_f1 0.5652, flag_f1 0.8542
2020-12-06 14:13:10 - train.py[line:110] - INFO: epoch 5, step 5600, loss 2.2067, start_recall 0.8519, start_precise 0.8519, start_f1 0.8519, end_recall 0.7778, end_precise 0.8400, end_f1 0.8077, span_f1 0.7111, flag_f1 0.8750
2020-12-06 14:13:32 - train.py[line:164] - INFO: -----eval----
2020-12-06 14:13:32 - train.py[line:166] - INFO: epoch 5, step 5646, loss 1.8121, start_recall 0.7410, start_precise 0.7567, start_f1 0.7461, end_recall 0.7823, end_precise 0.7735, end_f1 0.7755, span_f1 0.6653,flag_f10.8873
2020-12-06 14:13:32 - train.py[line:167] - INFO: -----eval----
2020-12-06 14:13:50 - train.py[line:110] - INFO: epoch 6, step 5700, loss 2.5957, start_recall 0.6452, start_precise 0.7143, start_f1 0.6780, end_recall 0.6452, end_precise 0.8000, end_f1 0.7143, span_f1 0.6087, flag_f1 0.8750
2020-12-06 14:14:15 - train.py[line:110] - INFO: epoch 6, step 5800, loss 1.8587, start_recall 0.7857, start_precise 0.7333, start_f1 0.7586, end_recall 0.9286, end_precise 0.8667, end_f1 0.8966, span_f1 0.7660, flag_f1 0.9583
2020-12-06 14:14:41 - train.py[line:110] - INFO: epoch 6, step 5900, loss 2.8483, start_recall 0.8214, start_precise 0.7667, start_f1 0.7931, end_recall 0.7500, end_precise 0.8077, end_f1 0.7778, span_f1 0.5500, flag_f1 0.8542
2020-12-06 14:15:07 - train.py[line:110] - INFO: epoch 6, step 6000, loss 2.9459, start_recall 0.7143, start_precise 0.9091, start_f1 0.8000, end_recall 0.7500, end_precise 0.7778, end_f1 0.7636, span_f1 0.5641, flag_f1 0.8542
2020-12-06 14:15:33 - train.py[line:110] - INFO: epoch 6, step 6100, loss 3.4067, start_recall 0.7812, start_precise 0.8621, start_f1 0.8197, end_recall 0.8438, end_precise 0.7500, end_f1 0.7941, span_f1 0.4651, flag_f1 0.8542
2020-12-06 14:15:59 - train.py[line:110] - INFO: epoch 6, step 6200, loss 2.5411, start_recall 0.8710, start_precise 0.7941, start_f1 0.8308, end_recall 0.8387, end_precise 0.7429, end_f1 0.7879, span_f1 0.5652, flag_f1 0.9583
2020-12-06 14:16:24 - train.py[line:110] - INFO: epoch 6, step 6300, loss 3.4084, start_recall 0.8077, start_precise 0.7778, start_f1 0.7925, end_recall 0.7308, end_precise 0.7308, end_f1 0.7308, span_f1 0.6364, flag_f1 0.9375
2020-12-06 14:16:50 - train.py[line:110] - INFO: epoch 6, step 6400, loss 3.1312, start_recall 0.7419, start_precise 0.7667, start_f1 0.7541, end_recall 0.7667, end_precise 0.7188, end_f1 0.7419, span_f1 0.6800, flag_f1 0.8333
2020-12-06 14:17:16 - train.py[line:110] - INFO: epoch 6, step 6500, loss 1.5443, start_recall 0.9310, start_precise 0.9000, start_f1 0.9153, end_recall 0.9310, end_precise 0.8438, end_f1 0.8852, span_f1 0.7755, flag_f1 0.8958
2020-12-06 14:17:48 - train.py[line:164] - INFO: -----eval----
2020-12-06 14:17:48 - train.py[line:166] - INFO: epoch 6, step 6587, loss 3.0607, start_recall 0.6883, start_precise 0.8124, start_f1 0.7419, end_recall 0.7347, end_precise 0.8178, end_f1 0.7712, span_f1 0.6252,flag_f10.8881
2020-12-06 14:17:48 - train.py[line:167] - INFO: -----eval----
2020-12-06 14:17:55 - train.py[line:110] - INFO: epoch 7, step 6600, loss 2.4823, start_recall 0.7647, start_precise 1.0000, start_f1 0.8667, end_recall 0.7059, end_precise 0.8000, end_f1 0.7500, span_f1 0.6122, flag_f1 0.9583
2020-12-06 14:18:21 - train.py[line:110] - INFO: epoch 7, step 6700, loss 2.3106, start_recall 0.8065, start_precise 0.7812, start_f1 0.7937, end_recall 0.8710, end_precise 0.8182, end_f1 0.8437, span_f1 0.6800, flag_f1 0.8750
2020-12-06 14:18:47 - train.py[line:110] - INFO: epoch 7, step 6800, loss 2.3399, start_recall 0.6857, start_precise 0.8889, start_f1 0.7742, end_recall 0.8000, end_precise 0.8750, end_f1 0.8358, span_f1 0.5385, flag_f1 0.9167
2020-12-06 14:19:13 - train.py[line:110] - INFO: epoch 7, step 6900, loss 2.9627, start_recall 0.5938, start_precise 0.7037, start_f1 0.6441, end_recall 0.8125, end_precise 0.8667, end_f1 0.8387, span_f1 0.5714, flag_f1 0.9583
2020-12-06 14:19:39 - train.py[line:110] - INFO: epoch 7, step 7000, loss 2.2894, start_recall 0.8065, start_precise 0.8065, start_f1 0.8065, end_recall 0.7742, end_precise 0.8276, end_f1 0.8000, span_f1 0.7692, flag_f1 0.8333
2020-12-06 14:20:04 - train.py[line:110] - INFO: epoch 7, step 7100, loss 1.8710, start_recall 0.9032, start_precise 0.8485, start_f1 0.8750, end_recall 0.8710, end_precise 0.8438, end_f1 0.8571, span_f1 0.6383, flag_f1 0.9375
2020-12-06 14:20:30 - train.py[line:110] - INFO: epoch 7, step 7200, loss 2.0575, start_recall 0.8438, start_precise 0.7941, start_f1 0.8182, end_recall 0.8750, end_precise 0.9333, end_f1 0.9032, span_f1 0.7547, flag_f1 0.8750
2020-12-06 14:20:56 - train.py[line:110] - INFO: epoch 7, step 7300, loss 3.5282, start_recall 0.7429, start_precise 0.8387, start_f1 0.7879, end_recall 0.7714, end_precise 0.8710, end_f1 0.8182, span_f1 0.6038, flag_f1 0.7917
2020-12-06 14:21:22 - train.py[line:110] - INFO: epoch 7, step 7400, loss 1.8860, start_recall 0.8621, start_precise 0.9615, start_f1 0.9091, end_recall 0.8276, end_precise 0.8571, end_f1 0.8421, span_f1 0.7500, flag_f1 0.9375
2020-12-06 14:21:48 - train.py[line:110] - INFO: epoch 7, step 7500, loss 2.7442, start_recall 0.7429, start_precise 0.8966, start_f1 0.8125, end_recall 0.7143, end_precise 0.9615, end_f1 0.8197, span_f1 0.5714, flag_f1 0.9583
2020-12-06 14:22:04 - train.py[line:164] - INFO: -----eval----
2020-12-06 14:22:04 - train.py[line:166] - INFO: epoch 7, step 7528, loss 1.2015, start_recall 0.7321, start_precise 0.7909, start_f1 0.7582, end_recall 0.7658, end_precise 0.7976, end_f1 0.7791, span_f1 0.6602,flag_f10.8898
2020-12-06 14:22:04 - train.py[line:167] - INFO: -----eval----
2020-12-06 14:22:27 - train.py[line:110] - INFO: epoch 8, step 7600, loss 3.6697, start_recall 0.6667, start_precise 0.7097, start_f1 0.6875, end_recall 0.7273, end_precise 0.7059, end_f1 0.7164, span_f1 0.5200, flag_f1 0.8542
2020-12-06 14:22:52 - train.py[line:110] - INFO: epoch 8, step 7700, loss 3.0759, start_recall 0.7143, start_precise 0.8621, start_f1 0.7812, end_recall 0.7143, end_precise 0.8929, end_f1 0.7937, span_f1 0.5926, flag_f1 0.8958
2020-12-06 14:23:18 - train.py[line:110] - INFO: epoch 8, step 7800, loss 2.6837, start_recall 0.8929, start_precise 0.8333, start_f1 0.8621, end_recall 0.7857, end_precise 0.6875, end_f1 0.7333, span_f1 0.6939, flag_f1 0.9167
2020-12-06 14:23:44 - train.py[line:110] - INFO: epoch 8, step 7900, loss 1.5545, start_recall 0.8214, start_precise 0.8846, start_f1 0.8519, end_recall 0.8214, end_precise 0.8846, end_f1 0.8519, span_f1 0.7111, flag_f1 0.8958
2020-12-06 14:24:09 - train.py[line:110] - INFO: epoch 8, step 8000, loss 1.1525, start_recall 0.9000, start_precise 0.9643, start_f1 0.9310, end_recall 0.9000, end_precise 0.9643, end_f1 0.9310, span_f1 0.8000, flag_f1 0.9375
2020-12-06 14:24:35 - train.py[line:110] - INFO: epoch 8, step 8100, loss 2.1210, start_recall 0.7692, start_precise 0.8000, start_f1 0.7843, end_recall 0.8077, end_precise 0.8077, end_f1 0.8077, span_f1 0.5641, flag_f1 0.8958
2020-12-06 14:25:01 - train.py[line:110] - INFO: epoch 8, step 8200, loss 1.4106, start_recall 0.8387, start_precise 0.9286, start_f1 0.8814, end_recall 0.8710, end_precise 0.9310, end_f1 0.9000, span_f1 0.7925, flag_f1 0.9167
2020-12-06 14:25:27 - train.py[line:110] - INFO: epoch 8, step 8300, loss 2.0399, start_recall 0.7647, start_precise 0.8966, start_f1 0.8254, end_recall 0.7941, end_precise 0.9000, end_f1 0.8438, span_f1 0.6667, flag_f1 0.9167
2020-12-06 14:25:52 - train.py[line:110] - INFO: epoch 8, step 8400, loss 1.8896, start_recall 0.9118, start_precise 0.8158, start_f1 0.8611, end_recall 0.9412, end_precise 0.8889, end_f1 0.9143, span_f1 0.8571, flag_f1 0.9583
2020-12-06 14:26:20 - train.py[line:164] - INFO: -----eval----
2020-12-06 14:26:20 - train.py[line:166] - INFO: epoch 8, step 8469, loss 1.8889, start_recall 0.7654, start_precise 0.7630, start_f1 0.7619, end_recall 0.7912, end_precise 0.7881, end_f1 0.7870, span_f1 0.6853,flag_f10.8884
2020-12-06 14:26:20 - train.py[line:167] - INFO: -----eval----
2020-12-06 14:26:32 - train.py[line:110] - INFO: epoch 9, step 8500, loss 2.2553, start_recall 0.8438, start_precise 0.8710, start_f1 0.8571, end_recall 0.9062, end_precise 0.8056, end_f1 0.8529, span_f1 0.7451, flag_f1 0.9375
2020-12-06 14:26:57 - train.py[line:110] - INFO: epoch 9, step 8600, loss 2.2671, start_recall 0.7667, start_precise 0.8519, start_f1 0.8070, end_recall 0.7667, end_precise 0.8214, end_f1 0.7931, span_f1 0.6957, flag_f1 0.8958
2020-12-06 14:27:23 - train.py[line:110] - INFO: epoch 9, step 8700, loss 2.5421, start_recall 0.7742, start_precise 0.8000, start_f1 0.7869, end_recall 0.7742, end_precise 0.8000, end_f1 0.7869, span_f1 0.6275, flag_f1 0.9375
2020-12-06 14:27:49 - train.py[line:110] - INFO: epoch 9, step 8800, loss 1.8867, start_recall 0.8846, start_precise 0.8846, start_f1 0.8846, end_recall 0.8462, end_precise 0.8800, end_f1 0.8627, span_f1 0.7273, flag_f1 0.9375
2020-12-06 14:28:15 - train.py[line:110] - INFO: epoch 9, step 8900, loss 2.6527, start_recall 0.7647, start_precise 0.7429, start_f1 0.7536, end_recall 0.8529, end_precise 0.9062, end_f1 0.8788, span_f1 0.5385, flag_f1 0.9375
2020-12-06 14:28:40 - train.py[line:110] - INFO: epoch 9, step 9000, loss 1.8899, start_recall 0.8750, start_precise 0.6562, start_f1 0.7500, end_recall 0.9167, end_precise 0.7333, end_f1 0.8148, span_f1 0.6316, flag_f1 0.8542
2020-12-06 14:29:06 - train.py[line:110] - INFO: epoch 9, step 9100, loss 1.5415, start_recall 0.8065, start_precise 0.8929, start_f1 0.8475, end_recall 0.9032, end_precise 0.8750, end_f1 0.8889, span_f1 0.7083, flag_f1 0.9375
2020-12-06 14:29:32 - train.py[line:110] - INFO: epoch 9, step 9200, loss 1.2804, start_recall 0.8889, start_precise 1.0000, start_f1 0.9412, end_recall 0.8148, end_precise 0.9565, end_f1 0.8800, span_f1 0.8000, flag_f1 0.9375
2020-12-06 14:29:58 - train.py[line:110] - INFO: epoch 9, step 9300, loss 2.6212, start_recall 0.8438, start_precise 0.7941, start_f1 0.8182, end_recall 0.8438, end_precise 0.8182, end_f1 0.8308, span_f1 0.6545, flag_f1 0.8542
2020-12-06 14:30:23 - train.py[line:110] - INFO: epoch 9, step 9400, loss 1.1631, start_recall 0.9231, start_precise 0.9231, start_f1 0.9231, end_recall 0.9615, end_precise 0.9259, end_f1 0.9434, span_f1 0.7727, flag_f1 0.9375
2020-12-06 14:30:35 - train.py[line:164] - INFO: -----eval----
2020-12-06 14:30:35 - train.py[line:166] - INFO: epoch 9, step 9410, loss 1.1990, start_recall 0.7717, start_precise 0.7637, start_f1 0.7649, end_recall 0.8104, end_precise 0.7725, end_f1 0.7884, span_f1 0.6868,flag_f10.8940
2020-12-06 14:30:35 - train.py[line:167] - INFO: -----eval----
2020-12-06 14:31:02 - train.py[line:110] - INFO: epoch 10, step 9500, loss 4.1214, start_recall 0.6047, start_precise 0.8125, start_f1 0.6933, end_recall 0.5814, end_precise 0.8333, end_f1 0.6849, span_f1 0.5806, flag_f1 0.8958
2020-12-06 14:31:28 - train.py[line:110] - INFO: epoch 10, step 9600, loss 1.4926, start_recall 0.8929, start_precise 0.8065, start_f1 0.8475, end_recall 0.8929, end_precise 0.8621, end_f1 0.8772, span_f1 0.7273, flag_f1 0.8542
2020-12-06 14:31:54 - train.py[line:110] - INFO: epoch 10, step 9700, loss 2.6322, start_recall 0.7714, start_precise 0.7941, start_f1 0.7826, end_recall 0.8857, end_precise 0.9118, end_f1 0.8986, span_f1 0.7241, flag_f1 0.9375
2020-12-06 14:32:19 - train.py[line:110] - INFO: epoch 10, step 9800, loss 2.5146, start_recall 0.7941, start_precise 0.8710, start_f1 0.8308, end_recall 0.7941, end_precise 0.9000, end_f1 0.8438, span_f1 0.7719, flag_f1 0.9583
2020-12-06 14:32:45 - train.py[line:110] - INFO: epoch 10, step 9900, loss 2.2915, start_recall 0.7391, start_precise 0.7391, start_f1 0.7391, end_recall 0.6957, end_precise 0.7273, end_f1 0.7111, span_f1 0.6667, flag_f1 0.9375
2020-12-06 14:33:11 - train.py[line:110] - INFO: epoch 10, step 10000, loss 1.6658, start_recall 0.8929, start_precise 0.8621, start_f1 0.8772, end_recall 0.8571, end_precise 0.8889, end_f1 0.8727, span_f1 0.8462, flag_f1 0.9583
2020-12-06 14:33:37 - train.py[line:110] - INFO: epoch 10, step 10100, loss 1.7564, start_recall 0.7500, start_precise 0.9130, start_f1 0.8235, end_recall 0.7857, end_precise 0.8800, end_f1 0.8302, span_f1 0.7273, flag_f1 0.8542
2020-12-06 14:34:02 - train.py[line:110] - INFO: epoch 10, step 10200, loss 2.6356, start_recall 0.8077, start_precise 0.8077, start_f1 0.8077, end_recall 0.6923, end_precise 0.7200, end_f1 0.7059, span_f1 0.6500, flag_f1 0.8542
2020-12-06 14:34:28 - train.py[line:110] - INFO: epoch 10, step 10300, loss 2.4836, start_recall 0.8000, start_precise 0.8276, start_f1 0.8136, end_recall 0.8667, end_precise 0.8966, end_f1 0.8814, span_f1 0.6531, flag_f1 0.9792
2020-12-06 14:34:51 - train.py[line:164] - INFO: -----eval----
2020-12-06 14:34:51 - train.py[line:166] - INFO: epoch 10, step 10351, loss 0.8995, start_recall 0.7593, start_precise 0.7743, start_f1 0.7646, end_recall 0.7919, end_precise 0.7926, end_f1 0.7902, span_f1 0.6878,flag_f10.8933
2020-12-06 14:34:51 - train.py[line:167] - INFO: -----eval----
2020-12-06 14:35:07 - train.py[line:110] - INFO: epoch 11, step 10400, loss 1.0360, start_recall 0.9310, start_precise 0.9643, start_f1 0.9474, end_recall 1.0000, end_precise 0.9355, end_f1 0.9667, span_f1 0.7755, flag_f1 0.9792
2020-12-06 14:35:33 - train.py[line:110] - INFO: epoch 11, step 10500, loss 1.5915, start_recall 0.8214, start_precise 0.8846, start_f1 0.8519, end_recall 0.8929, end_precise 0.9259, end_f1 0.9091, span_f1 0.7111, flag_f1 0.9167
2020-12-06 14:35:59 - train.py[line:110] - INFO: epoch 11, step 10600, loss 2.0441, start_recall 0.8621, start_precise 0.8929, start_f1 0.8772, end_recall 0.7931, end_precise 0.7931, end_f1 0.7931, span_f1 0.6800, flag_f1 0.8958
2020-12-06 14:36:25 - train.py[line:110] - INFO: epoch 11, step 10700, loss 2.0131, start_recall 0.8571, start_precise 0.8000, start_f1 0.8276, end_recall 0.9286, end_precise 0.8387, end_f1 0.8814, span_f1 0.6383, flag_f1 0.8958
2020-12-06 14:36:51 - train.py[line:110] - INFO: epoch 11, step 10800, loss 2.2674, start_recall 0.8000, start_precise 0.9143, start_f1 0.8533, end_recall 0.9024, end_precise 0.9737, end_f1 0.9367, span_f1 0.6349, flag_f1 0.9375
2020-12-06 14:37:16 - train.py[line:110] - INFO: epoch 11, step 10900, loss 1.8958, start_recall 0.7879, start_precise 0.8125, start_f1 0.8000, end_recall 0.9394, end_precise 0.9394, end_f1 0.9394, span_f1 0.7273, flag_f1 0.8958
2020-12-06 14:37:42 - train.py[line:110] - INFO: epoch 11, step 11000, loss 1.8737, start_recall 0.8387, start_precise 0.9286, start_f1 0.8814, end_recall 0.8387, end_precise 0.8387, end_f1 0.8387, span_f1 0.7778, flag_f1 0.9375
2020-12-06 14:38:08 - train.py[line:110] - INFO: epoch 11, step 11100, loss 1.6012, start_recall 0.7619, start_precise 0.8000, start_f1 0.7805, end_recall 0.8571, end_precise 0.6923, end_f1 0.7660, span_f1 0.7500, flag_f1 0.8542
2020-12-06 14:38:34 - train.py[line:110] - INFO: epoch 11, step 11200, loss 2.5970, start_recall 0.8182, start_precise 0.8182, start_f1 0.8182, end_recall 0.8182, end_precise 0.8182, end_f1 0.8182, span_f1 0.6038, flag_f1 0.9167
2020-12-06 14:39:07 - train.py[line:164] - INFO: -----eval----
2020-12-06 14:39:07 - train.py[line:166] - INFO: epoch 11, step 11292, loss 2.3679, start_recall 0.7695, start_precise 0.7781, start_f1 0.7710, end_recall 0.7959, end_precise 0.8007, end_f1 0.7960, span_f1 0.6924,flag_f10.8964
2020-12-06 14:39:07 - train.py[line:167] - INFO: -----eval----
2020-12-06 14:39:12 - train.py[line:110] - INFO: epoch 12, step 11300, loss 1.1929, start_recall 0.8929, start_precise 0.8333, start_f1 0.8621, end_recall 0.8929, end_precise 0.9259, end_f1 0.9091, span_f1 0.8333, flag_f1 0.9375
2020-12-06 14:39:38 - train.py[line:110] - INFO: epoch 12, step 11400, loss 2.3941, start_recall 0.7879, start_precise 0.9630, start_f1 0.8667, end_recall 0.8182, end_precise 0.8710, end_f1 0.8437, span_f1 0.8000, flag_f1 0.9792
2020-12-06 14:40:04 - train.py[line:110] - INFO: epoch 12, step 11500, loss 1.2412, start_recall 0.9130, start_precise 0.8750, start_f1 0.8936, end_recall 0.8261, end_precise 0.8261, end_f1 0.8261, span_f1 0.7500, flag_f1 0.9167
2020-12-06 14:40:30 - train.py[line:110] - INFO: epoch 12, step 11600, loss 2.6590, start_recall 0.8182, start_precise 0.9000, start_f1 0.8571, end_recall 0.8857, end_precise 0.8857, end_f1 0.8857, span_f1 0.6275, flag_f1 0.8958
2020-12-06 14:40:55 - train.py[line:110] - INFO: epoch 12, step 11700, loss 2.5388, start_recall 0.7353, start_precise 0.7812, start_f1 0.7576, end_recall 0.8235, end_precise 0.8235, end_f1 0.8235, span_f1 0.6038, flag_f1 0.8958
2020-12-06 14:41:21 - train.py[line:110] - INFO: epoch 12, step 11800, loss 2.6826, start_recall 0.7333, start_precise 0.7333, start_f1 0.7333, end_recall 0.8333, end_precise 0.8929, end_f1 0.8621, span_f1 0.5957, flag_f1 0.9375
2020-12-06 14:41:47 - train.py[line:110] - INFO: epoch 12, step 11900, loss 2.8347, start_recall 0.8000, start_precise 0.8276, start_f1 0.8136, end_recall 0.7419, end_precise 0.8519, end_f1 0.7931, span_f1 0.5532, flag_f1 0.8958
2020-12-06 14:42:12 - train.py[line:110] - INFO: epoch 12, step 12000, loss 2.2403, start_recall 0.7812, start_precise 0.7812, start_f1 0.7812, end_recall 0.8750, end_precise 0.9032, end_f1 0.8889, span_f1 0.6415, flag_f1 0.9375
2020-12-06 14:42:38 - train.py[line:110] - INFO: epoch 12, step 12100, loss 2.0263, start_recall 0.8889, start_precise 0.8889, start_f1 0.8889, end_recall 0.7778, end_precise 0.8400, end_f1 0.8077, span_f1 0.7917, flag_f1 0.9167
2020-12-06 14:43:04 - train.py[line:110] - INFO: epoch 12, step 12200, loss 2.6455, start_recall 0.8649, start_precise 0.8421, start_f1 0.8533, end_recall 0.8378, end_precise 0.9118, end_f1 0.8732, span_f1 0.6545, flag_f1 1.0000
2020-12-06 14:43:22 - train.py[line:164] - INFO: -----eval----
2020-12-06 14:43:22 - train.py[line:166] - INFO: epoch 12, step 12233, loss 3.6569, start_recall 0.7296, start_precise 0.7995, start_f1 0.7603, end_recall 0.7603, end_precise 0.8195, end_f1 0.7864, span_f1 0.6887,flag_f10.8911
2020-12-06 14:43:22 - train.py[line:167] - INFO: -----eval----
2020-12-06 14:43:43 - train.py[line:110] - INFO: epoch 13, step 12300, loss 2.8171, start_recall 0.8333, start_precise 0.8065, start_f1 0.8197, end_recall 0.7333, end_precise 0.8148, end_f1 0.7719, span_f1 0.5600, flag_f1 0.9167
2020-12-06 14:44:08 - train.py[line:110] - INFO: epoch 13, step 12400, loss 2.1120, start_recall 0.8333, start_precise 0.7692, start_f1 0.8000, end_recall 0.8333, end_precise 0.8000, end_f1 0.8163, span_f1 0.7179, flag_f1 0.9167
2020-12-06 14:44:34 - train.py[line:110] - INFO: epoch 13, step 12500, loss 2.2196, start_recall 0.7778, start_precise 0.8750, start_f1 0.8235, end_recall 0.8333, end_precise 0.9375, end_f1 0.8824, span_f1 0.6552, flag_f1 0.9167
2020-12-06 14:44:59 - train.py[line:110] - INFO: epoch 13, step 12600, loss 1.0992, start_recall 0.9600, start_precise 0.9231, start_f1 0.9412, end_recall 0.9200, end_precise 0.8519, end_f1 0.8846, span_f1 0.8444, flag_f1 0.8542
2020-12-06 14:45:25 - train.py[line:110] - INFO: epoch 13, step 12700, loss 2.2118, start_recall 0.8485, start_precise 0.9032, start_f1 0.8750, end_recall 0.8485, end_precise 0.9333, end_f1 0.8889, span_f1 0.6538, flag_f1 0.9583
2020-12-06 14:45:51 - train.py[line:110] - INFO: epoch 13, step 12800, loss 1.4575, start_recall 0.8125, start_precise 0.8667, start_f1 0.8387, end_recall 0.9062, end_precise 0.9355, end_f1 0.9206, span_f1 0.7778, flag_f1 0.9167
2020-12-06 14:46:16 - train.py[line:110] - INFO: epoch 13, step 12900, loss 2.2330, start_recall 0.8056, start_precise 0.9355, start_f1 0.8657, end_recall 0.7778, end_precise 0.9333, end_f1 0.8485, span_f1 0.7742, flag_f1 0.8750
2020-12-06 14:46:42 - train.py[line:110] - INFO: epoch 13, step 13000, loss 1.9838, start_recall 0.8800, start_precise 0.7333, start_f1 0.8000, end_recall 0.8000, end_precise 0.7407, end_f1 0.7692, span_f1 0.6818, flag_f1 0.9583
2020-12-06 14:47:08 - train.py[line:110] - INFO: epoch 13, step 13100, loss 1.6813, start_recall 0.8710, start_precise 0.8710, start_f1 0.8710, end_recall 0.9677, end_precise 0.8571, end_f1 0.9091, span_f1 0.7273, flag_f1 0.8542
2020-12-06 14:47:36 - train.py[line:164] - INFO: -----eval----
2020-12-06 14:47:36 - train.py[line:166] - INFO: epoch 13, step 13174, loss 1.0109, start_recall 0.7539, start_precise 0.7844, start_f1 0.7667, end_recall 0.7906, end_precise 0.8021, end_f1 0.7943, span_f1 0.6926,flag_f10.8944
2020-12-06 14:47:36 - train.py[line:167] - INFO: -----eval----
2020-12-06 14:47:47 - train.py[line:110] - INFO: epoch 14, step 13200, loss 1.3277, start_recall 0.8462, start_precise 0.8148, start_f1 0.8302, end_recall 0.9231, end_precise 0.8889, end_f1 0.9057, span_f1 0.7727, flag_f1 0.9167
2020-12-06 14:48:12 - train.py[line:110] - INFO: epoch 14, step 13300, loss 1.2477, start_recall 0.8333, start_precise 0.7143, start_f1 0.7692, end_recall 1.0000, end_precise 0.8571, end_f1 0.9231, span_f1 0.7097, flag_f1 0.9375
2020-12-06 14:48:38 - train.py[line:110] - INFO: epoch 14, step 13400, loss 2.0982, start_recall 0.7333, start_precise 0.9167, start_f1 0.8148, end_recall 0.8667, end_precise 0.9286, end_f1 0.8966, span_f1 0.7600, flag_f1 0.9375
2020-12-06 14:49:03 - train.py[line:110] - INFO: epoch 14, step 13500, loss 1.7805, start_recall 0.8750, start_precise 0.9333, start_f1 0.9032, end_recall 0.8750, end_precise 0.9032, end_f1 0.8889, span_f1 0.8333, flag_f1 0.8958
2020-12-06 14:49:29 - train.py[line:110] - INFO: epoch 14, step 13600, loss 2.0001, start_recall 0.8788, start_precise 0.8529, start_f1 0.8657, end_recall 0.9697, end_precise 0.8649, end_f1 0.9143, span_f1 0.7742, flag_f1 0.9583
2020-12-06 14:49:54 - train.py[line:110] - INFO: epoch 14, step 13700, loss 1.9664, start_recall 0.7500, start_precise 0.8276, start_f1 0.7869, end_recall 0.8750, end_precise 0.9333, end_f1 0.9032, span_f1 0.7059, flag_f1 0.9167
2020-12-06 14:50:20 - train.py[line:110] - INFO: epoch 14, step 13800, loss 1.2478, start_recall 0.9600, start_precise 0.8571, start_f1 0.9057, end_recall 0.8800, end_precise 0.7857, end_f1 0.8302, span_f1 0.8085, flag_f1 0.8958
2020-12-06 14:50:46 - train.py[line:110] - INFO: epoch 14, step 13900, loss 2.6015, start_recall 0.7419, start_precise 0.7931, start_f1 0.7667, end_recall 0.8065, end_precise 0.8333, end_f1 0.8197, span_f1 0.6400, flag_f1 0.8542
2020-12-06 14:51:11 - train.py[line:110] - INFO: epoch 14, step 14000, loss 1.1537, start_recall 0.8571, start_precise 0.9600, start_f1 0.9057, end_recall 0.8929, end_precise 0.8621, end_f1 0.8772, span_f1 0.8163, flag_f1 0.9375
2020-12-06 14:51:37 - train.py[line:110] - INFO: epoch 14, step 14100, loss 1.7412, start_recall 0.8065, start_precise 0.8621, start_f1 0.8333, end_recall 0.7419, end_precise 0.9200, end_f1 0.8214, span_f1 0.6923, flag_f1 0.9375
2020-12-06 14:51:50 - train.py[line:164] - INFO: -----eval----
2020-12-06 14:51:50 - train.py[line:166] - INFO: epoch 14, step 14115, loss 1.3744, start_recall 0.7656, start_precise 0.7785, start_f1 0.7692, end_recall 0.7854, end_precise 0.8072, end_f1 0.7937, span_f1 0.6919,flag_f10.8923
2020-12-06 14:51:50 - train.py[line:167] - INFO: -----eval----
2020-12-06 14:52:15 - train.py[line:110] - INFO: epoch 15, step 14200, loss 1.2498, start_recall 0.8974, start_precise 0.9722, start_f1 0.9333, end_recall 0.8974, end_precise 0.9722, end_f1 0.9333, span_f1 0.8235, flag_f1 0.9167
2020-12-06 14:52:41 - train.py[line:110] - INFO: epoch 15, step 14300, loss 1.8133, start_recall 0.8846, start_precise 0.7931, start_f1 0.8364, end_recall 0.8846, end_precise 0.8214, end_f1 0.8519, span_f1 0.7660, flag_f1 0.9375
2020-12-06 14:53:06 - train.py[line:110] - INFO: epoch 15, step 14400, loss 1.4870, start_recall 0.9688, start_precise 0.8857, start_f1 0.9254, end_recall 0.9375, end_precise 0.8571, end_f1 0.8955, span_f1 0.7857, flag_f1 0.9583
2020-12-06 14:53:32 - train.py[line:110] - INFO: epoch 15, step 14500, loss 1.8461, start_recall 0.7857, start_precise 0.9565, start_f1 0.8627, end_recall 0.8214, end_precise 0.8519, end_f1 0.8364, span_f1 0.7391, flag_f1 0.9167
2020-12-06 14:53:58 - train.py[line:110] - INFO: epoch 15, step 14600, loss 1.7766, start_recall 0.7667, start_precise 0.8519, start_f1 0.8070, end_recall 0.9667, end_precise 0.8529, end_f1 0.9062, span_f1 0.7200, flag_f1 1.0000
2020-12-06 14:54:23 - train.py[line:110] - INFO: epoch 15, step 14700, loss 2.3666, start_recall 0.8235, start_precise 0.7568, start_f1 0.7887, end_recall 0.8529, end_precise 0.7073, end_f1 0.7733, span_f1 0.7000, flag_f1 0.8333
2020-12-06 14:54:49 - train.py[line:110] - INFO: epoch 15, step 14800, loss 2.0754, start_recall 0.8125, start_precise 0.8387, start_f1 0.8254, end_recall 0.9062, end_precise 0.9062, end_f1 0.9062, span_f1 0.7143, flag_f1 0.9792
2020-12-06 14:55:14 - train.py[line:110] - INFO: epoch 15, step 14900, loss 1.7344, start_recall 0.8571, start_precise 0.8276, start_f1 0.8421, end_recall 0.8929, end_precise 0.8065, end_f1 0.8475, span_f1 0.6939, flag_f1 0.8750
2020-12-06 14:55:40 - train.py[line:110] - INFO: epoch 15, step 15000, loss 1.4228, start_recall 0.9118, start_precise 0.9118, start_f1 0.9118, end_recall 0.8529, end_precise 0.9355, end_f1 0.8923, span_f1 0.7719, flag_f1 0.8958
2020-12-06 14:56:04 - train.py[line:164] - INFO: -----eval----
2020-12-06 14:56:04 - train.py[line:166] - INFO: epoch 15, step 15056, loss 6.2380, start_recall 0.7662, start_precise 0.7738, start_f1 0.7678, end_recall 0.7973, end_precise 0.7964, end_f1 0.7947, span_f1 0.6908,flag_f10.8913
2020-12-06 14:56:04 - train.py[line:167] - INFO: -----eval----
2020-12-06 14:56:19 - train.py[line:110] - INFO: epoch 16, step 15100, loss 1.6088, start_recall 0.8824, start_precise 0.9375, start_f1 0.9091, end_recall 0.8824, end_precise 0.9375, end_f1 0.9091, span_f1 0.7419, flag_f1 0.8958
2020-12-06 14:56:45 - train.py[line:110] - INFO: epoch 16, step 15200, loss 1.0023, start_recall 0.8800, start_precise 0.8148, start_f1 0.8462, end_recall 0.9600, end_precise 0.8571, end_f1 0.9057, span_f1 0.7391, flag_f1 0.9167
2020-12-06 14:57:10 - train.py[line:110] - INFO: epoch 16, step 15300, loss 1.1662, start_recall 0.7727, start_precise 0.8095, start_f1 0.7907, end_recall 0.7727, end_precise 0.8947, end_f1 0.8293, span_f1 0.7429, flag_f1 0.9375
2020-12-06 14:57:36 - train.py[line:110] - INFO: epoch 16, step 15400, loss 1.0372, start_recall 0.9444, start_precise 0.8095, start_f1 0.8718, end_recall 0.9474, end_precise 0.8182, end_f1 0.8780, span_f1 0.7568, flag_f1 0.9375
2020-12-06 14:58:01 - train.py[line:110] - INFO: epoch 16, step 15500, loss 2.1565, start_recall 0.7931, start_precise 0.8214, start_f1 0.8070, end_recall 0.8621, end_precise 0.8333, end_f1 0.8475, span_f1 0.7925, flag_f1 0.9167
2020-12-06 14:58:27 - train.py[line:110] - INFO: epoch 16, step 15600, loss 1.8273, start_recall 0.8857, start_precise 0.9118, start_f1 0.8986, end_recall 0.8571, end_precise 0.8824, end_f1 0.8696, span_f1 0.6780, flag_f1 0.9167
2020-12-06 14:58:52 - train.py[line:110] - INFO: epoch 16, step 15700, loss 2.1162, start_recall 0.8929, start_precise 0.7812, start_f1 0.8333, end_recall 0.9286, end_precise 0.7222, end_f1 0.8125, span_f1 0.7143, flag_f1 0.8958
2020-12-06 14:59:18 - train.py[line:110] - INFO: epoch 16, step 15800, loss 1.2178, start_recall 0.8529, start_precise 0.9667, start_f1 0.9062, end_recall 0.9412, end_precise 0.8889, end_f1 0.9143, span_f1 0.8136, flag_f1 0.9375
2020-12-06 14:59:44 - train.py[line:110] - INFO: epoch 16, step 15900, loss 2.2389, start_recall 0.7500, start_precise 0.8400, start_f1 0.7925, end_recall 0.7407, end_precise 0.8333, end_f1 0.7843, span_f1 0.7234, flag_f1 0.8958
2020-12-06 15:00:18 - train.py[line:164] - INFO: -----eval----
2020-12-06 15:00:18 - train.py[line:166] - INFO: epoch 16, step 15997, loss 0.8705, start_recall 0.7659, start_precise 0.7748, start_f1 0.7679, end_recall 0.8002, end_precise 0.7952, end_f1 0.7954, span_f1 0.6953,flag_f10.8924
2020-12-06 15:00:18 - train.py[line:167] - INFO: -----eval----
2020-12-06 15:00:23 - train.py[line:110] - INFO: epoch 17, step 16000, loss 1.3024, start_recall 0.9286, start_precise 0.8387, start_f1 0.8814, end_recall 1.0000, end_precise 0.9032, end_f1 0.9492, span_f1 0.8846, flag_f1 0.9792
2020-12-06 15:00:48 - train.py[line:110] - INFO: epoch 17, step 16100, loss 1.9926, start_recall 0.8148, start_precise 0.8800, start_f1 0.8462, end_recall 0.8889, end_precise 0.8571, end_f1 0.8727, span_f1 0.7347, flag_f1 0.9792
2020-12-06 15:01:14 - train.py[line:110] - INFO: epoch 17, step 16200, loss 2.0663, start_recall 0.8889, start_precise 0.8000, start_f1 0.8421, end_recall 0.9259, end_precise 0.9259, end_f1 0.9259, span_f1 0.6341, flag_f1 0.9375
2020-12-06 15:01:39 - train.py[line:110] - INFO: epoch 17, step 16300, loss 1.2996, start_recall 0.8788, start_precise 0.9062, start_f1 0.8923, end_recall 0.9394, end_precise 0.9394, end_f1 0.9394, span_f1 0.8475, flag_f1 0.9167
2020-12-06 15:02:05 - train.py[line:110] - INFO: epoch 17, step 16400, loss 1.0939, start_recall 0.9355, start_precise 0.9355, start_f1 0.9355, end_recall 0.9032, end_precise 0.9032, end_f1 0.9032, span_f1 0.7200, flag_f1 0.9792
2020-12-06 15:02:30 - train.py[line:110] - INFO: epoch 17, step 16500, loss 1.8910, start_recall 0.8438, start_precise 0.9000, start_f1 0.8710, end_recall 0.9062, end_precise 0.9355, end_f1 0.9206, span_f1 0.7170, flag_f1 0.8958
2020-12-06 15:02:56 - train.py[line:110] - INFO: epoch 17, step 16600, loss 1.5509, start_recall 0.9000, start_precise 0.8182, start_f1 0.8571, end_recall 0.8387, end_precise 0.8387, end_f1 0.8387, span_f1 0.8070, flag_f1 0.9583
2020-12-06 15:03:22 - train.py[line:110] - INFO: epoch 17, step 16700, loss 2.3601, start_recall 0.8750, start_precise 0.8750, start_f1 0.8750, end_recall 0.9062, end_precise 0.9062, end_f1 0.9062, span_f1 0.8333, flag_f1 0.9583
2020-12-06 15:03:47 - train.py[line:110] - INFO: epoch 17, step 16800, loss 1.1279, start_recall 0.9355, start_precise 0.8788, start_f1 0.9062, end_recall 0.9355, end_precise 0.8788, end_f1 0.9062, span_f1 0.7586, flag_f1 0.9167
2020-12-06 15:04:13 - train.py[line:110] - INFO: epoch 17, step 16900, loss 1.1184, start_recall 0.9130, start_precise 0.8750, start_f1 0.8936, end_recall 0.9130, end_precise 0.9545, end_f1 0.9333, span_f1 0.8571, flag_f1 0.9792
2020-12-06 15:04:32 - train.py[line:164] - INFO: -----eval----
2020-12-06 15:04:32 - train.py[line:166] - INFO: epoch 17, step 16938, loss 0.4986, start_recall 0.7319, start_precise 0.7931, start_f1 0.7591, end_recall 0.7605, end_precise 0.8156, end_f1 0.7849, span_f1 0.6755,flag_f10.8881
2020-12-06 15:04:32 - train.py[line:167] - INFO: -----eval----
2020-12-06 15:04:51 - train.py[line:110] - INFO: epoch 18, step 17000, loss 1.0876, start_recall 0.8519, start_precise 0.8519, start_f1 0.8519, end_recall 0.9259, end_precise 0.9259, end_f1 0.9259, span_f1 0.8511, flag_f1 0.9792
2020-12-06 15:05:17 - train.py[line:110] - INFO: epoch 18, step 17100, loss 1.0205, start_recall 0.9200, start_precise 0.8846, start_f1 0.9020, end_recall 0.9600, end_precise 0.8571, end_f1 0.9057, span_f1 0.8750, flag_f1 0.8750
2020-12-06 15:05:43 - train.py[line:110] - INFO: epoch 18, step 17200, loss 1.9956, start_recall 0.8824, start_precise 0.9375, start_f1 0.9091, end_recall 0.8857, end_precise 0.9118, end_f1 0.8986, span_f1 0.7018, flag_f1 0.9375
2020-12-06 15:06:08 - train.py[line:110] - INFO: epoch 18, step 17300, loss 2.3884, start_recall 0.8000, start_precise 0.8571, start_f1 0.8276, end_recall 0.8667, end_precise 0.7879, end_f1 0.8254, span_f1 0.6667, flag_f1 0.9583
2020-12-06 15:06:34 - train.py[line:110] - INFO: epoch 18, step 17400, loss 3.1681, start_recall 0.7568, start_precise 0.8750, start_f1 0.8116, end_recall 0.7838, end_precise 0.8286, end_f1 0.8056, span_f1 0.6774, flag_f1 0.9792
2020-12-06 15:06:59 - train.py[line:110] - INFO: epoch 18, step 17500, loss 0.9182, start_recall 0.9000, start_precise 0.9643, start_f1 0.9310, end_recall 0.8333, end_precise 0.9615, end_f1 0.8929, span_f1 0.8519, flag_f1 0.9167
2020-12-06 15:07:25 - train.py[line:110] - INFO: epoch 18, step 17600, loss 1.1126, start_recall 0.8182, start_precise 0.9310, start_f1 0.8710, end_recall 0.9091, end_precise 0.9677, end_f1 0.9375, span_f1 0.7931, flag_f1 0.9167
2020-12-06 15:07:50 - train.py[line:110] - INFO: epoch 18, step 17700, loss 1.2443, start_recall 0.8889, start_precise 0.7742, start_f1 0.8276, end_recall 0.9630, end_precise 0.7879, end_f1 0.8667, span_f1 0.7857, flag_f1 0.8958
2020-12-06 15:08:16 - train.py[line:110] - INFO: epoch 18, step 17800, loss 0.9972, start_recall 0.9655, start_precise 0.9032, start_f1 0.9333, end_recall 0.9655, end_precise 0.9333, end_f1 0.9492, span_f1 0.8727, flag_f1 0.9167
2020-12-06 15:08:46 - train.py[line:164] - INFO: -----eval----
2020-12-06 15:08:46 - train.py[line:166] - INFO: epoch 18, step 17879, loss 1.4426, start_recall 0.7670, start_precise 0.7704, start_f1 0.7663, end_recall 0.8008, end_precise 0.7929, end_f1 0.7948, span_f1 0.6960,flag_f10.8929
2020-12-06 15:08:46 - train.py[line:167] - INFO: -----eval----
2020-12-06 15:08:55 - train.py[line:110] - INFO: epoch 19, step 17900, loss 3.2568, start_recall 0.7419, start_precise 0.7931, start_f1 0.7667, end_recall 0.8387, end_precise 0.9286, end_f1 0.8814, span_f1 0.6275, flag_f1 0.9583
2020-12-06 15:09:20 - train.py[line:110] - INFO: epoch 19, step 18000, loss 1.2672, start_recall 0.7931, start_precise 0.8846, start_f1 0.8364, end_recall 0.9655, end_precise 0.9032, end_f1 0.9333, span_f1 0.7200, flag_f1 0.9583
2020-12-06 15:09:46 - train.py[line:110] - INFO: epoch 19, step 18100, loss 0.9477, start_recall 1.0000, start_precise 0.7667, start_f1 0.8679, end_recall 1.0000, end_precise 0.7931, end_f1 0.8846, span_f1 0.8627, flag_f1 0.9167
2020-12-06 15:10:11 - train.py[line:110] - INFO: epoch 19, step 18200, loss 1.7717, start_recall 0.8333, start_precise 0.8065, start_f1 0.8197, end_recall 0.9333, end_precise 0.8750, end_f1 0.9032, span_f1 0.8070, flag_f1 0.9375
2020-12-06 15:10:37 - train.py[line:110] - INFO: epoch 19, step 18300, loss 1.8189, start_recall 0.8485, start_precise 0.8485, start_f1 0.8485, end_recall 0.8788, end_precise 0.8788, end_f1 0.8788, span_f1 0.7931, flag_f1 0.9583
2020-12-06 15:11:03 - train.py[line:110] - INFO: epoch 19, step 18400, loss 1.4970, start_recall 0.8966, start_precise 0.8966, start_f1 0.8966, end_recall 0.9310, end_precise 0.9000, end_f1 0.9153, span_f1 0.7925, flag_f1 0.9792
2020-12-06 15:11:28 - train.py[line:110] - INFO: epoch 19, step 18500, loss 0.8576, start_recall 0.9667, start_precise 0.9355, start_f1 0.9508, end_recall 0.9333, end_precise 0.9655, end_f1 0.9492, span_f1 0.8077, flag_f1 0.9792
2020-12-06 15:11:54 - train.py[line:110] - INFO: epoch 19, step 18600, loss 1.3652, start_recall 0.8800, start_precise 0.8800, start_f1 0.8800, end_recall 0.8800, end_precise 0.8800, end_f1 0.8800, span_f1 0.7727, flag_f1 0.9792
2020-12-06 15:12:19 - train.py[line:110] - INFO: epoch 19, step 18700, loss 1.7595, start_recall 0.8966, start_precise 0.8667, start_f1 0.8814, end_recall 0.8621, end_precise 0.9615, end_f1 0.9091, span_f1 0.8400, flag_f1 0.9792
2020-12-06 15:12:45 - train.py[line:110] - INFO: epoch 19, step 18800, loss 1.1259, start_recall 0.8519, start_precise 0.8519, start_f1 0.8519, end_recall 0.8148, end_precise 0.9167, end_f1 0.8627, span_f1 0.8462, flag_f1 0.8125
2020-12-06 15:12:59 - train.py[line:164] - INFO: -----eval----
2020-12-06 15:12:59 - train.py[line:166] - INFO: epoch 19, step 18820, loss 0.0616, start_recall 0.7726, start_precise 0.7664, start_f1 0.7671, end_recall 0.8071, end_precise 0.7867, end_f1 0.7940, span_f1 0.6938,flag_f10.8891
2020-12-06 15:12:59 - train.py[line:167] - INFO: -----eval----
2020-12-06 15:13:24 - train.py[line:110] - INFO: epoch 20, step 18900, loss 1.8748, start_recall 0.9688, start_precise 0.9118, start_f1 0.9394, end_recall 0.8750, end_precise 0.8750, end_f1 0.8750, span_f1 0.8000, flag_f1 0.9375
2020-12-06 15:13:49 - train.py[line:110] - INFO: epoch 20, step 19000, loss 1.4173, start_recall 0.9062, start_precise 0.9355, start_f1 0.9206, end_recall 0.8750, end_precise 0.9333, end_f1 0.9032, span_f1 0.7407, flag_f1 1.0000
2020-12-06 15:14:15 - train.py[line:110] - INFO: epoch 20, step 19100, loss 1.5897, start_recall 0.9333, start_precise 0.9032, start_f1 0.9180, end_recall 0.9333, end_precise 0.8235, end_f1 0.8750, span_f1 0.7059, flag_f1 0.9583
2020-12-06 15:14:40 - train.py[line:110] - INFO: epoch 20, step 19200, loss 1.1446, start_recall 0.8800, start_precise 0.8462, start_f1 0.8627, end_recall 0.9600, end_precise 0.8889, end_f1 0.9231, span_f1 0.7442, flag_f1 0.9375
2020-12-06 15:15:06 - train.py[line:110] - INFO: epoch 20, step 19300, loss 1.9680, start_recall 0.8235, start_precise 1.0000, start_f1 0.9032, end_recall 0.7941, end_precise 0.9310, end_f1 0.8571, span_f1 0.8333, flag_f1 0.9792
2020-12-06 15:15:31 - train.py[line:110] - INFO: epoch 20, step 19400, loss 0.8142, start_recall 0.9655, start_precise 0.9333, start_f1 0.9492, end_recall 0.9310, end_precise 0.9643, end_f1 0.9474, span_f1 0.8889, flag_f1 1.0000
2020-12-06 15:15:57 - train.py[line:110] - INFO: epoch 20, step 19500, loss 0.9781, start_recall 0.9062, start_precise 1.0000, start_f1 0.9508, end_recall 0.9062, end_precise 0.9355, end_f1 0.9206, span_f1 0.8000, flag_f1 0.8750
2020-12-06 15:16:23 - train.py[line:110] - INFO: epoch 20, step 19600, loss 0.9282, start_recall 0.9130, start_precise 0.8750, start_f1 0.8936, end_recall 1.0000, end_precise 0.8846, end_f1 0.9388, span_f1 0.7391, flag_f1 0.9375
2020-12-06 15:16:48 - train.py[line:110] - INFO: epoch 20, step 19700, loss 1.3454, start_recall 0.9231, start_precise 0.8571, start_f1 0.8889, end_recall 0.8846, end_precise 0.8846, end_f1 0.8846, span_f1 0.8163, flag_f1 0.9375
2020-12-06 15:17:13 - train.py[line:164] - INFO: -----eval----
2020-12-06 15:17:13 - train.py[line:166] - INFO: epoch 20, step 19761, loss 4.0303, start_recall 0.7271, start_precise 0.7963, start_f1 0.7574, end_recall 0.7609, end_precise 0.8114, end_f1 0.7827, span_f1 0.6779,flag_f10.8841
2020-12-06 15:17:13 - train.py[line:167] - INFO: -----eval----
2020-12-06 15:17:27 - train.py[line:110] - INFO: epoch 21, step 19800, loss 1.1874, start_recall 0.8929, start_precise 0.8929, start_f1 0.8929, end_recall 0.9643, end_precise 0.9643, end_f1 0.9643, span_f1 0.8077, flag_f1 0.9375
2020-12-06 15:17:53 - train.py[line:110] - INFO: epoch 21, step 19900, loss 2.6802, start_recall 0.8718, start_precise 0.9444, start_f1 0.9067, end_recall 0.8718, end_precise 0.9189, end_f1 0.8947, span_f1 0.6667, flag_f1 0.9167
2020-12-06 15:18:18 - train.py[line:110] - INFO: epoch 21, step 20000, loss 0.6387, start_recall 0.9615, start_precise 1.0000, start_f1 0.9804, end_recall 0.8846, end_precise 0.9583, end_f1 0.9200, span_f1 0.8936, flag_f1 1.0000
2020-12-06 15:18:44 - train.py[line:110] - INFO: epoch 21, step 20100, loss 0.8725, start_recall 0.9643, start_precise 0.9643, start_f1 0.9643, end_recall 0.9286, end_precise 0.9286, end_f1 0.9286, span_f1 0.8889, flag_f1 1.0000
2020-12-06 15:19:10 - train.py[line:110] - INFO: epoch 21, step 20200, loss 1.1498, start_recall 0.9429, start_precise 0.9167, start_f1 0.9296, end_recall 0.9429, end_precise 0.9429, end_f1 0.9429, span_f1 0.8923, flag_f1 0.9375
2020-12-06 15:19:35 - train.py[line:110] - INFO: epoch 21, step 20300, loss 1.8433, start_recall 0.9000, start_precise 0.8710, start_f1 0.8852, end_recall 0.9333, end_precise 0.9655, end_f1 0.9492, span_f1 0.8364, flag_f1 0.9583
2020-12-06 15:20:01 - train.py[line:110] - INFO: epoch 21, step 20400, loss 0.4524, start_recall 0.9583, start_precise 0.9583, start_f1 0.9583, end_recall 1.0000, end_precise 0.8889, end_f1 0.9412, span_f1 0.9796, flag_f1 0.9375
2020-12-06 15:20:26 - train.py[line:110] - INFO: epoch 21, step 20500, loss 0.9526, start_recall 0.9583, start_precise 0.8846, start_f1 0.9200, end_recall 0.9583, end_precise 0.8519, end_f1 0.9020, span_f1 0.7500, flag_f1 0.9583
2020-12-06 15:20:52 - train.py[line:110] - INFO: epoch 21, step 20600, loss 1.3594, start_recall 0.8519, start_precise 0.8846, start_f1 0.8679, end_recall 0.8889, end_precise 0.8276, end_f1 0.8571, span_f1 0.7660, flag_f1 0.9375
2020-12-06 15:21:17 - train.py[line:110] - INFO: epoch 21, step 20700, loss 1.5936, start_recall 0.8438, start_precise 0.9000, start_f1 0.8710, end_recall 0.8438, end_precise 0.9310, end_f1 0.8852, span_f1 0.6792, flag_f1 0.9167
2020-12-06 15:21:27 - train.py[line:164] - INFO: -----eval----
2020-12-06 15:21:27 - train.py[line:166] - INFO: epoch 21, step 20702, loss 0.9762, start_recall 0.7581, start_precise 0.7783, start_f1 0.7658, end_recall 0.7790, end_precise 0.7998, end_f1 0.7871, span_f1 0.6882,flag_f10.8904
2020-12-06 15:21:27 - train.py[line:167] - INFO: -----eval----
2020-12-06 15:21:56 - train.py[line:110] - INFO: epoch 22, step 20800, loss 1.1942, start_recall 0.9000, start_precise 1.0000, start_f1 0.9474, end_recall 0.8667, end_precise 0.9630, end_f1 0.9123, span_f1 0.8679, flag_f1 0.9583
2020-12-06 15:22:22 - train.py[line:110] - INFO: epoch 22, step 20900, loss 1.7277, start_recall 0.9167, start_precise 0.9167, start_f1 0.9167, end_recall 0.9167, end_precise 0.9429, end_f1 0.9296, span_f1 0.6071, flag_f1 0.9375
2020-12-06 15:22:47 - train.py[line:110] - INFO: epoch 22, step 21000, loss 1.5809, start_recall 0.9677, start_precise 0.8571, start_f1 0.9091, end_recall 0.8387, end_precise 0.8125, end_f1 0.8254, span_f1 0.8475, flag_f1 0.9167
2020-12-06 15:23:13 - train.py[line:110] - INFO: epoch 22, step 21100, loss 0.4610, start_recall 0.9500, start_precise 0.9500, start_f1 0.9500, end_recall 1.0000, end_precise 0.8696, end_f1 0.9302, span_f1 0.9500, flag_f1 0.9375
2020-12-06 15:23:38 - train.py[line:110] - INFO: epoch 22, step 21200, loss 1.1269, start_recall 0.9615, start_precise 0.9259, start_f1 0.9434, end_recall 0.9615, end_precise 0.8929, end_f1 0.9259, span_f1 0.7917, flag_f1 0.9792
2020-12-06 15:24:04 - train.py[line:110] - INFO: epoch 22, step 21300, loss 1.1558, start_recall 0.9000, start_precise 0.9000, start_f1 0.9000, end_recall 0.9333, end_precise 0.8750, end_f1 0.9032, span_f1 0.8519, flag_f1 0.8958
2020-12-06 15:24:30 - train.py[line:110] - INFO: epoch 22, step 21400, loss 1.5141, start_recall 0.7500, start_precise 0.8750, start_f1 0.8077, end_recall 0.8571, end_precise 0.9231, end_f1 0.8889, span_f1 0.8400, flag_f1 0.9583
2020-12-06 15:24:55 - train.py[line:110] - INFO: epoch 22, step 21500, loss 0.9786, start_recall 0.9655, start_precise 0.9333, start_f1 0.9492, end_recall 0.9310, end_precise 0.9310, end_f1 0.9310, span_f1 0.8214, flag_f1 0.9583
2020-12-06 15:25:21 - train.py[line:110] - INFO: epoch 22, step 21600, loss 1.3773, start_recall 0.9487, start_precise 0.8810, start_f1 0.9136, end_recall 0.9487, end_precise 0.9250, end_f1 0.9367, span_f1 0.7576, flag_f1 0.9583
2020-12-06 15:25:41 - train.py[line:164] - INFO: -----eval----
2020-12-06 15:25:41 - train.py[line:166] - INFO: epoch 22, step 21643, loss 0.7906, start_recall 0.7705, start_precise 0.7649, start_f1 0.7658, end_recall 0.8017, end_precise 0.7838, end_f1 0.7901, span_f1 0.6890,flag_f10.8907
2020-12-06 15:25:41 - train.py[line:167] - INFO: -----eval----
2020-12-06 15:26:00 - train.py[line:110] - INFO: epoch 23, step 21700, loss 1.3227, start_recall 0.9032, start_precise 0.8000, start_f1 0.8485, end_recall 0.9677, end_precise 0.8824, end_f1 0.9231, span_f1 0.8621, flag_f1 0.9167
2020-12-06 15:26:25 - train.py[line:110] - INFO: epoch 23, step 21800, loss 1.4117, start_recall 0.8889, start_precise 0.8889, start_f1 0.8889, end_recall 0.8889, end_precise 0.8276, end_f1 0.8571, span_f1 0.7500, flag_f1 0.9583
2020-12-06 15:26:51 - train.py[line:110] - INFO: epoch 23, step 21900, loss 1.1818, start_recall 1.0000, start_precise 0.8919, start_f1 0.9429, end_recall 0.9394, end_precise 0.9118, end_f1 0.9254, span_f1 0.8615, flag_f1 0.8958
2020-12-06 15:27:16 - train.py[line:110] - INFO: epoch 23, step 22000, loss 1.5884, start_recall 0.8462, start_precise 0.8800, start_f1 0.8627, end_recall 0.8846, end_precise 0.8846, end_f1 0.8846, span_f1 0.8400, flag_f1 0.9375
2020-12-06 15:27:42 - train.py[line:110] - INFO: epoch 23, step 22100, loss 0.9123, start_recall 0.9375, start_precise 0.9375, start_f1 0.9375, end_recall 0.9688, end_precise 0.9394, end_f1 0.9538, span_f1 0.9000, flag_f1 0.9375
2020-12-06 15:28:08 - train.py[line:110] - INFO: epoch 23, step 22200, loss 2.1549, start_recall 0.8788, start_precise 0.8788, start_f1 0.8788, end_recall 0.8485, end_precise 0.9333, end_f1 0.8889, span_f1 0.7037, flag_f1 0.9375
2020-12-06 15:28:34 - train.py[line:110] - INFO: epoch 23, step 22300, loss 0.5217, start_recall 0.9688, start_precise 0.9688, start_f1 0.9688, end_recall 1.0000, end_precise 0.9143, end_f1 0.9552, span_f1 0.9000, flag_f1 1.0000
2020-12-06 15:28:59 - train.py[line:110] - INFO: epoch 23, step 22400, loss 0.9790, start_recall 0.8438, start_precise 0.9310, start_f1 0.8852, end_recall 0.8750, end_precise 0.9655, end_f1 0.9180, span_f1 0.8333, flag_f1 0.9167
2020-12-06 15:29:25 - train.py[line:110] - INFO: epoch 23, step 22500, loss 1.1909, start_recall 0.9259, start_precise 0.9259, start_f1 0.9259, end_recall 0.9259, end_precise 0.8621, end_f1 0.8929, span_f1 0.8085, flag_f1 0.8958
2020-12-06 15:29:56 - train.py[line:164] - INFO: -----eval----
2020-12-06 15:29:56 - train.py[line:166] - INFO: epoch 23, step 22584, loss 0.9165, start_recall 0.7430, start_precise 0.7784, start_f1 0.7580, end_recall 0.7705, end_precise 0.8032, end_f1 0.7841, span_f1 0.6799,flag_f10.8874
2020-12-06 15:29:56 - train.py[line:167] - INFO: -----eval----
2020-12-06 15:30:04 - train.py[line:110] - INFO: epoch 24, step 22600, loss 0.8189, start_recall 1.0000, start_precise 0.9310, start_f1 0.9643, end_recall 0.9630, end_precise 0.8667, end_f1 0.9123, span_f1 0.8077, flag_f1 0.9583
2020-12-06 15:30:30 - train.py[line:110] - INFO: epoch 24, step 22700, loss 0.9567, start_recall 0.8857, start_precise 0.9394, start_f1 0.9118, end_recall 0.9429, end_precise 0.9706, end_f1 0.9565, span_f1 0.8000, flag_f1 0.9792
2020-12-06 15:30:56 - train.py[line:110] - INFO: epoch 24, step 22800, loss 2.7950, start_recall 0.8333, start_precise 0.8929, start_f1 0.8621, end_recall 0.9000, end_precise 0.9310, end_f1 0.9153, span_f1 0.7547, flag_f1 0.9583
2020-12-06 15:31:22 - train.py[line:110] - INFO: epoch 24, step 22900, loss 0.4386, start_recall 1.0000, start_precise 0.9615, start_f1 0.9804, end_recall 1.0000, end_precise 0.9615, end_f1 0.9804, span_f1 0.8800, flag_f1 0.9792
2020-12-06 15:31:47 - train.py[line:110] - INFO: epoch 24, step 23000, loss 0.7217, start_recall 1.0000, start_precise 0.9355, start_f1 0.9667, end_recall 1.0000, end_precise 0.9062, end_f1 0.9508, span_f1 0.8302, flag_f1 1.0000
2020-12-06 15:32:13 - train.py[line:110] - INFO: epoch 24, step 23100, loss 1.6514, start_recall 0.9310, start_precise 0.9000, start_f1 0.9153, end_recall 0.9310, end_precise 0.8182, end_f1 0.8710, span_f1 0.7200, flag_f1 0.9375
2020-12-06 15:32:39 - train.py[line:110] - INFO: epoch 24, step 23200, loss 0.8273, start_recall 0.9600, start_precise 1.0000, start_f1 0.9796, end_recall 0.9600, end_precise 0.9600, end_f1 0.9600, span_f1 0.9388, flag_f1 1.0000
2020-12-06 15:33:05 - train.py[line:110] - INFO: epoch 24, step 23300, loss 1.6958, start_recall 0.9000, start_precise 0.8710, start_f1 0.8852, end_recall 0.9000, end_precise 0.9000, end_f1 0.9000, span_f1 0.7200, flag_f1 0.9583
2020-12-06 15:33:30 - train.py[line:110] - INFO: epoch 24, step 23400, loss 0.9651, start_recall 1.0000, start_precise 0.9375, start_f1 0.9677, end_recall 0.9333, end_precise 0.9333, end_f1 0.9333, span_f1 0.9153, flag_f1 0.9583
2020-12-06 15:33:56 - train.py[line:110] - INFO: epoch 24, step 23500, loss 0.2710, start_recall 0.9655, start_precise 1.0000, start_f1 0.9825, end_recall 1.0000, end_precise 1.0000, end_f1 1.0000, span_f1 0.9455, flag_f1 1.0000
2020-12-06 15:34:12 - train.py[line:164] - INFO: -----eval----
2020-12-06 15:34:12 - train.py[line:166] - INFO: epoch 24, step 23525, loss 0.4508, start_recall 0.7215, start_precise 0.7915, start_f1 0.7519, end_recall 0.7452, end_precise 0.8129, end_f1 0.7749, span_f1 0.6700,flag_f10.8792
2020-12-06 15:34:12 - train.py[line:167] - INFO: -----eval----
2020-12-06 15:34:35 - train.py[line:110] - INFO: epoch 25, step 23600, loss 1.6426, start_recall 0.8857, start_precise 0.9688, start_f1 0.9254, end_recall 0.8611, end_precise 1.0000, end_f1 0.9254, span_f1 0.8308, flag_f1 0.9583
2020-12-06 15:35:01 - train.py[line:110] - INFO: epoch 25, step 23700, loss 3.0235, start_recall 0.8421, start_precise 0.9697, start_f1 0.9014, end_recall 0.8158, end_precise 1.0000, end_f1 0.8986, span_f1 0.7742, flag_f1 0.9583
2020-12-06 15:35:26 - train.py[line:110] - INFO: epoch 25, step 23800, loss 1.8514, start_recall 0.8286, start_precise 0.9355, start_f1 0.8788, end_recall 0.9143, end_precise 0.9143, end_f1 0.9143, span_f1 0.8571, flag_f1 0.9583
2020-12-06 15:35:52 - train.py[line:110] - INFO: epoch 25, step 23900, loss 0.6761, start_recall 1.0000, start_precise 0.9697, start_f1 0.9846, end_recall 0.9062, end_precise 1.0000, end_f1 0.9508, span_f1 0.8421, flag_f1 1.0000
2020-12-06 15:36:18 - train.py[line:110] - INFO: epoch 25, step 24000, loss 1.1190, start_recall 0.8966, start_precise 0.9286, start_f1 0.9123, end_recall 0.9310, end_precise 0.9643, end_f1 0.9474, span_f1 0.9286, flag_f1 0.9792
2020-12-06 15:36:44 - train.py[line:110] - INFO: epoch 25, step 24100, loss 0.9381, start_recall 0.9000, start_precise 0.8710, start_f1 0.8852, end_recall 0.9667, end_precise 0.9667, end_f1 0.9667, span_f1 0.8571, flag_f1 0.9583
2020-12-06 15:37:09 - train.py[line:110] - INFO: epoch 25, step 24200, loss 1.0238, start_recall 0.9667, start_precise 0.8788, start_f1 0.9206, end_recall 0.9333, end_precise 0.9032, end_f1 0.9180, span_f1 0.8966, flag_f1 0.9167
2020-12-06 15:37:35 - train.py[line:110] - INFO: epoch 25, step 24300, loss 1.7210, start_recall 0.9091, start_precise 1.0000, start_f1 0.9524, end_recall 0.8788, end_precise 0.9667, end_f1 0.9206, span_f1 0.9000, flag_f1 0.9792
2020-12-06 15:38:01 - train.py[line:110] - INFO: epoch 25, step 24400, loss 2.2611, start_recall 0.8148, start_precise 0.8462, start_f1 0.8302, end_recall 0.8519, end_precise 0.9200, end_f1 0.8846, span_f1 0.8235, flag_f1 0.9167
2020-12-06 15:38:28 - train.py[line:164] - INFO: -----eval----
2020-12-06 15:38:28 - train.py[line:166] - INFO: epoch 25, step 24466, loss 0.9546, start_recall 0.7485, start_precise 0.7778, start_f1 0.7601, end_recall 0.7810, end_precise 0.7963, end_f1 0.7858, span_f1 0.6821,flag_f10.8893
2020-12-06 15:38:28 - train.py[line:167] - INFO: -----eval----
2020-12-06 15:38:40 - train.py[line:110] - INFO: epoch 26, step 24500, loss 1.0969, start_recall 0.8125, start_precise 0.9630, start_f1 0.8814, end_recall 0.8438, end_precise 0.9310, end_f1 0.8852, span_f1 0.8364, flag_f1 0.9583
2020-12-06 15:39:06 - train.py[line:110] - INFO: epoch 26, step 24600, loss 2.1270, start_recall 0.9211, start_precise 0.8537, start_f1 0.8861, end_recall 0.9737, end_precise 0.9250, end_f1 0.9487, span_f1 0.7353, flag_f1 0.9375
2020-12-06 15:39:32 - train.py[line:110] - INFO: epoch 26, step 24700, loss 0.4576, start_recall 0.9600, start_precise 0.9231, start_f1 0.9412, end_recall 1.0000, end_precise 1.0000, end_f1 1.0000, span_f1 0.9130, flag_f1 0.9792
2020-12-06 15:39:58 - train.py[line:110] - INFO: epoch 26, step 24800, loss 0.2648, start_recall 1.0000, start_precise 1.0000, start_f1 1.0000, end_recall 1.0000, end_precise 1.0000, end_f1 1.0000, span_f1 1.0000, flag_f1 0.9792
2020-12-06 15:40:23 - train.py[line:110] - INFO: epoch 26, step 24900, loss 0.6940, start_recall 0.9500, start_precise 0.8261, start_f1 0.8837, end_recall 1.0000, end_precise 0.8333, end_f1 0.9091, span_f1 0.9500, flag_f1 0.9375
2020-12-06 15:40:49 - train.py[line:110] - INFO: epoch 26, step 25000, loss 1.8533, start_recall 0.8929, start_precise 0.9259, start_f1 0.9091, end_recall 0.8929, end_precise 0.8333, end_f1 0.8621, span_f1 0.7600, flag_f1 0.8750
2020-12-06 15:41:15 - train.py[line:110] - INFO: epoch 26, step 25100, loss 1.5973, start_recall 0.9429, start_precise 0.9167, start_f1 0.9296, end_recall 0.9143, end_precise 0.8649, end_f1 0.8889, span_f1 0.8485, flag_f1 0.8958
2020-12-06 15:41:41 - train.py[line:110] - INFO: epoch 26, step 25200, loss 1.4313, start_recall 0.8667, start_precise 0.8667, start_f1 0.8667, end_recall 0.9333, end_precise 0.9655, end_f1 0.9492, span_f1 0.8302, flag_f1 0.9583
2020-12-06 15:42:06 - train.py[line:110] - INFO: epoch 26, step 25300, loss 0.8070, start_recall 0.8438, start_precise 0.9310, start_f1 0.8852, end_recall 1.0000, end_precise 1.0000, end_f1 1.0000, span_f1 0.8000, flag_f1 0.9792
2020-12-06 15:42:32 - train.py[line:110] - INFO: epoch 26, step 25400, loss 2.2144, start_recall 0.7941, start_precise 0.8438, start_f1 0.8182, end_recall 0.9412, end_precise 0.9143, end_f1 0.9275, span_f1 0.6296, flag_f1 0.9583
2020-12-06 15:42:43 - train.py[line:164] - INFO: -----eval----
2020-12-06 15:42:43 - train.py[line:166] - INFO: epoch 26, step 25407, loss 1.1103, start_recall 0.7490, start_precise 0.7784, start_f1 0.7611, end_recall 0.7776, end_precise 0.7961, end_f1 0.7848, span_f1 0.6824,flag_f10.8874
2020-12-06 15:42:43 - train.py[line:167] - INFO: -----eval----
2020-12-06 15:43:11 - train.py[line:110] - INFO: epoch 27, step 25500, loss 0.4393, start_recall 0.9600, start_precise 0.9600, start_f1 0.9600, end_recall 1.0000, end_precise 0.9615, end_f1 0.9804, span_f1 0.9388, flag_f1 1.0000
2020-12-06 15:43:36 - train.py[line:110] - INFO: epoch 27, step 25600, loss 1.0339, start_recall 0.9259, start_precise 1.0000, start_f1 0.9615, end_recall 0.9630, end_precise 0.9286, end_f1 0.9455, span_f1 0.8846, flag_f1 0.9375
2020-12-06 15:44:02 - train.py[line:110] - INFO: epoch 27, step 25700, loss 1.0627, start_recall 0.9355, start_precise 0.8788, start_f1 0.9062, end_recall 0.9677, end_precise 0.9091, end_f1 0.9375, span_f1 0.8136, flag_f1 0.9583
2020-12-06 15:44:28 - train.py[line:110] - INFO: epoch 27, step 25800, loss 1.0251, start_recall 0.9459, start_precise 0.9722, start_f1 0.9589, end_recall 0.9730, end_precise 1.0000, end_f1 0.9863, span_f1 0.7419, flag_f1 0.9792
2020-12-06 15:44:53 - train.py[line:110] - INFO: epoch 27, step 25900, loss 0.5896, start_recall 0.9259, start_precise 0.9259, start_f1 0.9259, end_recall 0.9630, end_precise 0.9286, end_f1 0.9455, span_f1 0.9231, flag_f1 0.9375
2020-12-06 15:45:19 - train.py[line:110] - INFO: epoch 27, step 26000, loss 1.4465, start_recall 0.9355, start_precise 0.8788, start_f1 0.9062, end_recall 0.9355, end_precise 0.9062, end_f1 0.9206, span_f1 0.8814, flag_f1 0.9583
2020-12-06 15:45:44 - train.py[line:110] - INFO: epoch 27, step 26100, loss 0.8439, start_recall 0.8621, start_precise 0.8929, start_f1 0.8772, end_recall 0.9310, end_precise 0.9643, end_f1 0.9474, span_f1 0.8727, flag_f1 0.9583
2020-12-06 15:46:10 - train.py[line:110] - INFO: epoch 27, step 26200, loss 1.0158, start_recall 0.9167, start_precise 0.8462, start_f1 0.8800, end_recall 1.0000, end_precise 0.8889, end_f1 0.9412, span_f1 0.8182, flag_f1 0.9583
2020-12-06 15:46:36 - train.py[line:110] - INFO: epoch 27, step 26300, loss 0.9379, start_recall 0.8750, start_precise 0.9130, start_f1 0.8936, end_recall 0.8750, end_precise 0.9545, end_f1 0.9130, span_f1 0.7442, flag_f1 0.8750
2020-12-06 15:46:57 - train.py[line:164] - INFO: -----eval----
2020-12-06 15:46:57 - train.py[line:166] - INFO: epoch 27, step 26348, loss 0.6849, start_recall 0.7494, start_precise 0.7745, start_f1 0.7594, end_recall 0.7891, end_precise 0.7855, end_f1 0.7852, span_f1 0.6794,flag_f10.8882
2020-12-06 15:46:57 - train.py[line:167] - INFO: -----eval----
2020-12-06 15:47:15 - train.py[line:110] - INFO: epoch 28, step 26400, loss 0.4068, start_recall 1.0000, start_precise 1.0000, start_f1 1.0000, end_recall 1.0000, end_precise 1.0000, end_f1 1.0000, span_f1 0.8846, flag_f1 1.0000
2020-12-06 15:47:40 - train.py[line:110] - INFO: epoch 28, step 26500, loss 1.0334, start_recall 0.9143, start_precise 1.0000, start_f1 0.9552, end_recall 0.9429, end_precise 0.9706, end_f1 0.9565, span_f1 0.8525, flag_f1 0.9792
2020-12-06 15:48:06 - train.py[line:110] - INFO: epoch 28, step 26600, loss 1.8685, start_recall 0.9259, start_precise 0.8333, start_f1 0.8772, end_recall 0.8889, end_precise 0.8571, end_f1 0.8727, span_f1 0.8571, flag_f1 0.9583
2020-12-06 15:48:31 - train.py[line:110] - INFO: epoch 28, step 26700, loss 1.5076, start_recall 0.9773, start_precise 0.9556, start_f1 0.9663, end_recall 0.9773, end_precise 0.9556, end_f1 0.9663, span_f1 0.7027, flag_f1 0.9792
2020-12-06 15:48:57 - train.py[line:110] - INFO: epoch 28, step 26800, loss 0.6326, start_recall 0.9231, start_precise 0.9600, start_f1 0.9412, end_recall 0.9231, end_precise 0.9600, end_f1 0.9412, span_f1 0.8750, flag_f1 0.9792
2020-12-06 15:49:23 - train.py[line:110] - INFO: epoch 28, step 26900, loss 0.5938, start_recall 0.9688, start_precise 0.9688, start_f1 0.9688, end_recall 0.9688, end_precise 1.0000, end_f1 0.9841, span_f1 0.8197, flag_f1 1.0000
2020-12-06 15:49:48 - train.py[line:110] - INFO: epoch 28, step 27000, loss 0.9831, start_recall 0.9286, start_precise 0.8667, start_f1 0.8966, end_recall 1.0000, end_precise 0.8710, end_f1 0.9310, span_f1 0.8929, flag_f1 0.9583
2020-12-06 15:50:14 - train.py[line:110] - INFO: epoch 28, step 27100, loss 0.9841, start_recall 0.9394, start_precise 0.9394, start_f1 0.9394, end_recall 1.0000, end_precise 0.9706, end_f1 0.9851, span_f1 0.8889, flag_f1 0.9792
2020-12-06 15:50:39 - train.py[line:110] - INFO: epoch 28, step 27200, loss 1.1000, start_recall 0.9032, start_precise 0.8750, start_f1 0.8889, end_recall 0.9677, end_precise 0.9375, end_f1 0.9524, span_f1 0.8148, flag_f1 0.9583
2020-12-06 15:51:12 - train.py[line:164] - INFO: -----eval----
2020-12-06 15:51:12 - train.py[line:166] - INFO: epoch 28, step 27289, loss 0.3179, start_recall 0.7590, start_precise 0.7708, start_f1 0.7621, end_recall 0.7864, end_precise 0.7896, end_f1 0.7852, span_f1 0.6783,flag_f10.8895
2020-12-06 15:51:12 - train.py[line:167] - INFO: -----eval----
2020-12-06 15:51:19 - train.py[line:110] - INFO: epoch 29, step 27300, loss 1.1027, start_recall 0.9286, start_precise 0.9630, start_f1 0.9455, end_recall 0.9286, end_precise 0.9286, end_f1 0.9286, span_f1 0.7917, flag_f1 0.9583
2020-12-06 15:51:44 - train.py[line:110] - INFO: epoch 29, step 27400, loss 0.8879, start_recall 1.0000, start_precise 0.7941, start_f1 0.8852, end_recall 0.9630, end_precise 0.8667, end_f1 0.9123, span_f1 0.8929, flag_f1 0.9375
2020-12-06 15:52:10 - train.py[line:110] - INFO: epoch 29, step 27500, loss 0.6160, start_recall 0.9355, start_precise 0.9355, start_f1 0.9355, end_recall 0.9677, end_precise 0.9677, end_f1 0.9677, span_f1 0.9310, flag_f1 0.9375
2020-12-06 15:52:35 - train.py[line:110] - INFO: epoch 29, step 27600, loss 1.0217, start_recall 0.9355, start_precise 0.9667, start_f1 0.9508, end_recall 0.9355, end_precise 0.9667, end_f1 0.9508, span_f1 0.8772, flag_f1 0.9583
2020-12-06 15:53:01 - train.py[line:110] - INFO: epoch 29, step 27700, loss 0.6443, start_recall 1.0000, start_precise 0.9730, start_f1 0.9863, end_recall 1.0000, end_precise 0.9474, end_f1 0.9730, span_f1 0.8657, flag_f1 1.0000
2020-12-06 15:53:27 - train.py[line:110] - INFO: epoch 29, step 27800, loss 0.8041, start_recall 0.9688, start_precise 0.9394, start_f1 0.9538, end_recall 1.0000, end_precise 0.8649, end_f1 0.9275, span_f1 0.8923, flag_f1 0.9583
2020-12-06 15:53:52 - train.py[line:110] - INFO: epoch 29, step 27900, loss 0.8839, start_recall 0.9032, start_precise 0.9655, start_f1 0.9333, end_recall 0.9677, end_precise 0.9677, end_f1 0.9677, span_f1 0.8302, flag_f1 1.0000
2020-12-06 15:54:18 - train.py[line:110] - INFO: epoch 29, step 28000, loss 0.6769, start_recall 0.9259, start_precise 0.9259, start_f1 0.9259, end_recall 0.9259, end_precise 0.9259, end_f1 0.9259, span_f1 0.8889, flag_f1 0.9583
2020-12-06 15:54:43 - train.py[line:110] - INFO: epoch 29, step 28100, loss 0.7782, start_recall 0.9310, start_precise 1.0000, start_f1 0.9643, end_recall 0.9310, end_precise 1.0000, end_f1 0.9643, span_f1 0.8889, flag_f1 0.9167
2020-12-06 15:55:09 - train.py[line:110] - INFO: epoch 29, step 28200, loss 1.1656, start_recall 0.9412, start_precise 0.8889, start_f1 0.9143, end_recall 1.0000, end_precise 0.8947, end_f1 0.9444, span_f1 0.8358, flag_f1 0.9167
2020-12-06 15:55:26 - train.py[line:164] - INFO: -----eval----
2020-12-06 15:55:26 - train.py[line:166] - INFO: epoch 29, step 28230, loss 1.2269, start_recall 0.7505, start_precise 0.7767, start_f1 0.7613, end_recall 0.7725, end_precise 0.7979, end_f1 0.7825, span_f1 0.6770,flag_f10.8896
2020-12-06 15:55:26 - train.py[line:167] - INFO: -----eval----
2020-12-06 15:55:48 - train.py[line:110] - INFO: epoch 30, step 28300, loss 2.3043, start_recall 0.8649, start_precise 0.9143, start_f1 0.8889, end_recall 0.7838, end_precise 0.8529, end_f1 0.8169, span_f1 0.6780, flag_f1 0.9792
2020-12-06 15:56:13 - train.py[line:110] - INFO: epoch 30, step 28400, loss 0.9024, start_recall 0.9688, start_precise 0.9688, start_f1 0.9688, end_recall 0.9688, end_precise 1.0000, end_f1 0.9841, span_f1 0.8667, flag_f1 0.9792
2020-12-06 15:56:39 - train.py[line:110] - INFO: epoch 30, step 28500, loss 1.2098, start_recall 0.9375, start_precise 0.9091, start_f1 0.9231, end_recall 0.9375, end_precise 0.9091, end_f1 0.9231, span_f1 0.8710, flag_f1 0.9792
2020-12-06 15:57:04 - train.py[line:110] - INFO: epoch 30, step 28600, loss 1.0819, start_recall 0.8750, start_precise 0.9333, start_f1 0.9032, end_recall 0.9062, end_precise 0.9355, end_f1 0.9206, span_f1 0.8421, flag_f1 0.9583
2020-12-06 15:57:30 - train.py[line:110] - INFO: epoch 30, step 28700, loss 0.5607, start_recall 1.0000, start_precise 0.9688, start_f1 0.9841, end_recall 1.0000, end_precise 0.9688, end_f1 0.9841, span_f1 0.9000, flag_f1 0.9792
2020-12-06 15:57:56 - train.py[line:110] - INFO: epoch 30, step 28800, loss 1.0636, start_recall 0.8400, start_precise 0.9545, start_f1 0.8936, end_recall 0.8800, end_precise 0.8148, end_f1 0.8462, span_f1 0.8000, flag_f1 0.9375
2020-12-06 15:58:21 - train.py[line:110] - INFO: epoch 30, step 28900, loss 0.9849, start_recall 0.8966, start_precise 0.9286, start_f1 0.9123, end_recall 0.9655, end_precise 1.0000, end_f1 0.9825, span_f1 0.8889, flag_f1 0.9375
2020-12-06 15:58:47 - train.py[line:110] - INFO: epoch 30, step 29000, loss 1.3363, start_recall 0.9231, start_precise 0.8889, start_f1 0.9057, end_recall 0.8846, end_precise 0.9200, end_f1 0.9020, span_f1 0.7826, flag_f1 0.9375
2020-12-06 15:59:12 - train.py[line:110] - INFO: epoch 30, step 29100, loss 1.5456, start_recall 0.8788, start_precise 0.8788, start_f1 0.8788, end_recall 0.9394, end_precise 0.9688, end_f1 0.9538, span_f1 0.7719, flag_f1 0.9583
2020-12-06 15:59:40 - train.py[line:164] - INFO: -----eval----
2020-12-06 15:59:40 - train.py[line:166] - INFO: epoch 30, step 29171, loss 0.1835, start_recall 0.7639, start_precise 0.7650, start_f1 0.7625, end_recall 0.7918, end_precise 0.7846, end_f1 0.7862, span_f1 0.6798,flag_f10.8891
2020-12-06 15:59:40 - train.py[line:167] - INFO: -----eval----
2020-12-06 15:59:52 - train.py[line:110] - INFO: epoch 31, step 29200, loss 1.4855, start_recall 0.8889, start_precise 0.9600, start_f1 0.9231, end_recall 0.9259, end_precise 0.9615, end_f1 0.9434, span_f1 0.8085, flag_f1 0.9792
2020-12-06 16:00:17 - train.py[line:110] - INFO: epoch 31, step 29300, loss 0.7019, start_recall 0.8947, start_precise 1.0000, start_f1 0.9444, end_recall 0.9737, end_precise 1.0000, end_f1 0.9867, span_f1 0.8358, flag_f1 1.0000
2020-12-06 16:00:43 - train.py[line:110] - INFO: epoch 31, step 29400, loss 0.9523, start_recall 1.0000, start_precise 0.9474, start_f1 0.9730, end_recall 1.0000, end_precise 0.9474, end_f1 0.9730, span_f1 0.8197, flag_f1 0.9792
2020-12-06 16:01:08 - train.py[line:110] - INFO: epoch 31, step 29500, loss 1.1827, start_recall 0.9737, start_precise 0.8810, start_f1 0.9250, end_recall 0.9474, end_precise 0.9474, end_f1 0.9474, span_f1 0.8308, flag_f1 0.9792
2020-12-06 16:01:34 - train.py[line:110] - INFO: epoch 31, step 29600, loss 1.6780, start_recall 0.8929, start_precise 0.9615, start_f1 0.9259, end_recall 0.8929, end_precise 0.8929, end_f1 0.8929, span_f1 0.8571, flag_f1 0.9792
2020-12-06 16:02:00 - train.py[line:110] - INFO: epoch 31, step 29700, loss 1.0091, start_recall 0.9333, start_precise 0.9333, start_f1 0.9333, end_recall 0.9333, end_precise 0.9655, end_f1 0.9492, span_f1 0.9000, flag_f1 0.9792
2020-12-06 16:02:25 - train.py[line:110] - INFO: epoch 31, step 29800, loss 0.9868, start_recall 0.9310, start_precise 1.0000, start_f1 0.9643, end_recall 0.9310, end_precise 0.9643, end_f1 0.9474, span_f1 0.8889, flag_f1 0.9792
2020-12-06 16:02:51 - train.py[line:110] - INFO: epoch 31, step 29900, loss 0.8688, start_recall 0.9643, start_precise 0.8182, start_f1 0.8852, end_recall 0.9286, end_precise 0.9630, end_f1 0.9455, span_f1 0.8077, flag_f1 0.9375
2020-12-06 16:03:17 - train.py[line:110] - INFO: epoch 31, step 30000, loss 1.6472, start_recall 0.8214, start_precise 0.9200, start_f1 0.8679, end_recall 0.8929, end_precise 0.9259, end_f1 0.9091, span_f1 0.8000, flag_f1 0.9583
2020-12-06 16:03:43 - train.py[line:110] - INFO: epoch 31, step 30100, loss 1.1570, start_recall 0.9697, start_precise 0.9412, start_f1 0.9552, end_recall 0.9091, end_precise 0.9677, end_f1 0.9375, span_f1 0.8421, flag_f1 0.9792
2020-12-06 16:03:55 - train.py[line:164] - INFO: -----eval----
2020-12-06 16:03:55 - train.py[line:166] - INFO: epoch 31, step 30112, loss 0.1573, start_recall 0.7471, start_precise 0.7739, start_f1 0.7579, end_recall 0.7750, end_precise 0.7925, end_f1 0.7814, span_f1 0.6769,flag_f10.8869
2020-12-06 16:03:55 - train.py[line:167] - INFO: -----eval----
2020-12-06 16:04:21 - train.py[line:110] - INFO: epoch 32, step 30200, loss 1.2796, start_recall 0.8889, start_precise 0.9600, start_f1 0.9231, end_recall 0.8519, end_precise 0.9583, end_f1 0.9020, span_f1 0.8627, flag_f1 0.9375
2020-12-06 16:04:47 - train.py[line:110] - INFO: epoch 32, step 30300, loss 1.4897, start_recall 0.8710, start_precise 0.9310, start_f1 0.9000, end_recall 1.0000, end_precise 0.9677, end_f1 0.9836, span_f1 0.8070, flag_f1 0.9792
2020-12-06 16:05:13 - train.py[line:110] - INFO: epoch 32, step 30400, loss 0.5853, start_recall 0.9615, start_precise 0.9615, start_f1 0.9615, end_recall 0.9615, end_precise 0.9615, end_f1 0.9615, span_f1 0.8261, flag_f1 0.9792
2020-12-06 16:05:39 - train.py[line:110] - INFO: epoch 32, step 30500, loss 0.5131, start_recall 0.9655, start_precise 0.9655, start_f1 0.9655, end_recall 0.9655, end_precise 0.9655, end_f1 0.9655, span_f1 0.9643, flag_f1 0.9792
2020-12-06 16:06:04 - train.py[line:110] - INFO: epoch 32, step 30600, loss 1.7227, start_recall 0.8621, start_precise 0.9615, start_f1 0.9091, end_recall 0.9655, end_precise 0.9655, end_f1 0.9655, span_f1 0.8235, flag_f1 0.9375
2020-12-06 16:06:30 - train.py[line:110] - INFO: epoch 32, step 30700, loss 1.2177, start_recall 0.9118, start_precise 0.9394, start_f1 0.9254, end_recall 0.9412, end_precise 0.9412, end_f1 0.9412, span_f1 0.8750, flag_f1 0.9583
2020-12-06 16:06:56 - train.py[line:110] - INFO: epoch 32, step 30800, loss 1.1749, start_recall 0.9677, start_precise 0.9677, start_f1 0.9677, end_recall 0.9355, end_precise 0.9062, end_f1 0.9206, span_f1 0.8148, flag_f1 0.9792
2020-12-06 16:07:21 - train.py[line:110] - INFO: epoch 32, step 30900, loss 1.2327, start_recall 0.9459, start_precise 0.9459, start_f1 0.9459, end_recall 0.9459, end_precise 0.9211, end_f1 0.9333, span_f1 0.8485, flag_f1 0.9375
2020-12-06 16:07:47 - train.py[line:110] - INFO: epoch 32, step 31000, loss 0.6796, start_recall 0.9375, start_precise 0.9677, start_f1 0.9524, end_recall 0.9688, end_precise 0.9118, end_f1 0.9394, span_f1 0.8621, flag_f1 0.9583
2020-12-06 16:08:10 - train.py[line:164] - INFO: -----eval----
2020-12-06 16:08:10 - train.py[line:166] - INFO: epoch 32, step 31053, loss 6.8914, start_recall 0.7617, start_precise 0.7632, start_f1 0.7601, end_recall 0.7799, end_precise 0.7892, end_f1 0.7824, span_f1 0.6803,flag_f10.8886
2020-12-06 16:08:10 - train.py[line:167] - INFO: -----eval----
2020-12-06 16:08:26 - train.py[line:110] - INFO: epoch 33, step 31100, loss 1.3583, start_recall 0.9167, start_precise 0.9167, start_f1 0.9167, end_recall 0.9583, end_precise 1.0000, end_f1 0.9787, span_f1 0.9130, flag_f1 0.8750
2020-12-06 16:08:52 - train.py[line:110] - INFO: epoch 33, step 31200, loss 0.5494, start_recall 0.9615, start_precise 0.9615, start_f1 0.9615, end_recall 0.9615, end_precise 1.0000, end_f1 0.9804, span_f1 0.9600, flag_f1 0.9792
2020-12-06 16:09:18 - train.py[line:110] - INFO: epoch 33, step 31300, loss 1.5584, start_recall 0.9429, start_precise 0.9167, start_f1 0.9296, end_recall 0.8919, end_precise 0.8919, end_f1 0.8919, span_f1 0.8000, flag_f1 0.9167
2020-12-06 16:09:44 - train.py[line:110] - INFO: epoch 33, step 31400, loss 0.4287, start_recall 1.0000, start_precise 1.0000, start_f1 1.0000, end_recall 0.9697, end_precise 0.9697, end_f1 0.9697, span_f1 0.9538, flag_f1 0.9792
2020-12-06 16:10:09 - train.py[line:110] - INFO: epoch 33, step 31500, loss 1.9503, start_recall 0.8919, start_precise 0.9706, start_f1 0.9296, end_recall 0.9189, end_precise 1.0000, end_f1 0.9577, span_f1 0.8065, flag_f1 0.9792
2020-12-06 16:10:35 - train.py[line:110] - INFO: epoch 33, step 31600, loss 0.7733, start_recall 0.9355, start_precise 0.8529, start_f1 0.8923, end_recall 1.0000, end_precise 0.9118, end_f1 0.9538, span_f1 0.9180, flag_f1 0.9792
2020-12-06 16:11:01 - train.py[line:110] - INFO: epoch 33, step 31700, loss 1.2408, start_recall 0.9714, start_precise 0.9444, start_f1 0.9577, end_recall 0.9714, end_precise 0.9714, end_f1 0.9714, span_f1 0.8750, flag_f1 1.0000
2020-12-06 16:11:27 - train.py[line:110] - INFO: epoch 33, step 31800, loss 0.2278, start_recall 1.0000, start_precise 1.0000, start_f1 1.0000, end_recall 1.0000, end_precise 0.9643, end_f1 0.9818, span_f1 0.9630, flag_f1 1.0000
2020-12-06 16:11:52 - train.py[line:110] - INFO: epoch 33, step 31900, loss 0.6917, start_recall 0.9615, start_precise 0.9259, start_f1 0.9434, end_recall 0.8846, end_precise 0.9200, end_f1 0.9020, span_f1 0.8261, flag_f1 0.9583
2020-12-06 16:12:26 - train.py[line:164] - INFO: -----eval----
2020-12-06 16:12:26 - train.py[line:166] - INFO: epoch 33, step 31994, loss 0.1183, start_recall 0.7567, start_precise 0.7651, start_f1 0.7583, end_recall 0.7721, end_precise 0.7911, end_f1 0.7792, span_f1 0.6764,flag_f10.8898
2020-12-06 16:12:26 - train.py[line:167] - INFO: -----eval----
2020-12-06 16:12:32 - train.py[line:110] - INFO: epoch 34, step 32000, loss 1.2325, start_recall 0.9375, start_precise 0.9091, start_f1 0.9231, end_recall 1.0000, end_precise 0.9143, end_f1 0.9552, span_f1 0.8254, flag_f1 0.9792
2020-12-06 16:12:57 - train.py[line:110] - INFO: epoch 34, step 32100, loss 1.0649, start_recall 0.8800, start_precise 0.9167, start_f1 0.8980, end_recall 0.9200, end_precise 0.9583, end_f1 0.9388, span_f1 0.7442, flag_f1 0.9792
2020-12-06 16:13:23 - train.py[line:110] - INFO: epoch 34, step 32200, loss 0.1893, start_recall 1.0000, start_precise 1.0000, start_f1 1.0000, end_recall 1.0000, end_precise 0.9655, end_f1 0.9825, span_f1 0.9818, flag_f1 1.0000
2020-12-06 16:13:49 - train.py[line:110] - INFO: epoch 34, step 32300, loss 1.2452, start_recall 0.9394, start_precise 0.9688, start_f1 0.9538, end_recall 0.9091, end_precise 1.0000, end_f1 0.9524, span_f1 0.8852, flag_f1 0.9583
2020-12-06 16:14:14 - train.py[line:110] - INFO: epoch 34, step 32400, loss 0.6652, start_recall 0.8571, start_precise 0.9600, start_f1 0.9057, end_recall 0.9643, end_precise 0.9643, end_f1 0.9643, span_f1 0.8846, flag_f1 0.9167
2020-12-06 16:14:40 - train.py[line:110] - INFO: epoch 34, step 32500, loss 0.3637, start_recall 0.9500, start_precise 1.0000, start_f1 0.9744, end_recall 0.9500, end_precise 1.0000, end_f1 0.9744, span_f1 0.8947, flag_f1 0.9792
2020-12-06 16:15:06 - train.py[line:110] - INFO: epoch 34, step 32600, loss 0.7999, start_recall 1.0000, start_precise 0.9429, start_f1 0.9706, end_recall 1.0000, end_precise 0.8919, end_f1 0.9429, span_f1 0.8308, flag_f1 0.9792
2020-12-06 16:15:31 - train.py[line:110] - INFO: epoch 34, step 32700, loss 0.9567, start_recall 0.9630, start_precise 0.8966, start_f1 0.9286, end_recall 0.9630, end_precise 0.8966, end_f1 0.9286, span_f1 0.8980, flag_f1 0.9792
2020-12-06 16:15:57 - train.py[line:110] - INFO: epoch 34, step 32800, loss 0.9208, start_recall 0.9714, start_precise 0.9714, start_f1 0.9714, end_recall 0.9714, end_precise 0.9714, end_f1 0.9714, span_f1 0.8000, flag_f1 1.0000
2020-12-06 16:16:23 - train.py[line:110] - INFO: epoch 34, step 32900, loss 0.7042, start_recall 1.0000, start_precise 0.9667, start_f1 0.9831, end_recall 1.0000, end_precise 0.9355, end_f1 0.9667, span_f1 0.8000, flag_f1 0.9583
2020-12-06 16:16:41 - train.py[line:164] - INFO: -----eval----
2020-12-06 16:16:41 - train.py[line:166] - INFO: epoch 34, step 32935, loss 0.1262, start_recall 0.7490, start_precise 0.7645, start_f1 0.7535, end_recall 0.7729, end_precise 0.7913, end_f1 0.7793, span_f1 0.6706,flag_f10.8872
2020-12-06 16:16:41 - train.py[line:167] - INFO: -----eval----
2020-12-06 16:17:01 - train.py[line:110] - INFO: epoch 35, step 33000, loss 0.5567, start_recall 1.0000, start_precise 1.0000, start_f1 1.0000, end_recall 0.9688, end_precise 0.9688, end_f1 0.9688, span_f1 0.8621, flag_f1 1.0000
2020-12-06 16:17:27 - train.py[line:110] - INFO: epoch 35, step 33100, loss 0.7194, start_recall 1.0000, start_precise 0.9310, start_f1 0.9643, end_recall 1.0000, end_precise 0.9000, end_f1 0.9474, span_f1 0.9286, flag_f1 0.9375
2020-12-06 16:17:53 - train.py[line:110] - INFO: epoch 35, step 33200, loss 1.3291, start_recall 0.9333, start_precise 0.9333, start_f1 0.9333, end_recall 0.9333, end_precise 0.9032, end_f1 0.9180, span_f1 0.8571, flag_f1 0.9583
2020-12-06 16:18:19 - train.py[line:110] - INFO: epoch 35, step 33300, loss 0.3847, start_recall 1.0000, start_precise 1.0000, start_f1 1.0000, end_recall 1.0000, end_precise 1.0000, end_f1 1.0000, span_f1 0.8727, flag_f1 0.9583
2020-12-06 16:18:44 - train.py[line:110] - INFO: epoch 35, step 33400, loss 0.8993, start_recall 1.0000, start_precise 1.0000, start_f1 1.0000, end_recall 0.9697, end_precise 0.9697, end_f1 0.9697, span_f1 0.8788, flag_f1 1.0000
2020-12-06 16:19:10 - train.py[line:110] - INFO: epoch 35, step 33500, loss 0.8962, start_recall 0.9744, start_precise 0.9268, start_f1 0.9500, end_recall 1.0000, end_precise 0.9750, end_f1 0.9873, span_f1 0.8451, flag_f1 0.9167
2020-12-06 16:19:36 - train.py[line:110] - INFO: epoch 35, step 33600, loss 1.1804, start_recall 0.9375, start_precise 0.9677, start_f1 0.9524, end_recall 0.9375, end_precise 0.9375, end_f1 0.9375, span_f1 0.8889, flag_f1 0.9792
2020-12-06 16:20:01 - train.py[line:110] - INFO: epoch 35, step 33700, loss 0.8340, start_recall 0.9259, start_precise 0.8929, start_f1 0.9091, end_recall 0.9630, end_precise 0.8966, end_f1 0.9286, span_f1 0.8846, flag_f1 0.9375
2020-12-06 16:20:27 - train.py[line:110] - INFO: epoch 35, step 33800, loss 2.0609, start_recall 0.9394, start_precise 0.9118, start_f1 0.9254, end_recall 0.9091, end_precise 0.9091, end_f1 0.9091, span_f1 0.8710, flag_f1 0.9167
2020-12-06 16:20:56 - train.py[line:164] - INFO: -----eval----
2020-12-06 16:20:56 - train.py[line:166] - INFO: epoch 35, step 33876, loss 0.0752, start_recall 0.7562, start_precise 0.7625, start_f1 0.7570, end_recall 0.7798, end_precise 0.7879, end_f1 0.7812, span_f1 0.6762,flag_f10.8886
2020-12-06 16:20:56 - train.py[line:167] - INFO: -----eval----
2020-12-06 16:21:06 - train.py[line:110] - INFO: epoch 36, step 33900, loss 1.2311, start_recall 0.9167, start_precise 0.9565, start_f1 0.9362, end_recall 0.8750, end_precise 0.8750, end_f1 0.8750, span_f1 0.8444, flag_f1 0.9167
2020-12-06 16:21:32 - train.py[line:110] - INFO: epoch 36, step 34000, loss 0.5129, start_recall 0.9565, start_precise 0.9565, start_f1 0.9565, end_recall 0.9130, end_precise 0.9130, end_f1 0.9130, span_f1 0.9091, flag_f1 0.9583
2020-12-06 16:21:58 - train.py[line:110] - INFO: epoch 36, step 34100, loss 0.2942, start_recall 1.0000, start_precise 1.0000, start_f1 1.0000, end_recall 1.0000, end_precise 1.0000, end_f1 1.0000, span_f1 0.9655, flag_f1 0.9792
2020-12-06 16:22:23 - train.py[line:110] - INFO: epoch 36, step 34200, loss 0.9672, start_recall 0.9394, start_precise 0.9688, start_f1 0.9538, end_recall 0.9394, end_precise 1.0000, end_f1 0.9687, span_f1 0.8525, flag_f1 0.9583
2020-12-06 16:22:49 - train.py[line:110] - INFO: epoch 36, step 34300, loss 1.2945, start_recall 0.8214, start_precise 1.0000, start_f1 0.9020, end_recall 0.8929, end_precise 0.9259, end_f1 0.9091, span_f1 0.8627, flag_f1 0.9167
2020-12-06 16:23:15 - train.py[line:110] - INFO: epoch 36, step 34400, loss 0.9048, start_recall 0.9667, start_precise 1.0000, start_f1 0.9831, end_recall 0.9333, end_precise 1.0000, end_f1 0.9655, span_f1 0.8889, flag_f1 0.9583
2020-12-06 16:23:40 - train.py[line:110] - INFO: epoch 36, step 34500, loss 1.6259, start_recall 0.9429, start_precise 0.9429, start_f1 0.9429, end_recall 0.9143, end_precise 0.9412, end_f1 0.9275, span_f1 0.8615, flag_f1 0.9583
2020-12-06 16:24:06 - train.py[line:110] - INFO: epoch 36, step 34600, loss 0.2973, start_recall 1.0000, start_precise 0.9565, start_f1 0.9778, end_recall 1.0000, end_precise 0.9565, end_f1 0.9778, span_f1 0.9767, flag_f1 0.9792
2020-12-06 16:24:32 - train.py[line:110] - INFO: epoch 36, step 34700, loss 0.3022, start_recall 1.0000, start_precise 0.9677, start_f1 0.9836, end_recall 1.0000, end_precise 0.9677, end_f1 0.9836, span_f1 0.9492, flag_f1 0.9792
2020-12-06 16:24:58 - train.py[line:110] - INFO: epoch 36, step 34800, loss 0.6910, start_recall 0.9706, start_precise 1.0000, start_f1 0.9851, end_recall 1.0000, end_precise 0.9714, end_f1 0.9855, span_f1 0.8667, flag_f1 1.0000
2020-12-06 16:25:12 - train.py[line:164] - INFO: -----eval----
2020-12-06 16:25:12 - train.py[line:166] - INFO: epoch 36, step 34817, loss 0.0588, start_recall 0.7532, start_precise 0.7666, start_f1 0.7570, end_recall 0.7773, end_precise 0.7887, end_f1 0.7805, span_f1 0.6754,flag_f10.8865
2020-12-06 16:25:12 - train.py[line:167] - INFO: -----eval----
2020-12-06 16:25:36 - train.py[line:110] - INFO: epoch 37, step 34900, loss 1.4127, start_recall 0.9189, start_precise 0.9444, start_f1 0.9315, end_recall 0.8947, end_precise 0.9444, end_f1 0.9189, span_f1 0.7812, flag_f1 0.9792
2020-12-06 16:26:02 - train.py[line:110] - INFO: epoch 37, step 35000, loss 0.5836, start_recall 1.0000, start_precise 0.9667, start_f1 0.9831, end_recall 0.8966, end_precise 0.9630, end_f1 0.9286, span_f1 0.8462, flag_f1 1.0000
2020-12-06 16:26:27 - train.py[line:110] - INFO: epoch 37, step 35100, loss 1.2672, start_recall 0.9286, start_precise 0.8966, start_f1 0.9123, end_recall 0.9286, end_precise 0.9286, end_f1 0.9286, span_f1 0.8727, flag_f1 0.9375
2020-12-06 16:26:53 - train.py[line:110] - INFO: epoch 37, step 35200, loss 1.0279, start_recall 0.8571, start_precise 1.0000, start_f1 0.9231, end_recall 0.9259, end_precise 1.0000, end_f1 0.9615, span_f1 0.8462, flag_f1 0.9167
2020-12-06 16:27:19 - train.py[line:110] - INFO: epoch 37, step 35300, loss 0.7398, start_recall 0.9310, start_precise 0.9310, start_f1 0.9310, end_recall 0.9643, end_precise 1.0000, end_f1 0.9818, span_f1 0.8846, flag_f1 0.9583
2020-12-06 16:27:44 - train.py[line:110] - INFO: epoch 37, step 35400, loss 0.7184, start_recall 0.9677, start_precise 0.9375, start_f1 0.9524, end_recall 0.9677, end_precise 0.9375, end_f1 0.9524, span_f1 0.8571, flag_f1 0.9375
2020-12-06 16:28:10 - train.py[line:110] - INFO: epoch 37, step 35500, loss 0.9654, start_recall 0.9667, start_precise 0.9355, start_f1 0.9508, end_recall 0.9333, end_precise 0.9333, end_f1 0.9333, span_f1 0.9310, flag_f1 0.9375
2020-12-06 16:28:35 - train.py[line:110] - INFO: epoch 37, step 35600, loss 0.4927, start_recall 1.0000, start_precise 1.0000, start_f1 1.0000, end_recall 1.0000, end_precise 0.9655, end_f1 0.9825, span_f1 0.8627, flag_f1 1.0000
2020-12-06 16:29:01 - train.py[line:110] - INFO: epoch 37, step 35700, loss 0.8502, start_recall 0.9286, start_precise 0.9286, start_f1 0.9286, end_recall 0.8929, end_precise 0.8929, end_f1 0.8929, span_f1 0.9057, flag_f1 0.9583
2020-12-06 16:29:25 - train.py[line:164] - INFO: -----eval----
2020-12-06 16:29:25 - train.py[line:166] - INFO: epoch 37, step 35758, loss 1.2246, start_recall 0.7552, start_precise 0.7651, start_f1 0.7578, end_recall 0.7778, end_precise 0.7876, end_f1 0.7806, span_f1 0.6767,flag_f10.8861
2020-12-06 16:29:25 - train.py[line:167] - INFO: -----eval----
2020-12-06 16:29:40 - train.py[line:110] - INFO: epoch 38, step 35800, loss 0.8902, start_recall 0.9355, start_precise 0.9667, start_f1 0.9508, end_recall 1.0000, end_precise 0.9688, end_f1 0.9841, span_f1 0.8571, flag_f1 0.9583
2020-12-06 16:30:05 - train.py[line:110] - INFO: epoch 38, step 35900, loss 1.3324, start_recall 0.9118, start_precise 0.9394, start_f1 0.9254, end_recall 1.0000, end_precise 0.9444, end_f1 0.9714, span_f1 0.7241, flag_f1 0.9583
2020-12-06 16:30:31 - train.py[line:110] - INFO: epoch 38, step 36000, loss 0.4429, start_recall 0.9688, start_precise 0.9688, start_f1 0.9688, end_recall 0.9688, end_precise 1.0000, end_f1 0.9841, span_f1 0.9524, flag_f1 0.9792
2020-12-06 16:30:56 - train.py[line:110] - INFO: epoch 38, step 36100, loss 2.6224, start_recall 0.8462, start_precise 0.8800, start_f1 0.8627, end_recall 0.8462, end_precise 0.8800, end_f1 0.8627, span_f1 0.9167, flag_f1 0.9792
2020-12-06 16:31:22 - train.py[line:110] - INFO: epoch 38, step 36200, loss 1.1604, start_recall 1.0000, start_precise 0.9118, start_f1 0.9538, end_recall 0.9677, end_precise 0.9091, end_f1 0.9375, span_f1 0.8364, flag_f1 0.9583
2020-12-06 16:31:47 - train.py[line:110] - INFO: epoch 38, step 36300, loss 0.9725, start_recall 0.9688, start_precise 0.9394, start_f1 0.9538, end_recall 0.9688, end_precise 1.0000, end_f1 0.9841, span_f1 0.8772, flag_f1 0.9583
2020-12-06 16:32:13 - train.py[line:110] - INFO: epoch 38, step 36400, loss 0.4559, start_recall 1.0000, start_precise 1.0000, start_f1 1.0000, end_recall 1.0000, end_precise 0.9730, end_f1 0.9863, span_f1 0.8955, flag_f1 1.0000
2020-12-06 16:32:38 - train.py[line:110] - INFO: epoch 38, step 36500, loss 0.8881, start_recall 0.8889, start_precise 1.0000, start_f1 0.9412, end_recall 0.9630, end_precise 1.0000, end_f1 0.9811, span_f1 0.9020, flag_f1 0.9583
2020-12-06 16:33:04 - train.py[line:110] - INFO: epoch 38, step 36600, loss 0.9912, start_recall 1.0000, start_precise 0.9487, start_f1 0.9737, end_recall 0.9189, end_precise 0.9444, end_f1 0.9315, span_f1 0.8286, flag_f1 0.9375
2020-12-06 16:33:39 - train.py[line:164] - INFO: -----eval----
2020-12-06 16:33:39 - train.py[line:166] - INFO: epoch 38, step 36699, loss 0.5729, start_recall 0.7537, start_precise 0.7662, start_f1 0.7573, end_recall 0.7798, end_precise 0.7887, end_f1 0.7821, span_f1 0.6742,flag_f10.8872
2020-12-06 16:33:39 - train.py[line:167] - INFO: -----eval----
2020-12-06 16:33:43 - train.py[line:110] - INFO: epoch 39, step 36700, loss 0.5125, start_recall 1.0000, start_precise 0.9688, start_f1 0.9841, end_recall 1.0000, end_precise 0.9394, end_f1 0.9687, span_f1 0.9508, flag_f1 0.9375
2020-12-06 16:34:09 - train.py[line:110] - INFO: epoch 39, step 36800, loss 0.7098, start_recall 0.9062, start_precise 0.9355, start_f1 0.9206, end_recall 0.9688, end_precise 1.0000, end_f1 0.9841, span_f1 0.8852, flag_f1 0.9792
2020-12-06 16:34:34 - train.py[line:110] - INFO: epoch 39, step 36900, loss 0.2725, start_recall 0.9677, start_precise 1.0000, start_f1 0.9836, end_recall 1.0000, end_precise 1.0000, end_f1 1.0000, span_f1 0.9836, flag_f1 0.9792
2020-12-06 16:35:00 - train.py[line:110] - INFO: epoch 39, step 37000, loss 0.4685, start_recall 0.9667, start_precise 1.0000, start_f1 0.9831, end_recall 0.9667, end_precise 1.0000, end_f1 0.9831, span_f1 0.8772, flag_f1 0.9792
2020-12-06 16:35:25 - train.py[line:110] - INFO: epoch 39, step 37100, loss 0.3699, start_recall 1.0000, start_precise 0.9655, start_f1 0.9825, end_recall 1.0000, end_precise 0.9655, end_f1 0.9825, span_f1 0.9057, flag_f1 0.9792
2020-12-06 16:35:51 - train.py[line:110] - INFO: epoch 39, step 37200, loss 1.6784, start_recall 0.9697, start_precise 0.9697, start_f1 0.9697, end_recall 0.9394, end_precise 0.9688, end_f1 0.9538, span_f1 0.9062, flag_f1 0.9792
2020-12-06 16:36:16 - train.py[line:110] - INFO: epoch 39, step 37300, loss 0.8314, start_recall 0.9394, start_precise 1.0000, start_f1 0.9687, end_recall 0.9394, end_precise 0.9688, end_f1 0.9538, span_f1 0.8475, flag_f1 0.9375
2020-12-06 16:36:42 - train.py[line:110] - INFO: epoch 39, step 37400, loss 0.4056, start_recall 1.0000, start_precise 0.9677, start_f1 0.9836, end_recall 1.0000, end_precise 0.9677, end_f1 0.9836, span_f1 0.9655, flag_f1 0.9792
2020-12-06 16:37:07 - train.py[line:110] - INFO: epoch 39, step 37500, loss 0.7339, start_recall 0.8846, start_precise 1.0000, start_f1 0.9388, end_recall 0.8846, end_precise 0.9583, end_f1 0.9200, span_f1 0.9388, flag_f1 1.0000
2020-12-06 16:37:33 - train.py[line:110] - INFO: epoch 39, step 37600, loss 0.7466, start_recall 0.9032, start_precise 0.9333, start_f1 0.9180, end_recall 0.9677, end_precise 0.9677, end_f1 0.9677, span_f1 0.8772, flag_f1 0.9583
2020-12-06 16:37:53 - train.py[line:164] - INFO: -----eval----
2020-12-06 16:37:53 - train.py[line:166] - INFO: epoch 39, step 37640, loss 0.1503, start_recall 0.7515, start_precise 0.7661, start_f1 0.7567, end_recall 0.7755, end_precise 0.7907, end_f1 0.7812, span_f1 0.6754,flag_f10.8865
2020-12-06 16:37:53 - train.py[line:167] - INFO: -----eval----
