2020-12-01 09:02:33 - configuration_utils.py[line:281] - INFO: loading configuration file ./pretrained_model/chinese_roberta_wwm_ext\config.json
2020-12-01 09:02:33 - configuration_utils.py[line:319] - INFO: Model config BertConfig {
  "_num_labels": 2,
  "architectures": [
    "BertForMaskedLM"
  ],
  "attention_probs_dropout_prob": 0.1,
  "bad_words_ids": null,
  "bos_token_id": 0,
  "decoder_start_token_id": null,
  "directionality": "bidi",
  "do_sample": false,
  "early_stopping": false,
  "eos_token_id": 2,
  "finetuning_task": null,
  "hidden_act": "gelu",
  "hidden_dropout_prob": 0.1,
  "hidden_size": 768,
  "id2label": {
    "0": "LABEL_0",
    "1": "LABEL_1"
  },
  "initializer_range": 0.02,
  "intermediate_size": 3072,
  "is_decoder": false,
  "is_encoder_decoder": false,
  "label2id": {
    "LABEL_0": 0,
    "LABEL_1": 1
  },
  "layer_norm_eps": 1e-12,
  "length_penalty": 1.0,
  "max_length": 20,
  "max_position_embeddings": 512,
  "min_length": 0,
  "model_type": "bert",
  "no_repeat_ngram_size": 0,
  "num_attention_heads": 12,
  "num_beams": 1,
  "num_hidden_layers": 12,
  "num_return_sequences": 1,
  "output_attentions": false,
  "output_hidden_states": false,
  "output_past": true,
  "pad_token_id": 1,
  "pooler_fc_size": 768,
  "pooler_num_attention_heads": 12,
  "pooler_num_fc_layers": 3,
  "pooler_size_per_head": 128,
  "pooler_type": "first_token_transform",
  "prefix": null,
  "pruned_heads": {},
  "repetition_penalty": 1.0,
  "task_specific_params": null,
  "temperature": 1.0,
  "top_k": 50,
  "top_p": 1.0,
  "torchscript": false,
  "type_vocab_size": 2,
  "use_bfloat16": false,
  "vocab_size": 21128
}

2020-12-01 09:02:33 - modeling_utils.py[line:505] - INFO: loading weights file ./pretrained_model/chinese_roberta_wwm_ext\pytorch_model.bin
2020-12-01 09:03:43 - role_extract_train.py[line:97] - INFO: epoch 0, step 100, loss 90.7715, start_recall 0.6964, start_precise 0.0101, start_f1 0.0199, end_recall 0.4211, end_precise 0.0123, end_f1 0.0239
2020-12-01 09:04:49 - role_extract_train.py[line:97] - INFO: epoch 0, step 200, loss 59.9007, start_recall 0.1818, start_precise 0.0066, start_f1 0.0128, end_recall 0.1273, end_precise 0.0089, end_f1 0.0167
2020-12-01 09:05:55 - role_extract_train.py[line:97] - INFO: epoch 0, step 300, loss 44.2991, start_recall 0.0000, start_precise 0.0000, start_f1 nan, end_recall 0.0185, end_precise 0.0312, end_f1 0.0233
2020-12-01 09:07:01 - role_extract_train.py[line:97] - INFO: epoch 0, step 400, loss 19.2348, start_recall 0.0000, start_precise nan, start_f1 nan, end_recall 0.0000, end_precise nan, end_f1 nan
2020-12-01 09:08:08 - role_extract_train.py[line:97] - INFO: epoch 0, step 500, loss 11.7739, start_recall 0.0000, start_precise nan, start_f1 nan, end_recall 0.0000, end_precise nan, end_f1 nan
2020-12-01 09:08:24 - role_extract_train.py[line:137] - INFO: -----eval----
2020-12-01 09:08:24 - role_extract_train.py[line:139] - INFO: epoch 0, step 502, loss 13.6596, start_recall 0.0000, start_precise nan, start_f1 nan, end_recall 0.0000, end_precise nan, end_f1 nan
2020-12-01 09:08:24 - role_extract_train.py[line:140] - INFO: -----eval----
2020-12-01 09:09:31 - role_extract_train.py[line:97] - INFO: epoch 1, step 600, loss 10.9571, start_recall 0.0000, start_precise nan, start_f1 nan, end_recall 0.0000, end_precise nan, end_f1 nan
2020-12-01 09:10:38 - role_extract_train.py[line:97] - INFO: epoch 1, step 700, loss 10.0833, start_recall 0.0000, start_precise nan, start_f1 nan, end_recall 0.0000, end_precise nan, end_f1 nan
2020-12-01 09:11:44 - role_extract_train.py[line:97] - INFO: epoch 1, step 800, loss 10.0269, start_recall 0.0000, start_precise nan, start_f1 nan, end_recall 0.0000, end_precise nan, end_f1 nan
2020-12-01 09:12:50 - role_extract_train.py[line:97] - INFO: epoch 1, step 900, loss 10.4470, start_recall 0.0000, start_precise nan, start_f1 nan, end_recall 0.0000, end_precise nan, end_f1 nan
2020-12-01 09:13:57 - role_extract_train.py[line:97] - INFO: epoch 1, step 1000, loss 10.0505, start_recall 0.0000, start_precise nan, start_f1 nan, end_recall 0.0000, end_precise nan, end_f1 nan
2020-12-01 09:14:14 - role_extract_train.py[line:137] - INFO: -----eval----
2020-12-01 09:14:14 - role_extract_train.py[line:139] - INFO: epoch 1, step 1004, loss 9.1882, start_recall 0.0000, start_precise nan, start_f1 nan, end_recall 0.0000, end_precise nan, end_f1 nan
2020-12-01 09:14:14 - role_extract_train.py[line:140] - INFO: -----eval----
2020-12-01 09:15:19 - role_extract_train.py[line:97] - INFO: epoch 2, step 1100, loss 9.4876, start_recall 0.0000, start_precise nan, start_f1 nan, end_recall 0.0000, end_precise nan, end_f1 nan
2020-12-01 09:16:25 - role_extract_train.py[line:97] - INFO: epoch 2, step 1200, loss 8.6869, start_recall 0.0000, start_precise nan, start_f1 nan, end_recall 0.0000, end_precise nan, end_f1 nan
2020-12-01 09:17:31 - role_extract_train.py[line:97] - INFO: epoch 2, step 1300, loss 8.1618, start_recall 0.0000, start_precise nan, start_f1 nan, end_recall 0.0000, end_precise nan, end_f1 nan
2020-12-01 09:18:38 - role_extract_train.py[line:97] - INFO: epoch 2, step 1400, loss 8.1817, start_recall 0.0000, start_precise nan, start_f1 nan, end_recall 0.0000, end_precise nan, end_f1 nan
2020-12-01 09:19:44 - role_extract_train.py[line:97] - INFO: epoch 2, step 1500, loss 6.8407, start_recall 0.0000, start_precise nan, start_f1 nan, end_recall 0.0000, end_precise nan, end_f1 nan
2020-12-01 09:20:02 - role_extract_train.py[line:137] - INFO: -----eval----
2020-12-01 09:20:02 - role_extract_train.py[line:139] - INFO: epoch 2, step 1506, loss 8.5738, start_recall 0.0037, start_precise nan, start_f1 nan, end_recall 0.0000, end_precise nan, end_f1 nan
2020-12-01 09:20:02 - role_extract_train.py[line:140] - INFO: -----eval----
2020-12-01 09:21:06 - role_extract_train.py[line:97] - INFO: epoch 3, step 1600, loss 6.4418, start_recall 0.0179, start_precise 0.5000, start_f1 0.0345, end_recall 0.0000, end_precise nan, end_f1 nan
2020-12-01 09:22:13 - role_extract_train.py[line:97] - INFO: epoch 3, step 1700, loss 6.2799, start_recall 0.0702, start_precise 0.8000, start_f1 0.1290, end_recall 0.1053, end_precise 0.8571, end_f1 0.1875
2020-12-01 09:23:19 - role_extract_train.py[line:97] - INFO: epoch 3, step 1800, loss 5.6789, start_recall 0.0182, start_precise 0.5000, start_f1 0.0351, end_recall 0.1091, end_precise 1.0000, end_f1 0.1967
2020-12-01 09:24:25 - role_extract_train.py[line:97] - INFO: epoch 3, step 1900, loss 5.5669, start_recall 0.0556, start_precise 0.5000, start_f1 0.1000, end_recall 0.1296, end_precise 0.5000, end_f1 0.2059
2020-12-01 09:25:32 - role_extract_train.py[line:97] - INFO: epoch 3, step 2000, loss 5.4476, start_recall 0.1404, start_precise 0.5000, start_f1 0.2192, end_recall 0.4035, end_precise 0.4035, end_f1 0.4035
2020-12-01 09:25:51 - role_extract_train.py[line:137] - INFO: -----eval----
2020-12-01 09:25:51 - role_extract_train.py[line:139] - INFO: epoch 3, step 2008, loss 5.0082, start_recall 0.1615, start_precise 0.5875, start_f1 0.2510, end_recall 0.3510, end_precise 0.4434, end_f1 0.3865
2020-12-01 09:25:51 - role_extract_train.py[line:140] - INFO: -----eval----
2020-12-01 09:26:54 - role_extract_train.py[line:97] - INFO: epoch 4, step 2100, loss 4.1325, start_recall 0.2222, start_precise 0.5217, start_f1 0.3117, end_recall 0.5185, end_precise 0.4746, end_f1 0.4956
2020-12-01 09:28:00 - role_extract_train.py[line:97] - INFO: epoch 4, step 2200, loss 4.9688, start_recall 0.4340, start_precise 0.4894, start_f1 0.4600, end_recall 0.5094, end_precise 0.2596, end_f1 0.3439
2020-12-01 09:29:07 - role_extract_train.py[line:97] - INFO: epoch 4, step 2300, loss 4.1104, start_recall 0.4906, start_precise 0.4815, start_f1 0.4860, end_recall 0.6038, end_precise 0.3077, end_f1 0.4076
2020-12-01 09:30:14 - role_extract_train.py[line:97] - INFO: epoch 4, step 2400, loss 4.1172, start_recall 0.5357, start_precise 0.5455, start_f1 0.5405, end_recall 0.5636, end_precise 0.2925, end_f1 0.3851
2020-12-01 09:31:21 - role_extract_train.py[line:97] - INFO: epoch 4, step 2500, loss 4.4516, start_recall 0.4667, start_precise 0.4912, start_f1 0.4786, end_recall 0.5333, end_precise 0.2689, end_f1 0.3575
2020-12-01 09:31:42 - role_extract_train.py[line:137] - INFO: -----eval----
2020-12-01 09:31:42 - role_extract_train.py[line:139] - INFO: epoch 4, step 2510, loss 4.0570, start_recall 0.4795, start_precise 0.4923, start_f1 0.4843, end_recall 0.6634, end_precise 0.3174, end_f1 0.4226
2020-12-01 09:31:42 - role_extract_train.py[line:140] - INFO: -----eval----
2020-12-01 09:32:43 - role_extract_train.py[line:97] - INFO: epoch 5, step 2600, loss 3.5303, start_recall 0.5472, start_precise 0.5273, start_f1 0.5370, end_recall 0.6604, end_precise 0.2188, end_f1 0.3286
2020-12-01 09:33:49 - role_extract_train.py[line:97] - INFO: epoch 5, step 2700, loss 3.1677, start_recall 0.5741, start_precise 0.4921, start_f1 0.5299, end_recall 0.7273, end_precise 0.3125, end_f1 0.4372
2020-12-01 09:34:56 - role_extract_train.py[line:97] - INFO: epoch 5, step 2800, loss 4.4049, start_recall 0.4062, start_precise 0.4643, start_f1 0.4333, end_recall 0.6094, end_precise 0.2321, end_f1 0.3362
2020-12-01 09:36:02 - role_extract_train.py[line:97] - INFO: epoch 5, step 2900, loss 3.1374, start_recall 0.6909, start_precise 0.5352, start_f1 0.6032, end_recall 0.7455, end_precise 0.1934, end_f1 0.3071
2020-12-01 09:37:09 - role_extract_train.py[line:97] - INFO: epoch 5, step 3000, loss 2.2793, start_recall 0.8182, start_precise 0.5921, start_f1 0.6870, end_recall 0.7455, end_precise 0.3388, end_f1 0.4659
2020-12-01 09:37:31 - role_extract_train.py[line:137] - INFO: -----eval----
2020-12-01 09:37:31 - role_extract_train.py[line:139] - INFO: epoch 5, step 3012, loss 3.0921, start_recall 0.6192, start_precise 0.5460, start_f1 0.5785, end_recall 0.7215, end_precise 0.2123, end_f1 0.3221
2020-12-01 09:37:31 - role_extract_train.py[line:140] - INFO: -----eval----
