2020-11-30 18:46:06 - configuration_utils.py[line:281] - INFO: loading configuration file ./pretrained_model/chinese_roberta_wwm_ext\config.json
2020-11-30 18:46:06 - configuration_utils.py[line:319] - INFO: Model config BertConfig {
  "_num_labels": 2,
  "architectures": [
    "BertForMaskedLM"
  ],
  "attention_probs_dropout_prob": 0.1,
  "bad_words_ids": null,
  "bos_token_id": 0,
  "decoder_start_token_id": null,
  "directionality": "bidi",
  "do_sample": false,
  "early_stopping": false,
  "eos_token_id": 2,
  "finetuning_task": null,
  "hidden_act": "gelu",
  "hidden_dropout_prob": 0.1,
  "hidden_size": 768,
  "id2label": {
    "0": "LABEL_0",
    "1": "LABEL_1"
  },
  "initializer_range": 0.02,
  "intermediate_size": 3072,
  "is_decoder": false,
  "is_encoder_decoder": false,
  "label2id": {
    "LABEL_0": 0,
    "LABEL_1": 1
  },
  "layer_norm_eps": 1e-12,
  "length_penalty": 1.0,
  "max_length": 20,
  "max_position_embeddings": 512,
  "min_length": 0,
  "model_type": "bert",
  "no_repeat_ngram_size": 0,
  "num_attention_heads": 12,
  "num_beams": 1,
  "num_hidden_layers": 12,
  "num_return_sequences": 1,
  "output_attentions": false,
  "output_hidden_states": false,
  "output_past": true,
  "pad_token_id": 1,
  "pooler_fc_size": 768,
  "pooler_num_attention_heads": 12,
  "pooler_num_fc_layers": 3,
  "pooler_size_per_head": 128,
  "pooler_type": "first_token_transform",
  "prefix": null,
  "pruned_heads": {},
  "repetition_penalty": 1.0,
  "task_specific_params": null,
  "temperature": 1.0,
  "top_k": 50,
  "top_p": 1.0,
  "torchscript": false,
  "type_vocab_size": 2,
  "use_bfloat16": false,
  "vocab_size": 21128
}

2020-11-30 18:46:06 - modeling_utils.py[line:505] - INFO: loading weights file ./pretrained_model/chinese_roberta_wwm_ext\pytorch_model.bin
2020-11-30 18:46:11 - role_extract_train.py[line:97] - INFO: epoch 0, step 1, loss 1.0849, start_recall 0.7368, start_precise 0.0076, start_f1 0.0150, end_recall 0.4737, end_precise 0.0052, end_f1 0.0102
2020-11-30 18:46:11 - role_extract_train.py[line:137] - INFO: -----eval----
2020-11-30 18:46:11 - role_extract_train.py[line:139] - INFO: epoch 0, step 1, loss 1.0849, start_recall 0.4000, start_precise 0.0052, start_f1 0.0102, end_recall 0.5000, end_precise 0.0065, end_f1 0.0128
2020-11-30 18:46:11 - role_extract_train.py[line:140] - INFO: -----eval----
2020-11-30 18:46:14 - role_extract_train.py[line:97] - INFO: epoch 1, step 2, loss 1.0481, start_recall 0.7368, start_precise 0.0077, start_f1 0.0152, end_recall 0.4737, end_precise 0.0052, end_f1 0.0103
2020-11-30 18:46:14 - role_extract_train.py[line:137] - INFO: -----eval----
2020-11-30 18:46:14 - role_extract_train.py[line:139] - INFO: epoch 1, step 2, loss 1.0481, start_recall 0.4000, start_precise 0.0053, start_f1 0.0105, end_recall 0.5000, end_precise 0.0066, end_f1 0.0131
2020-11-30 18:46:14 - role_extract_train.py[line:140] - INFO: -----eval----
2020-11-30 18:46:15 - role_extract_train.py[line:97] - INFO: epoch 2, step 3, loss 1.0122, start_recall 0.7368, start_precise 0.0078, start_f1 0.0155, end_recall 0.4737, end_precise 0.0053, end_f1 0.0105
2020-11-30 18:46:16 - role_extract_train.py[line:137] - INFO: -----eval----
2020-11-30 18:46:16 - role_extract_train.py[line:139] - INFO: epoch 2, step 3, loss 1.0122, start_recall 0.4000, start_precise 0.0054, start_f1 0.0107, end_recall 0.5000, end_precise 0.0067, end_f1 0.0132
2020-11-30 18:46:16 - role_extract_train.py[line:140] - INFO: -----eval----
2020-11-30 18:46:17 - role_extract_train.py[line:97] - INFO: epoch 3, step 4, loss 0.9772, start_recall 0.7368, start_precise 0.0079, start_f1 0.0157, end_recall 0.4211, end_precise 0.0048, end_f1 0.0094
2020-11-30 18:46:17 - role_extract_train.py[line:137] - INFO: -----eval----
2020-11-30 18:46:17 - role_extract_train.py[line:139] - INFO: epoch 3, step 4, loss 0.9772, start_recall 0.4000, start_precise 0.0055, start_f1 0.0109, end_recall 0.5000, end_precise 0.0068, end_f1 0.0134
2020-11-30 18:46:17 - role_extract_train.py[line:140] - INFO: -----eval----
2020-11-30 18:46:19 - role_extract_train.py[line:97] - INFO: epoch 4, step 5, loss 0.9430, start_recall 0.7368, start_precise 0.0080, start_f1 0.0159, end_recall 0.3684, end_precise 0.0042, end_f1 0.0084
2020-11-30 18:46:19 - role_extract_train.py[line:137] - INFO: -----eval----
2020-11-30 18:46:19 - role_extract_train.py[line:139] - INFO: epoch 4, step 5, loss 0.9430, start_recall 0.4000, start_precise 0.0056, start_f1 0.0111, end_recall 0.5000, end_precise 0.0069, end_f1 0.0136
2020-11-30 18:46:19 - role_extract_train.py[line:140] - INFO: -----eval----
2020-11-30 18:46:21 - role_extract_train.py[line:97] - INFO: epoch 5, step 6, loss 0.9098, start_recall 0.7368, start_precise 0.0081, start_f1 0.0160, end_recall 0.3684, end_precise 0.0043, end_f1 0.0085
2020-11-30 18:46:21 - role_extract_train.py[line:137] - INFO: -----eval----
2020-11-30 18:46:21 - role_extract_train.py[line:139] - INFO: epoch 5, step 6, loss 0.9098, start_recall 0.4000, start_precise 0.0057, start_f1 0.0113, end_recall 0.4500, end_precise 0.0063, end_f1 0.0125
2020-11-30 18:46:21 - role_extract_train.py[line:140] - INFO: -----eval----
2020-11-30 18:46:22 - role_extract_train.py[line:97] - INFO: epoch 6, step 7, loss 0.8774, start_recall 0.7368, start_precise 0.0081, start_f1 0.0161, end_recall 0.3684, end_precise 0.0044, end_f1 0.0086
2020-11-30 18:46:22 - role_extract_train.py[line:137] - INFO: -----eval----
2020-11-30 18:46:22 - role_extract_train.py[line:139] - INFO: epoch 6, step 7, loss 0.8774, start_recall 0.4000, start_precise 0.0058, start_f1 0.0114, end_recall 0.4500, end_precise 0.0064, end_f1 0.0127
2020-11-30 18:46:22 - role_extract_train.py[line:140] - INFO: -----eval----
