2021-01-26 11:31:50 - configuration_utils.py[line:281] - INFO: loading configuration file ./pretrained_model/chinese_roberta_wwm_ext\config.json
2021-01-26 11:31:50 - configuration_utils.py[line:319] - INFO: Model config BertConfig {
  "_num_labels": 2,
  "architectures": [
    "BertForMaskedLM"
  ],
  "attention_probs_dropout_prob": 0.1,
  "bad_words_ids": null,
  "bos_token_id": 0,
  "decoder_start_token_id": null,
  "directionality": "bidi",
  "do_sample": false,
  "early_stopping": false,
  "eos_token_id": 2,
  "finetuning_task": null,
  "hidden_act": "gelu",
  "hidden_dropout_prob": 0.1,
  "hidden_size": 768,
  "id2label": {
    "0": "LABEL_0",
    "1": "LABEL_1"
  },
  "initializer_range": 0.02,
  "intermediate_size": 3072,
  "is_decoder": false,
  "is_encoder_decoder": false,
  "label2id": {
    "LABEL_0": 0,
    "LABEL_1": 1
  },
  "layer_norm_eps": 1e-12,
  "length_penalty": 1.0,
  "max_length": 20,
  "max_position_embeddings": 512,
  "min_length": 0,
  "model_type": "bert",
  "no_repeat_ngram_size": 0,
  "num_attention_heads": 12,
  "num_beams": 1,
  "num_hidden_layers": 12,
  "num_return_sequences": 1,
  "output_attentions": false,
  "output_hidden_states": false,
  "output_past": true,
  "pad_token_id": 1,
  "pooler_fc_size": 768,
  "pooler_num_attention_heads": 12,
  "pooler_num_fc_layers": 3,
  "pooler_size_per_head": 128,
  "pooler_type": "first_token_transform",
  "prefix": null,
  "pruned_heads": {},
  "repetition_penalty": 1.0,
  "task_specific_params": null,
  "temperature": 1.0,
  "top_k": 50,
  "top_p": 1.0,
  "torchscript": false,
  "type_vocab_size": 2,
  "use_bfloat16": false,
  "vocab_size": 21128
}

2021-01-26 11:31:50 - modeling_utils.py[line:505] - INFO: loading weights file ./pretrained_model/chinese_roberta_wwm_ext\pytorch_model.bin
2021-01-26 11:32:32 - train.py[line:106] - INFO: epoch 0, step 50, loss 54.1348, start_f1 0.0617, end_f1 0.0567
2021-01-26 11:33:03 - train.py[line:106] - INFO: epoch 0, step 100, loss 42.4680, start_f1 0.0672, end_f1 0.0717
2021-01-26 11:33:35 - train.py[line:106] - INFO: epoch 0, step 150, loss 29.0658, start_f1 0.0244, end_f1 0.0000
2021-01-26 11:34:06 - train.py[line:106] - INFO: epoch 0, step 200, loss 16.7477, start_f1 0.0000, end_f1 0.0000
2021-01-26 11:34:38 - train.py[line:106] - INFO: epoch 0, step 250, loss 8.5454, start_f1 0.0000, end_f1 0.0000
2021-01-26 11:35:09 - train.py[line:106] - INFO: epoch 0, step 300, loss 7.0911, start_f1 0.0000, end_f1 0.0000
2021-01-26 11:35:40 - train.py[line:106] - INFO: epoch 0, step 350, loss 5.8469, start_f1 0.0323, end_f1 0.0000
2021-01-26 11:36:12 - train.py[line:106] - INFO: epoch 0, step 400, loss 4.5671, start_f1 0.1034, end_f1 0.0714
2021-01-26 11:36:43 - train.py[line:106] - INFO: epoch 0, step 450, loss 4.9153, start_f1 0.1818, end_f1 0.1231
2021-01-26 11:37:15 - train.py[line:106] - INFO: epoch 0, step 500, loss 3.9403, start_f1 0.4835, end_f1 0.3457
2021-01-26 11:37:46 - train.py[line:106] - INFO: epoch 0, step 550, loss 3.4548, start_f1 0.4524, end_f1 0.3889
2021-01-26 11:38:18 - train.py[line:106] - INFO: epoch 0, step 600, loss 3.5277, start_f1 0.3662, end_f1 0.4359
2021-01-26 11:38:49 - train.py[line:106] - INFO: epoch 0, step 650, loss 3.4379, start_f1 0.5111, end_f1 0.6000
2021-01-26 11:39:19 - train.py[line:106] - INFO: epoch 0, step 700, loss 3.3947, start_f1 0.5510, end_f1 0.5227
2021-01-26 11:39:51 - train.py[line:106] - INFO: epoch 0, step 750, loss 2.9691, start_f1 0.5682, end_f1 0.5618
2021-01-26 11:40:22 - train.py[line:106] - INFO: epoch 0, step 800, loss 2.7684, start_f1 0.5979, end_f1 0.6000
2021-01-26 11:40:54 - train.py[line:106] - INFO: epoch 0, step 850, loss 3.5258, start_f1 0.6316, end_f1 0.6055
2021-01-26 11:41:25 - train.py[line:106] - INFO: epoch 0, step 900, loss 2.8720, start_f1 0.6239, end_f1 0.6296
2021-01-26 11:41:57 - train.py[line:106] - INFO: epoch 0, step 950, loss 3.0098, start_f1 0.6055, end_f1 0.6491
2021-01-26 11:42:28 - train.py[line:106] - INFO: epoch 0, step 1000, loss 2.6670, start_f1 0.6720, end_f1 0.6923
2021-01-26 11:43:00 - train.py[line:106] - INFO: epoch 0, step 1050, loss 2.7776, start_f1 0.6061, end_f1 0.6250
2021-01-26 11:43:31 - train.py[line:106] - INFO: epoch 0, step 1100, loss 2.4249, start_f1 0.5432, end_f1 0.6000
2021-01-26 11:44:03 - train.py[line:106] - INFO: epoch 0, step 1150, loss 2.2539, start_f1 0.6857, end_f1 0.6596
2021-01-26 11:44:34 - train.py[line:106] - INFO: epoch 0, step 1200, loss 2.6598, start_f1 0.7143, end_f1 0.7023
2021-01-26 11:45:05 - train.py[line:106] - INFO: epoch 0, step 1250, loss 2.2772, start_f1 0.6476, end_f1 0.5412
2021-01-26 11:45:37 - train.py[line:106] - INFO: epoch 0, step 1300, loss 2.7485, start_f1 0.5833, end_f1 0.6296
2021-01-26 11:46:08 - train.py[line:106] - INFO: epoch 0, step 1350, loss 1.8778, start_f1 0.6947, end_f1 0.7129
2021-01-26 11:46:39 - train.py[line:106] - INFO: epoch 0, step 1400, loss 2.4623, start_f1 0.7121, end_f1 0.7368
2021-01-26 11:47:11 - train.py[line:106] - INFO: epoch 0, step 1450, loss 2.3890, start_f1 0.5352, end_f1 0.6207
2021-01-26 11:47:42 - train.py[line:106] - INFO: epoch 0, step 1500, loss 2.7778, start_f1 0.6984, end_f1 0.6139
2021-01-26 11:48:14 - train.py[line:106] - INFO: epoch 0, step 1550, loss 2.4524, start_f1 0.6471, end_f1 0.5647
2021-01-26 11:48:45 - train.py[line:106] - INFO: epoch 0, step 1600, loss 2.0351, start_f1 0.6800, end_f1 0.7048
2021-01-26 11:49:16 - train.py[line:106] - INFO: epoch 0, step 1650, loss 2.2698, start_f1 0.7287, end_f1 0.7344
2021-01-26 11:49:48 - train.py[line:106] - INFO: epoch 0, step 1700, loss 2.1759, start_f1 0.6992, end_f1 0.7009
2021-01-26 11:50:19 - train.py[line:106] - INFO: epoch 0, step 1750, loss 2.3570, start_f1 0.6869, end_f1 0.6526
2021-01-26 11:50:50 - train.py[line:106] - INFO: epoch 0, step 1800, loss 2.3315, start_f1 0.7397, end_f1 0.7413
2021-01-26 11:51:22 - train.py[line:106] - INFO: epoch 0, step 1850, loss 2.9876, start_f1 0.7023, end_f1 0.7246
2021-01-26 11:51:53 - train.py[line:106] - INFO: epoch 0, step 1900, loss 2.4745, start_f1 0.6542, end_f1 0.6727
2021-01-26 11:52:25 - train.py[line:106] - INFO: epoch 0, step 1950, loss 2.3848, start_f1 0.6600, end_f1 0.5747
2021-01-26 11:52:56 - train.py[line:106] - INFO: epoch 0, step 2000, loss 1.9878, start_f1 0.6800, end_f1 0.5897
2021-01-26 11:53:27 - train.py[line:106] - INFO: epoch 0, step 2050, loss 2.3514, start_f1 0.7244, end_f1 0.7231
2021-01-26 11:53:59 - train.py[line:106] - INFO: epoch 0, step 2100, loss 2.0619, start_f1 0.6526, end_f1 0.6972
2021-01-26 11:54:30 - train.py[line:106] - INFO: epoch 0, step 2150, loss 2.5090, start_f1 0.5316, end_f1 0.6992
2021-01-26 11:55:02 - train.py[line:106] - INFO: epoch 0, step 2200, loss 2.9196, start_f1 0.5833, end_f1 0.5287
2021-01-26 11:55:33 - train.py[line:106] - INFO: epoch 0, step 2250, loss 2.6833, start_f1 0.7297, end_f1 0.7172
2021-01-26 11:56:04 - train.py[line:106] - INFO: epoch 0, step 2300, loss 2.3430, start_f1 0.6422, end_f1 0.5517
2021-01-26 11:56:36 - train.py[line:106] - INFO: epoch 0, step 2350, loss 2.0863, start_f1 0.6909, end_f1 0.5909
2021-01-26 11:57:07 - train.py[line:106] - INFO: epoch 0, step 2400, loss 2.1624, start_f1 0.7087, end_f1 0.7176
2021-01-26 11:57:38 - train.py[line:106] - INFO: epoch 0, step 2450, loss 2.3315, start_f1 0.7821, end_f1 0.7595
2021-01-26 11:58:10 - train.py[line:106] - INFO: epoch 0, step 2500, loss 2.1180, start_f1 0.7258, end_f1 0.7244
2021-01-26 11:58:41 - train.py[line:106] - INFO: epoch 0, step 2550, loss 2.7435, start_f1 0.3548, end_f1 0.3810
2021-01-26 11:59:13 - train.py[line:106] - INFO: epoch 0, step 2600, loss 2.1728, start_f1 0.7188, end_f1 0.6833
2021-01-26 11:59:44 - train.py[line:106] - INFO: epoch 0, step 2650, loss 2.6440, start_f1 0.6000, end_f1 0.7031
2021-01-26 12:00:44 - train.py[line:136] - INFO: -----eval----
2021-01-26 12:00:44 - train.py[line:138] - INFO: epoch 0, step 2666, loss 2.5098, start_f1 0.6879, end_f1 0.6995
2021-01-26 12:00:44 - train.py[line:139] - INFO: -----eval----
2021-01-26 12:00:47 - train.py[line:143] - INFO: -----save the best model----
2021-01-26 12:01:09 - train.py[line:106] - INFO: epoch 1, step 2700, loss 2.1877, start_f1 0.6136, end_f1 0.5977
2021-01-26 12:01:40 - train.py[line:106] - INFO: epoch 1, step 2750, loss 1.7668, start_f1 0.7883, end_f1 0.8000
2021-01-26 12:02:11 - train.py[line:106] - INFO: epoch 1, step 2800, loss 2.1092, start_f1 0.7407, end_f1 0.5909
2021-01-26 12:02:43 - train.py[line:106] - INFO: epoch 1, step 2850, loss 2.6744, start_f1 0.6154, end_f1 0.7626
2021-01-26 12:03:14 - train.py[line:106] - INFO: epoch 1, step 2900, loss 2.1574, start_f1 0.7550, end_f1 0.7550
2021-01-26 12:03:46 - train.py[line:106] - INFO: epoch 1, step 2950, loss 2.5171, start_f1 0.7260, end_f1 0.7347
2021-01-26 12:04:17 - train.py[line:106] - INFO: epoch 1, step 3000, loss 2.1974, start_f1 0.7763, end_f1 0.7763
2021-01-26 12:04:48 - train.py[line:106] - INFO: epoch 1, step 3050, loss 2.7972, start_f1 0.7194, end_f1 0.4638
2021-01-26 12:05:20 - train.py[line:106] - INFO: epoch 1, step 3100, loss 2.1413, start_f1 0.7313, end_f1 0.7176
2021-01-26 12:05:51 - train.py[line:106] - INFO: epoch 1, step 3150, loss 2.0893, start_f1 0.6392, end_f1 0.6526
2021-01-26 12:06:23 - train.py[line:106] - INFO: epoch 1, step 3200, loss 2.5096, start_f1 0.6078, end_f1 0.4000
2021-01-26 12:06:54 - train.py[line:106] - INFO: epoch 1, step 3250, loss 2.1169, start_f1 0.5143, end_f1 0.5205
2021-01-26 12:07:25 - train.py[line:106] - INFO: epoch 1, step 3300, loss 3.1807, start_f1 0.5745, end_f1 0.6422
2021-01-26 12:07:57 - train.py[line:106] - INFO: epoch 1, step 3350, loss 1.9702, start_f1 0.7626, end_f1 0.7552
2021-01-26 12:08:28 - train.py[line:106] - INFO: epoch 1, step 3400, loss 2.3918, start_f1 0.7206, end_f1 0.4722
2021-01-26 12:09:00 - train.py[line:106] - INFO: epoch 1, step 3450, loss 2.1677, start_f1 0.7080, end_f1 0.7714
2021-01-26 12:09:31 - train.py[line:106] - INFO: epoch 1, step 3500, loss 2.3136, start_f1 0.4179, end_f1 0.4179
2021-01-26 12:10:03 - train.py[line:106] - INFO: epoch 1, step 3550, loss 2.2734, start_f1 0.5000, end_f1 0.4932
2021-01-26 12:10:34 - train.py[line:106] - INFO: epoch 1, step 3600, loss 2.3911, start_f1 0.5432, end_f1 0.6667
2021-01-26 12:11:05 - train.py[line:106] - INFO: epoch 1, step 3650, loss 2.3979, start_f1 0.7483, end_f1 0.7586
2021-01-26 12:11:37 - train.py[line:106] - INFO: epoch 1, step 3700, loss 2.6457, start_f1 0.7183, end_f1 0.7368
2021-01-26 12:12:08 - train.py[line:106] - INFO: epoch 1, step 3750, loss 2.6850, start_f1 0.7164, end_f1 0.7050
2021-01-26 12:12:40 - train.py[line:106] - INFO: epoch 1, step 3800, loss 2.0029, start_f1 0.7328, end_f1 0.7424
2021-01-26 12:13:11 - train.py[line:106] - INFO: epoch 1, step 3850, loss 2.6249, start_f1 0.6909, end_f1 0.7344
2021-01-26 12:13:42 - train.py[line:106] - INFO: epoch 1, step 3900, loss 1.8858, start_f1 0.5676, end_f1 0.5479
2021-01-26 12:14:14 - train.py[line:106] - INFO: epoch 1, step 3950, loss 2.5747, start_f1 0.7625, end_f1 0.7625
2021-01-26 12:14:45 - train.py[line:106] - INFO: epoch 1, step 4000, loss 2.7955, start_f1 0.3692, end_f1 0.3636
2021-01-26 12:15:17 - train.py[line:106] - INFO: epoch 1, step 4050, loss 2.0438, start_f1 0.7552, end_f1 0.7586
2021-01-26 12:15:48 - train.py[line:106] - INFO: epoch 1, step 4100, loss 2.0726, start_f1 0.6316, end_f1 0.5714
2021-01-26 12:16:19 - train.py[line:106] - INFO: epoch 1, step 4150, loss 2.2125, start_f1 0.7031, end_f1 0.7031
2021-01-26 12:16:51 - train.py[line:106] - INFO: epoch 1, step 4200, loss 1.9541, start_f1 0.6118, end_f1 0.6452
2021-01-26 12:17:22 - train.py[line:106] - INFO: epoch 1, step 4250, loss 2.5184, start_f1 0.5063, end_f1 0.5063
2021-01-26 12:17:54 - train.py[line:106] - INFO: epoch 1, step 4300, loss 2.3360, start_f1 0.6186, end_f1 0.7397
2021-01-26 12:18:25 - train.py[line:106] - INFO: epoch 1, step 4350, loss 2.2733, start_f1 0.7338, end_f1 0.7413
2021-01-26 12:18:56 - train.py[line:106] - INFO: epoch 1, step 4400, loss 2.2748, start_f1 0.7448, end_f1 0.7361
2021-01-26 12:19:28 - train.py[line:106] - INFO: epoch 1, step 4450, loss 2.4916, start_f1 0.6346, end_f1 0.6780
2021-01-26 12:19:59 - train.py[line:106] - INFO: epoch 1, step 4500, loss 2.0212, start_f1 0.6667, end_f1 0.6222
2021-01-26 12:20:31 - train.py[line:106] - INFO: epoch 1, step 4550, loss 2.1898, start_f1 0.5778, end_f1 0.7361
2021-01-26 12:21:02 - train.py[line:106] - INFO: epoch 1, step 4600, loss 2.1604, start_f1 0.5882, end_f1 0.6789
2021-01-26 12:21:33 - train.py[line:106] - INFO: epoch 1, step 4650, loss 2.3702, start_f1 0.3750, end_f1 0.4000
2021-01-26 12:22:05 - train.py[line:106] - INFO: epoch 1, step 4700, loss 2.1374, start_f1 0.7651, end_f1 0.7049
2021-01-26 12:22:36 - train.py[line:106] - INFO: epoch 1, step 4750, loss 2.0444, start_f1 0.6600, end_f1 0.7500
2021-01-26 12:23:08 - train.py[line:106] - INFO: epoch 1, step 4800, loss 2.1130, start_f1 0.6471, end_f1 0.4706
2021-01-26 12:23:39 - train.py[line:106] - INFO: epoch 1, step 4850, loss 2.6989, start_f1 0.7101, end_f1 0.7092
2021-01-26 12:24:10 - train.py[line:106] - INFO: epoch 1, step 4900, loss 2.5812, start_f1 0.6818, end_f1 0.7042
2021-01-26 12:24:42 - train.py[line:106] - INFO: epoch 1, step 4950, loss 1.8693, start_f1 0.6190, end_f1 0.7143
2021-01-26 12:25:13 - train.py[line:106] - INFO: epoch 1, step 5000, loss 2.1805, start_f1 0.7069, end_f1 0.7360
2021-01-26 12:25:45 - train.py[line:106] - INFO: epoch 1, step 5050, loss 1.7757, start_f1 0.6154, end_f1 0.6341
2021-01-26 12:26:16 - train.py[line:106] - INFO: epoch 1, step 5100, loss 2.7278, start_f1 0.6906, end_f1 0.6906
2021-01-26 12:26:47 - train.py[line:106] - INFO: epoch 1, step 5150, loss 1.9206, start_f1 0.7755, end_f1 0.5926
2021-01-26 12:27:19 - train.py[line:106] - INFO: epoch 1, step 5200, loss 1.7972, start_f1 0.7862, end_f1 0.7887
2021-01-26 12:27:50 - train.py[line:106] - INFO: epoch 1, step 5250, loss 1.8587, start_f1 0.6869, end_f1 0.7770
2021-01-26 12:28:22 - train.py[line:106] - INFO: epoch 1, step 5300, loss 2.7478, start_f1 0.6606, end_f1 0.7738
2021-01-26 12:29:32 - train.py[line:136] - INFO: -----eval----
2021-01-26 12:29:32 - train.py[line:138] - INFO: epoch 1, step 5332, loss 2.0777, start_f1 0.6435, end_f1 0.3651
2021-01-26 12:29:32 - train.py[line:139] - INFO: -----eval----
2021-01-26 12:29:44 - train.py[line:106] - INFO: epoch 2, step 5350, loss 2.2599, start_f1 0.6304, end_f1 0.6304
2021-01-26 12:30:15 - train.py[line:106] - INFO: epoch 2, step 5400, loss 2.0284, start_f1 0.7445, end_f1 0.7482
2021-01-26 12:30:46 - train.py[line:106] - INFO: epoch 2, step 5450, loss 1.5861, start_f1 0.8258, end_f1 0.8258
2021-01-26 12:31:18 - train.py[line:106] - INFO: epoch 2, step 5500, loss 2.0400, start_f1 0.7682, end_f1 0.7651
2021-01-26 12:31:49 - train.py[line:106] - INFO: epoch 2, step 5550, loss 2.3876, start_f1 0.5500, end_f1 0.5823
2021-01-26 12:32:21 - train.py[line:106] - INFO: epoch 2, step 5600, loss 1.9652, start_f1 0.6531, end_f1 0.4848
2021-01-26 12:32:52 - train.py[line:106] - INFO: epoch 2, step 5650, loss 2.1698, start_f1 0.5747, end_f1 0.7176
2021-01-26 12:33:23 - train.py[line:106] - INFO: epoch 2, step 5700, loss 2.1899, start_f1 0.5432, end_f1 0.7582
2021-01-26 12:33:55 - train.py[line:106] - INFO: epoch 2, step 5750, loss 2.2559, start_f1 0.7417, end_f1 0.5063
2021-01-26 12:34:26 - train.py[line:106] - INFO: epoch 2, step 5800, loss 2.1937, start_f1 0.4478, end_f1 0.4412
2021-01-26 12:34:58 - train.py[line:106] - INFO: epoch 2, step 5850, loss 1.7961, start_f1 0.5867, end_f1 0.7770
2021-01-26 12:35:29 - train.py[line:106] - INFO: epoch 2, step 5900, loss 2.1104, start_f1 0.7231, end_f1 0.4000
2021-01-26 12:36:00 - train.py[line:106] - INFO: epoch 2, step 5950, loss 2.1149, start_f1 0.7632, end_f1 0.7682
2021-01-26 12:36:32 - train.py[line:106] - INFO: epoch 2, step 6000, loss 2.3145, start_f1 0.4737, end_f1 0.7403
2021-01-26 12:37:03 - train.py[line:106] - INFO: epoch 2, step 6050, loss 2.2308, start_f1 0.5000, end_f1 0.7391
2021-01-26 12:37:35 - train.py[line:106] - INFO: epoch 2, step 6100, loss 2.0493, start_f1 0.6903, end_f1 0.4776
2021-01-26 12:38:06 - train.py[line:106] - INFO: epoch 2, step 6150, loss 2.2098, start_f1 0.6957, end_f1 0.7518
2021-01-26 12:38:38 - train.py[line:106] - INFO: epoch 2, step 6200, loss 2.1124, start_f1 0.5500, end_f1 0.5500
2021-01-26 12:39:09 - train.py[line:106] - INFO: epoch 2, step 6250, loss 2.3141, start_f1 0.4242, end_f1 0.7206
2021-01-26 12:39:41 - train.py[line:106] - INFO: epoch 2, step 6300, loss 1.8186, start_f1 0.7801, end_f1 0.5897
2021-01-26 12:40:12 - train.py[line:106] - INFO: epoch 2, step 6350, loss 1.7361, start_f1 0.7000, end_f1 0.7692
2021-01-26 12:40:44 - train.py[line:106] - INFO: epoch 2, step 6400, loss 2.4460, start_f1 0.4737, end_f1 0.4737
2021-01-26 12:41:15 - train.py[line:106] - INFO: epoch 2, step 6450, loss 1.7706, start_f1 0.7103, end_f1 0.8171
2021-01-26 12:41:46 - train.py[line:106] - INFO: epoch 2, step 6500, loss 1.7103, start_f1 0.6588, end_f1 0.6420
2021-01-26 12:42:18 - train.py[line:106] - INFO: epoch 2, step 6550, loss 1.8202, start_f1 0.6875, end_f1 0.7000
2021-01-26 12:42:49 - train.py[line:106] - INFO: epoch 2, step 6600, loss 2.1347, start_f1 0.7784, end_f1 0.6022
2021-01-26 12:43:21 - train.py[line:106] - INFO: epoch 2, step 6650, loss 1.7342, start_f1 0.7917, end_f1 0.6939
2021-01-26 12:43:52 - train.py[line:106] - INFO: epoch 2, step 6700, loss 1.8141, start_f1 0.7808, end_f1 0.6667
2021-01-26 12:44:23 - train.py[line:106] - INFO: epoch 2, step 6750, loss 1.8235, start_f1 0.7714, end_f1 0.6173
2021-01-26 12:44:55 - train.py[line:106] - INFO: epoch 2, step 6800, loss 2.2803, start_f1 0.5500, end_f1 0.6000
2021-01-26 12:45:26 - train.py[line:106] - INFO: epoch 2, step 6850, loss 1.6287, start_f1 0.6667, end_f1 0.6744
2021-01-26 12:45:58 - train.py[line:106] - INFO: epoch 2, step 6900, loss 2.0735, start_f1 0.8087, end_f1 0.8043
2021-01-26 12:46:29 - train.py[line:106] - INFO: epoch 2, step 6950, loss 2.0954, start_f1 0.7188, end_f1 0.7568
2021-01-26 12:47:00 - train.py[line:106] - INFO: epoch 2, step 7000, loss 1.9673, start_f1 0.4848, end_f1 0.7463
2021-01-26 12:47:32 - train.py[line:106] - INFO: epoch 2, step 7050, loss 2.2040, start_f1 0.7031, end_f1 0.3871
2021-01-26 12:48:03 - train.py[line:106] - INFO: epoch 2, step 7100, loss 2.1128, start_f1 0.7975, end_f1 0.7931
2021-01-26 12:48:35 - train.py[line:106] - INFO: epoch 2, step 7150, loss 2.3713, start_f1 0.6796, end_f1 0.6667
2021-01-26 12:49:06 - train.py[line:106] - INFO: epoch 2, step 7200, loss 2.1408, start_f1 0.7465, end_f1 0.7429
2021-01-26 12:49:37 - train.py[line:106] - INFO: epoch 2, step 7250, loss 1.9678, start_f1 0.7875, end_f1 0.6304
2021-01-26 12:50:09 - train.py[line:106] - INFO: epoch 2, step 7300, loss 2.6506, start_f1 0.5067, end_f1 0.7273
2021-01-26 12:50:40 - train.py[line:106] - INFO: epoch 2, step 7350, loss 1.7996, start_f1 0.6437, end_f1 0.7222
2021-01-26 12:51:11 - train.py[line:106] - INFO: epoch 2, step 7400, loss 1.9462, start_f1 0.7612, end_f1 0.6000
