2021-01-25 22:19:31 - configuration_utils.py[line:281] - INFO: loading configuration file ./pretrained_model/chinese_roberta_wwm_ext\config.json
2021-01-25 22:19:31 - configuration_utils.py[line:319] - INFO: Model config BertConfig {
  "_num_labels": 2,
  "architectures": [
    "BertForMaskedLM"
  ],
  "attention_probs_dropout_prob": 0.1,
  "bad_words_ids": null,
  "bos_token_id": 0,
  "decoder_start_token_id": null,
  "directionality": "bidi",
  "do_sample": false,
  "early_stopping": false,
  "eos_token_id": 2,
  "finetuning_task": null,
  "hidden_act": "gelu",
  "hidden_dropout_prob": 0.1,
  "hidden_size": 768,
  "id2label": {
    "0": "LABEL_0",
    "1": "LABEL_1"
  },
  "initializer_range": 0.02,
  "intermediate_size": 3072,
  "is_decoder": false,
  "is_encoder_decoder": false,
  "label2id": {
    "LABEL_0": 0,
    "LABEL_1": 1
  },
  "layer_norm_eps": 1e-12,
  "length_penalty": 1.0,
  "max_length": 20,
  "max_position_embeddings": 512,
  "min_length": 0,
  "model_type": "bert",
  "no_repeat_ngram_size": 0,
  "num_attention_heads": 12,
  "num_beams": 1,
  "num_hidden_layers": 12,
  "num_return_sequences": 1,
  "output_attentions": false,
  "output_hidden_states": false,
  "output_past": true,
  "pad_token_id": 1,
  "pooler_fc_size": 768,
  "pooler_num_attention_heads": 12,
  "pooler_num_fc_layers": 3,
  "pooler_size_per_head": 128,
  "pooler_type": "first_token_transform",
  "prefix": null,
  "pruned_heads": {},
  "repetition_penalty": 1.0,
  "task_specific_params": null,
  "temperature": 1.0,
  "top_k": 50,
  "top_p": 1.0,
  "torchscript": false,
  "type_vocab_size": 2,
  "use_bfloat16": false,
  "vocab_size": 21128
}

2021-01-25 22:19:31 - modeling_utils.py[line:505] - INFO: loading weights file ./pretrained_model/chinese_roberta_wwm_ext\pytorch_model.bin
2021-01-25 22:19:56 - train.py[line:105] - INFO: epoch 0, step 50, loss 64.5127, start_f1 0.0396, end_f1 0.0249
2021-01-25 22:20:09 - train.py[line:105] - INFO: epoch 0, step 100, loss 49.1339, start_f1 0.0000, end_f1 0.0422
2021-01-25 22:20:21 - train.py[line:105] - INFO: epoch 0, step 150, loss 48.2883, start_f1 0.0000, end_f1 0.0420
2021-01-25 22:20:34 - train.py[line:105] - INFO: epoch 0, step 200, loss 42.2957, start_f1 0.0000, end_f1 0.0336
2021-01-25 22:20:47 - train.py[line:105] - INFO: epoch 0, step 250, loss 34.1073, start_f1 0.0000, end_f1 0.0476
2021-01-25 22:21:00 - train.py[line:105] - INFO: epoch 0, step 300, loss 25.8531, start_f1 0.0000, end_f1 0.0000
2021-01-25 22:21:13 - train.py[line:105] - INFO: epoch 0, step 350, loss 21.7791, start_f1 0.0000, end_f1 0.0000
2021-01-25 22:21:26 - train.py[line:105] - INFO: epoch 0, step 400, loss 10.8984, start_f1 0.0000, end_f1 0.0000
2021-01-25 22:21:39 - train.py[line:105] - INFO: epoch 0, step 450, loss 8.2588, start_f1 0.0000, end_f1 0.0000
2021-01-25 22:21:52 - train.py[line:105] - INFO: epoch 0, step 500, loss 8.6883, start_f1 0.0000, end_f1 0.0000
2021-01-25 22:22:05 - train.py[line:105] - INFO: epoch 0, step 550, loss 7.9599, start_f1 0.0000, end_f1 0.0000
2021-01-25 22:22:18 - train.py[line:105] - INFO: epoch 0, step 600, loss 4.6537, start_f1 0.0000, end_f1 0.0000
2021-01-25 22:22:31 - train.py[line:105] - INFO: epoch 0, step 650, loss 4.1621, start_f1 0.0000, end_f1 0.0000
2021-01-25 22:22:44 - train.py[line:105] - INFO: epoch 0, step 700, loss 3.9569, start_f1 0.0000, end_f1 0.0000
2021-01-25 22:22:57 - train.py[line:105] - INFO: epoch 0, step 750, loss 4.8064, start_f1 0.0000, end_f1 0.0000
2021-01-25 22:23:11 - train.py[line:105] - INFO: epoch 0, step 800, loss 6.1603, start_f1 0.1600, end_f1 0.0952
2021-01-25 22:23:24 - train.py[line:105] - INFO: epoch 0, step 850, loss 5.2504, start_f1 0.1667, end_f1 0.1667
2021-01-25 22:23:37 - train.py[line:105] - INFO: epoch 0, step 900, loss 4.5241, start_f1 0.0952, end_f1 0.0952
2021-01-25 22:23:50 - train.py[line:105] - INFO: epoch 0, step 950, loss 5.0616, start_f1 0.2400, end_f1 0.1667
2021-01-25 22:24:03 - train.py[line:105] - INFO: epoch 0, step 1000, loss 5.0550, start_f1 0.0833, end_f1 0.1538
2021-01-25 22:24:16 - train.py[line:105] - INFO: epoch 0, step 1050, loss 3.9634, start_f1 0.1000, end_f1 0.2500
2021-01-25 22:24:29 - train.py[line:105] - INFO: epoch 0, step 1100, loss 4.0728, start_f1 0.4800, end_f1 0.1111
2021-01-25 22:24:42 - train.py[line:105] - INFO: epoch 0, step 1150, loss 4.3120, start_f1 0.2222, end_f1 0.2963
2021-01-25 22:24:55 - train.py[line:105] - INFO: epoch 0, step 1200, loss 3.5091, start_f1 0.4167, end_f1 0.4000
2021-01-25 22:25:08 - train.py[line:105] - INFO: epoch 0, step 1250, loss 3.1342, start_f1 0.4615, end_f1 0.4615
2021-01-25 22:25:22 - train.py[line:105] - INFO: epoch 0, step 1300, loss 3.5603, start_f1 0.4138, end_f1 0.4667
2021-01-25 22:25:35 - train.py[line:105] - INFO: epoch 0, step 1350, loss 3.3826, start_f1 0.3846, end_f1 0.4444
2021-01-25 22:25:48 - train.py[line:105] - INFO: epoch 0, step 1400, loss 3.3606, start_f1 0.4828, end_f1 0.3846
2021-01-25 22:26:01 - train.py[line:105] - INFO: epoch 0, step 1450, loss 3.1480, start_f1 0.4615, end_f1 0.4167
2021-01-25 22:26:14 - train.py[line:105] - INFO: epoch 0, step 1500, loss 2.8421, start_f1 0.6667, end_f1 0.6486
2021-01-25 22:26:27 - train.py[line:105] - INFO: epoch 0, step 1550, loss 2.7139, start_f1 0.6111, end_f1 0.6452
2021-01-25 22:26:40 - train.py[line:105] - INFO: epoch 0, step 1600, loss 2.5219, start_f1 0.7000, end_f1 0.7000
2021-01-25 22:26:53 - train.py[line:105] - INFO: epoch 0, step 1650, loss 3.2395, start_f1 0.5556, end_f1 0.6061
2021-01-25 22:27:06 - train.py[line:105] - INFO: epoch 0, step 1700, loss 3.2770, start_f1 0.4848, end_f1 0.5185
2021-01-25 22:27:20 - train.py[line:105] - INFO: epoch 0, step 1750, loss 3.5394, start_f1 0.6486, end_f1 0.7027
2021-01-25 22:27:33 - train.py[line:105] - INFO: epoch 0, step 1800, loss 3.1829, start_f1 0.5455, end_f1 0.6667
2021-01-25 22:27:46 - train.py[line:105] - INFO: epoch 0, step 1850, loss 3.1355, start_f1 0.5000, end_f1 0.5185
2021-01-25 22:27:59 - train.py[line:105] - INFO: epoch 0, step 1900, loss 3.1080, start_f1 0.5946, end_f1 0.5946
2021-01-25 22:28:12 - train.py[line:105] - INFO: epoch 0, step 1950, loss 2.7026, start_f1 0.5333, end_f1 0.5806
2021-01-25 22:28:25 - train.py[line:105] - INFO: epoch 0, step 2000, loss 3.0615, start_f1 0.4138, end_f1 0.4516
2021-01-25 22:28:38 - train.py[line:105] - INFO: epoch 0, step 2050, loss 2.7330, start_f1 0.6061, end_f1 0.6857
2021-01-25 22:28:51 - train.py[line:105] - INFO: epoch 0, step 2100, loss 3.2055, start_f1 0.6000, end_f1 0.6471
2021-01-25 22:29:04 - train.py[line:105] - INFO: epoch 0, step 2150, loss 3.2634, start_f1 0.6061, end_f1 0.6154
2021-01-25 22:29:18 - train.py[line:105] - INFO: epoch 0, step 2200, loss 2.0386, start_f1 0.7368, end_f1 0.7368
2021-01-25 22:29:31 - train.py[line:105] - INFO: epoch 0, step 2250, loss 2.3895, start_f1 0.7273, end_f1 0.7391
2021-01-25 22:29:44 - train.py[line:105] - INFO: epoch 0, step 2300, loss 2.4915, start_f1 0.5625, end_f1 0.6471
2021-01-25 22:29:57 - train.py[line:105] - INFO: epoch 0, step 2350, loss 2.1560, start_f1 0.7368, end_f1 0.6857
2021-01-25 22:30:10 - train.py[line:105] - INFO: epoch 0, step 2400, loss 3.1318, start_f1 0.4000, end_f1 0.5625
2021-01-25 22:30:23 - train.py[line:105] - INFO: epoch 0, step 2450, loss 2.3664, start_f1 0.6000, end_f1 0.5000
2021-01-25 22:30:36 - train.py[line:105] - INFO: epoch 0, step 2500, loss 4.0871, start_f1 0.5789, end_f1 0.5333
2021-01-25 22:30:49 - train.py[line:105] - INFO: epoch 0, step 2550, loss 2.2516, start_f1 0.6667, end_f1 0.5714
2021-01-25 22:31:02 - train.py[line:105] - INFO: epoch 0, step 2600, loss 2.8350, start_f1 0.5806, end_f1 0.5714
2021-01-25 22:31:16 - train.py[line:105] - INFO: epoch 0, step 2650, loss 2.2671, start_f1 0.5714, end_f1 0.5714
2021-01-25 22:31:29 - train.py[line:105] - INFO: epoch 0, step 2700, loss 2.5728, start_f1 0.7200, end_f1 0.7308
2021-01-25 22:31:42 - train.py[line:105] - INFO: epoch 0, step 2750, loss 2.6246, start_f1 0.3478, end_f1 0.5161
2021-01-25 22:31:55 - train.py[line:105] - INFO: epoch 0, step 2800, loss 1.8497, start_f1 0.8163, end_f1 0.8000
2021-01-25 22:32:08 - train.py[line:105] - INFO: epoch 0, step 2850, loss 3.3074, start_f1 0.4444, end_f1 0.6154
2021-01-25 22:32:21 - train.py[line:105] - INFO: epoch 0, step 2900, loss 2.5465, start_f1 0.6000, end_f1 0.5000
2021-01-25 22:32:34 - train.py[line:105] - INFO: epoch 0, step 2950, loss 3.3019, start_f1 0.6486, end_f1 0.6842
2021-01-25 22:32:47 - train.py[line:105] - INFO: epoch 0, step 3000, loss 1.6045, start_f1 0.7692, end_f1 0.7692
2021-01-25 22:33:00 - train.py[line:105] - INFO: epoch 0, step 3050, loss 3.3195, start_f1 0.3810, end_f1 0.6061
2021-01-25 22:33:13 - train.py[line:105] - INFO: epoch 0, step 3100, loss 2.1361, start_f1 0.6667, end_f1 0.6667
2021-01-25 22:33:27 - train.py[line:105] - INFO: epoch 0, step 3150, loss 2.3284, start_f1 0.6667, end_f1 0.7692
2021-01-25 22:33:40 - train.py[line:105] - INFO: epoch 0, step 3200, loss 2.4246, start_f1 0.7000, end_f1 0.6818
2021-01-25 22:33:53 - train.py[line:105] - INFO: epoch 0, step 3250, loss 1.6425, start_f1 0.7097, end_f1 0.6897
2021-01-25 22:34:06 - train.py[line:105] - INFO: epoch 0, step 3300, loss 3.4918, start_f1 0.5806, end_f1 0.6829
2021-01-25 22:34:19 - train.py[line:105] - INFO: epoch 0, step 3350, loss 2.5948, start_f1 0.7111, end_f1 0.6957
2021-01-25 22:34:32 - train.py[line:105] - INFO: epoch 0, step 3400, loss 2.2874, start_f1 0.7368, end_f1 0.7027
2021-01-25 22:34:45 - train.py[line:105] - INFO: epoch 0, step 3450, loss 2.9626, start_f1 0.4167, end_f1 0.5333
2021-01-25 22:34:58 - train.py[line:105] - INFO: epoch 0, step 3500, loss 2.1073, start_f1 0.7000, end_f1 0.7273
2021-01-25 22:35:11 - train.py[line:105] - INFO: epoch 0, step 3550, loss 3.7841, start_f1 0.5556, end_f1 0.4286
2021-01-25 22:35:25 - train.py[line:105] - INFO: epoch 0, step 3600, loss 2.5951, start_f1 0.3810, end_f1 0.5625
2021-01-25 22:35:38 - train.py[line:105] - INFO: epoch 0, step 3650, loss 3.6863, start_f1 0.5455, end_f1 0.4000
2021-01-25 22:35:51 - train.py[line:105] - INFO: epoch 0, step 3700, loss 1.9981, start_f1 0.6857, end_f1 0.7692
2021-01-25 22:36:04 - train.py[line:105] - INFO: epoch 0, step 3750, loss 3.0471, start_f1 0.6667, end_f1 0.7027
2021-01-25 22:36:17 - train.py[line:105] - INFO: epoch 0, step 3800, loss 1.8912, start_f1 0.7556, end_f1 0.7917
2021-01-25 22:36:30 - train.py[line:105] - INFO: epoch 0, step 3850, loss 2.8093, start_f1 0.6522, end_f1 0.6522
2021-01-25 22:36:43 - train.py[line:105] - INFO: epoch 0, step 3900, loss 2.7406, start_f1 0.3636, end_f1 0.4800
2021-01-25 22:36:56 - train.py[line:105] - INFO: epoch 0, step 3950, loss 2.4514, start_f1 0.4615, end_f1 0.5333
2021-01-25 22:37:09 - train.py[line:105] - INFO: epoch 0, step 4000, loss 1.7557, start_f1 0.7059, end_f1 0.5455
2021-01-25 22:37:22 - train.py[line:105] - INFO: epoch 0, step 4050, loss 2.7599, start_f1 0.6842, end_f1 0.6957
2021-01-25 22:37:36 - train.py[line:105] - INFO: epoch 0, step 4100, loss 2.7570, start_f1 0.3000, end_f1 0.3636
2021-01-25 22:37:49 - train.py[line:105] - INFO: epoch 0, step 4150, loss 1.4144, start_f1 0.8462, end_f1 0.8462
2021-01-25 22:38:02 - train.py[line:105] - INFO: epoch 0, step 4200, loss 1.9295, start_f1 0.5600, end_f1 0.6452
2021-01-25 22:38:15 - train.py[line:105] - INFO: epoch 0, step 4250, loss 3.8658, start_f1 0.3704, end_f1 0.2609
2021-01-25 22:38:28 - train.py[line:105] - INFO: epoch 0, step 4300, loss 2.3363, start_f1 0.7027, end_f1 0.7143
2021-01-25 22:38:41 - train.py[line:105] - INFO: epoch 0, step 4350, loss 2.4627, start_f1 0.6667, end_f1 0.3810
2021-01-25 22:38:54 - train.py[line:105] - INFO: epoch 0, step 4400, loss 2.2767, start_f1 0.3810, end_f1 0.7111
2021-01-25 22:39:07 - train.py[line:105] - INFO: epoch 0, step 4450, loss 2.2314, start_f1 0.7273, end_f1 0.6250
2021-01-25 22:39:21 - train.py[line:105] - INFO: epoch 0, step 4500, loss 2.8884, start_f1 0.4167, end_f1 0.6286
2021-01-25 22:39:34 - train.py[line:105] - INFO: epoch 0, step 4550, loss 1.4380, start_f1 0.7500, end_f1 0.7500
2021-01-25 22:39:47 - train.py[line:105] - INFO: epoch 0, step 4600, loss 2.0868, start_f1 0.5385, end_f1 0.5385
2021-01-25 22:40:00 - train.py[line:105] - INFO: epoch 0, step 4650, loss 2.4588, start_f1 0.6818, end_f1 0.6667
2021-01-25 22:40:13 - train.py[line:105] - INFO: epoch 0, step 4700, loss 2.4354, start_f1 0.6957, end_f1 0.6957
2021-01-25 22:40:26 - train.py[line:105] - INFO: epoch 0, step 4750, loss 2.2631, start_f1 0.4800, end_f1 0.6667
2021-01-25 22:40:39 - train.py[line:105] - INFO: epoch 0, step 4800, loss 2.1751, start_f1 0.7111, end_f1 0.6842
2021-01-25 22:40:52 - train.py[line:105] - INFO: epoch 0, step 4850, loss 3.1290, start_f1 0.5517, end_f1 0.6500
2021-01-25 22:41:05 - train.py[line:105] - INFO: epoch 0, step 4900, loss 2.4514, start_f1 0.7143, end_f1 0.6471
2021-01-25 22:41:19 - train.py[line:105] - INFO: epoch 0, step 4950, loss 4.0078, start_f1 0.7111, end_f1 0.6286
2021-01-25 22:41:32 - train.py[line:105] - INFO: epoch 0, step 5000, loss 2.5474, start_f1 0.6818, end_f1 0.6818
2021-01-25 22:41:45 - train.py[line:105] - INFO: epoch 0, step 5050, loss 2.6020, start_f1 0.6809, end_f1 0.1176
2021-01-25 22:41:58 - train.py[line:105] - INFO: epoch 0, step 5100, loss 1.9200, start_f1 0.4762, end_f1 0.5600
2021-01-25 22:42:11 - train.py[line:105] - INFO: epoch 0, step 5150, loss 1.2185, start_f1 0.8205, end_f1 0.7586
2021-01-25 22:42:24 - train.py[line:105] - INFO: epoch 0, step 5200, loss 2.7764, start_f1 0.5294, end_f1 0.0000
2021-01-25 22:42:37 - train.py[line:105] - INFO: epoch 0, step 5250, loss 1.7500, start_f1 0.8148, end_f1 0.8148
2021-01-25 22:42:50 - train.py[line:105] - INFO: epoch 0, step 5300, loss 2.4069, start_f1 0.7600, end_f1 0.7451
2021-01-25 22:43:04 - train.py[line:105] - INFO: epoch 0, step 5350, loss 2.3611, start_f1 0.4348, end_f1 0.6818
2021-01-25 22:43:17 - train.py[line:105] - INFO: epoch 0, step 5400, loss 1.9138, start_f1 0.7442, end_f1 0.4762
2021-01-25 22:43:30 - train.py[line:105] - INFO: epoch 0, step 5450, loss 2.1941, start_f1 0.5000, end_f1 0.6842
2021-01-25 22:43:43 - train.py[line:105] - INFO: epoch 0, step 5500, loss 9.3955, start_f1 0.3750, end_f1 0.1667
2021-01-25 22:43:56 - train.py[line:105] - INFO: epoch 0, step 5550, loss 2.3470, start_f1 0.7500, end_f1 0.7234
2021-01-25 22:44:09 - train.py[line:105] - INFO: epoch 0, step 5600, loss 1.7734, start_f1 0.7917, end_f1 0.7059
2021-01-25 22:44:22 - train.py[line:105] - INFO: epoch 0, step 5650, loss 2.9389, start_f1 0.3000, end_f1 0.6667
2021-01-25 22:44:35 - train.py[line:105] - INFO: epoch 0, step 5700, loss 2.2593, start_f1 0.6977, end_f1 0.6977
2021-01-25 22:44:48 - train.py[line:105] - INFO: epoch 0, step 5750, loss 2.5474, start_f1 0.5833, end_f1 0.5217
2021-01-25 22:45:01 - train.py[line:105] - INFO: epoch 0, step 5800, loss 2.4933, start_f1 0.5714, end_f1 0.7391
2021-01-25 22:45:15 - train.py[line:105] - INFO: epoch 0, step 5850, loss 2.2632, start_f1 0.3810, end_f1 0.4800
2021-01-25 22:45:28 - train.py[line:105] - INFO: epoch 0, step 5900, loss 2.0695, start_f1 0.7273, end_f1 0.7222
2021-01-25 22:45:41 - train.py[line:105] - INFO: epoch 0, step 5950, loss 2.4656, start_f1 0.7143, end_f1 0.7143
2021-01-25 22:45:54 - train.py[line:105] - INFO: epoch 0, step 6000, loss 2.1069, start_f1 0.8095, end_f1 0.8364
2021-01-25 22:46:07 - train.py[line:105] - INFO: epoch 0, step 6050, loss 2.2563, start_f1 0.3810, end_f1 0.7234
2021-01-25 22:46:20 - train.py[line:105] - INFO: epoch 0, step 6100, loss 3.6084, start_f1 0.2857, end_f1 0.5000
2021-01-25 22:46:33 - train.py[line:105] - INFO: epoch 0, step 6150, loss 2.2557, start_f1 0.7347, end_f1 0.4800
2021-01-25 22:46:46 - train.py[line:105] - INFO: epoch 0, step 6200, loss 1.9110, start_f1 0.7317, end_f1 0.7442
2021-01-25 22:46:59 - train.py[line:105] - INFO: epoch 0, step 6250, loss 2.0843, start_f1 0.7391, end_f1 0.4545
2021-01-25 22:47:13 - train.py[line:105] - INFO: epoch 0, step 6300, loss 1.9117, start_f1 0.7442, end_f1 0.4762
2021-01-25 22:47:26 - train.py[line:105] - INFO: epoch 0, step 6350, loss 2.8596, start_f1 0.3810, end_f1 0.6818
2021-01-25 22:47:39 - train.py[line:105] - INFO: epoch 0, step 6400, loss 3.4743, start_f1 0.6512, end_f1 0.5946
2021-01-25 22:47:52 - train.py[line:105] - INFO: epoch 0, step 6450, loss 2.4199, start_f1 0.5806, end_f1 0.4615
2021-01-25 22:48:05 - train.py[line:105] - INFO: epoch 0, step 6500, loss 4.0123, start_f1 0.2000, end_f1 0.6531
2021-01-25 22:48:18 - train.py[line:105] - INFO: epoch 0, step 6550, loss 2.8129, start_f1 0.5385, end_f1 0.6957
2021-01-25 22:48:31 - train.py[line:105] - INFO: epoch 0, step 6600, loss 2.2540, start_f1 0.6977, end_f1 0.7111
2021-01-25 22:48:45 - train.py[line:105] - INFO: epoch 0, step 6650, loss 2.5156, start_f1 0.3810, end_f1 0.3810
2021-01-25 22:48:58 - train.py[line:105] - INFO: epoch 0, step 6700, loss 2.2577, start_f1 0.6486, end_f1 0.5517
2021-01-25 22:49:11 - train.py[line:105] - INFO: epoch 0, step 6750, loss 2.1236, start_f1 0.7600, end_f1 0.5385
2021-01-25 22:49:24 - train.py[line:105] - INFO: epoch 0, step 6800, loss 1.7389, start_f1 0.7727, end_f1 0.7727
2021-01-25 22:49:37 - train.py[line:105] - INFO: epoch 0, step 6850, loss 2.6005, start_f1 0.2105, end_f1 0.2105
2021-01-25 22:49:50 - train.py[line:105] - INFO: epoch 0, step 6900, loss 1.3919, start_f1 0.8182, end_f1 0.8182
2021-01-25 22:50:03 - train.py[line:105] - INFO: epoch 0, step 6950, loss 3.3547, start_f1 0.4800, end_f1 0.7234
2021-01-25 22:50:17 - train.py[line:105] - INFO: epoch 0, step 7000, loss 2.0823, start_f1 0.4545, end_f1 0.7391
2021-01-25 22:50:30 - train.py[line:105] - INFO: epoch 0, step 7050, loss 2.3324, start_f1 0.7778, end_f1 0.6667
2021-01-25 22:50:43 - train.py[line:105] - INFO: epoch 0, step 7100, loss 2.1467, start_f1 0.5385, end_f1 0.5385
2021-01-25 22:50:56 - train.py[line:105] - INFO: epoch 0, step 7150, loss 2.7870, start_f1 0.4167, end_f1 0.4615
2021-01-25 22:51:09 - train.py[line:105] - INFO: epoch 0, step 7200, loss 2.6004, start_f1 0.4828, end_f1 0.6809
2021-01-25 22:51:22 - train.py[line:105] - INFO: epoch 0, step 7250, loss 2.2847, start_f1 0.3810, end_f1 0.3810
2021-01-25 22:51:35 - train.py[line:105] - INFO: epoch 0, step 7300, loss 3.3273, start_f1 0.3636, end_f1 0.6667
2021-01-25 22:51:49 - train.py[line:105] - INFO: epoch 0, step 7350, loss 4.3732, start_f1 0.4615, end_f1 0.7391
2021-01-25 22:52:02 - train.py[line:105] - INFO: epoch 0, step 7400, loss 2.4668, start_f1 0.4762, end_f1 0.4762
2021-01-25 22:52:15 - train.py[line:105] - INFO: epoch 0, step 7450, loss 1.9611, start_f1 0.7826, end_f1 0.8000
2021-01-25 22:52:28 - train.py[line:105] - INFO: epoch 0, step 7500, loss 2.2614, start_f1 0.7347, end_f1 0.7347
2021-01-25 22:52:41 - train.py[line:105] - INFO: epoch 0, step 7550, loss 1.7553, start_f1 0.6429, end_f1 0.7917
2021-01-25 22:52:54 - train.py[line:105] - INFO: epoch 0, step 7600, loss 1.7935, start_f1 0.7059, end_f1 0.6429
2021-01-25 22:53:07 - train.py[line:105] - INFO: epoch 0, step 7650, loss 2.0816, start_f1 0.7500, end_f1 0.5000
2021-01-25 22:53:21 - train.py[line:105] - INFO: epoch 0, step 7700, loss 1.8940, start_f1 0.6154, end_f1 0.6400
2021-01-25 22:53:34 - train.py[line:105] - INFO: epoch 0, step 7750, loss 2.6021, start_f1 0.6341, end_f1 0.6809
2021-01-25 22:53:47 - train.py[line:105] - INFO: epoch 0, step 7800, loss 2.4275, start_f1 0.6957, end_f1 0.2222
2021-01-25 22:54:00 - train.py[line:105] - INFO: epoch 0, step 7850, loss 2.2915, start_f1 0.7317, end_f1 0.5600
2021-01-25 22:54:13 - train.py[line:105] - INFO: epoch 0, step 7900, loss 1.9138, start_f1 0.7179, end_f1 0.7843
2021-01-25 22:54:26 - train.py[line:105] - INFO: epoch 0, step 7950, loss 2.2538, start_f1 0.3158, end_f1 0.7111
2021-01-25 22:55:36 - train.py[line:135] - INFO: -----eval----
2021-01-25 22:55:36 - train.py[line:137] - INFO: epoch 0, step 7998, loss 2.2313, start_f1 0.3398, end_f1 0.7054
2021-01-25 22:55:36 - train.py[line:138] - INFO: -----eval----
2021-01-25 22:55:40 - train.py[line:105] - INFO: epoch 1, step 8000, loss 2.6003, start_f1 0.1176, end_f1 0.6809
2021-01-25 22:55:53 - train.py[line:105] - INFO: epoch 1, step 8050, loss 2.6143, start_f1 0.6667, end_f1 0.1176
2021-01-25 22:56:06 - train.py[line:105] - INFO: epoch 1, step 8100, loss 1.5614, start_f1 0.6087, end_f1 0.7692
2021-01-25 22:56:19 - train.py[line:105] - INFO: epoch 1, step 8150, loss 2.4286, start_f1 0.7442, end_f1 0.4545
2021-01-25 22:56:32 - train.py[line:105] - INFO: epoch 1, step 8200, loss 2.3471, start_f1 0.7660, end_f1 0.6429
2021-01-25 22:56:46 - train.py[line:105] - INFO: epoch 1, step 8250, loss 2.8008, start_f1 0.4167, end_f1 0.7083
2021-01-25 22:56:59 - train.py[line:105] - INFO: epoch 1, step 8300, loss 1.8518, start_f1 0.7619, end_f1 0.5833
