2021-01-26 13:51:50 - configuration_utils.py[line:281] - INFO: loading configuration file ./pretrained_model/chinese_roberta_wwm_ext\config.json
2021-01-26 13:51:50 - configuration_utils.py[line:319] - INFO: Model config BertConfig {
  "_num_labels": 2,
  "architectures": [
    "BertForMaskedLM"
  ],
  "attention_probs_dropout_prob": 0.1,
  "bad_words_ids": null,
  "bos_token_id": 0,
  "decoder_start_token_id": null,
  "directionality": "bidi",
  "do_sample": false,
  "early_stopping": false,
  "eos_token_id": 2,
  "finetuning_task": null,
  "hidden_act": "gelu",
  "hidden_dropout_prob": 0.1,
  "hidden_size": 768,
  "id2label": {
    "0": "LABEL_0",
    "1": "LABEL_1"
  },
  "initializer_range": 0.02,
  "intermediate_size": 3072,
  "is_decoder": false,
  "is_encoder_decoder": false,
  "label2id": {
    "LABEL_0": 0,
    "LABEL_1": 1
  },
  "layer_norm_eps": 1e-12,
  "length_penalty": 1.0,
  "max_length": 20,
  "max_position_embeddings": 512,
  "min_length": 0,
  "model_type": "bert",
  "no_repeat_ngram_size": 0,
  "num_attention_heads": 12,
  "num_beams": 1,
  "num_hidden_layers": 12,
  "num_return_sequences": 1,
  "output_attentions": false,
  "output_hidden_states": false,
  "output_past": true,
  "pad_token_id": 1,
  "pooler_fc_size": 768,
  "pooler_num_attention_heads": 12,
  "pooler_num_fc_layers": 3,
  "pooler_size_per_head": 128,
  "pooler_type": "first_token_transform",
  "prefix": null,
  "pruned_heads": {},
  "repetition_penalty": 1.0,
  "task_specific_params": null,
  "temperature": 1.0,
  "top_k": 50,
  "top_p": 1.0,
  "torchscript": false,
  "type_vocab_size": 2,
  "use_bfloat16": false,
  "vocab_size": 21128
}

2021-01-26 13:51:51 - modeling_utils.py[line:505] - INFO: loading weights file ./pretrained_model/chinese_roberta_wwm_ext\pytorch_model.bin
2021-01-26 13:52:33 - train.py[line:106] - INFO: epoch 0, step 50, loss 195.8201, start_f1 0.0254, end_f1 0.0134
2021-01-26 13:53:05 - train.py[line:106] - INFO: epoch 0, step 100, loss 159.8808, start_f1 0.0181, end_f1 0.0016
2021-01-26 13:53:36 - train.py[line:106] - INFO: epoch 0, step 150, loss 114.0890, start_f1 0.0271, end_f1 0.0043
2021-01-26 13:54:08 - train.py[line:106] - INFO: epoch 0, step 200, loss 57.8365, start_f1 0.0000, end_f1 0.0000
2021-01-26 13:54:40 - train.py[line:106] - INFO: epoch 0, step 250, loss 18.6994, start_f1 0.0000, end_f1 0.0000
2021-01-26 13:55:12 - train.py[line:106] - INFO: epoch 0, step 300, loss 14.2001, start_f1 0.0000, end_f1 0.0000
2021-01-26 13:55:44 - train.py[line:106] - INFO: epoch 0, step 350, loss 10.2374, start_f1 0.5161, end_f1 0.0000
2021-01-26 13:56:17 - train.py[line:106] - INFO: epoch 0, step 400, loss 7.9633, start_f1 0.5419, end_f1 0.0000
2021-01-26 13:56:49 - train.py[line:106] - INFO: epoch 0, step 450, loss 6.2252, start_f1 0.5818, end_f1 0.5000
2021-01-26 13:57:21 - train.py[line:106] - INFO: epoch 0, step 500, loss 6.6130, start_f1 0.5153, end_f1 0.4776
2021-01-26 13:57:53 - train.py[line:106] - INFO: epoch 0, step 550, loss 5.8094, start_f1 0.5513, end_f1 0.5507
2021-01-26 13:58:25 - train.py[line:106] - INFO: epoch 0, step 600, loss 4.8843, start_f1 0.7330, end_f1 0.5649
2021-01-26 13:58:57 - train.py[line:106] - INFO: epoch 0, step 650, loss 5.8713, start_f1 0.5714, end_f1 0.6275
2021-01-26 13:59:29 - train.py[line:106] - INFO: epoch 0, step 700, loss 4.6252, start_f1 0.7158, end_f1 0.6222
2021-01-26 14:00:01 - train.py[line:106] - INFO: epoch 0, step 750, loss 4.6703, start_f1 0.6947, end_f1 0.6423
2021-01-26 14:00:33 - train.py[line:106] - INFO: epoch 0, step 800, loss 4.6760, start_f1 0.6851, end_f1 0.6423
2021-01-26 14:01:05 - train.py[line:106] - INFO: epoch 0, step 850, loss 4.5163, start_f1 0.7647, end_f1 0.6531
2021-01-26 14:01:37 - train.py[line:106] - INFO: epoch 0, step 900, loss 3.8055, start_f1 0.7500, end_f1 0.7000
2021-01-26 14:02:09 - train.py[line:106] - INFO: epoch 0, step 950, loss 3.7846, start_f1 0.7667, end_f1 0.7143
2021-01-26 14:02:40 - train.py[line:106] - INFO: epoch 0, step 1000, loss 4.0798, start_f1 0.7783, end_f1 0.6619
2021-01-26 14:03:12 - train.py[line:106] - INFO: epoch 0, step 1050, loss 3.8316, start_f1 0.7907, end_f1 0.7075
2021-01-26 14:03:44 - train.py[line:106] - INFO: epoch 0, step 1100, loss 3.5510, start_f1 0.7879, end_f1 0.7211
2021-01-26 14:04:16 - train.py[line:106] - INFO: epoch 0, step 1150, loss 3.2212, start_f1 0.8203, end_f1 0.7643
2021-01-26 14:04:48 - train.py[line:106] - INFO: epoch 0, step 1200, loss 4.0516, start_f1 0.8035, end_f1 0.7125
2021-01-26 14:05:20 - train.py[line:106] - INFO: epoch 0, step 1250, loss 3.4469, start_f1 0.8195, end_f1 0.7484
2021-01-26 14:05:52 - train.py[line:106] - INFO: epoch 0, step 1300, loss 4.4157, start_f1 0.7742, end_f1 0.6713
2021-01-26 14:06:24 - train.py[line:106] - INFO: epoch 0, step 1350, loss 3.1555, start_f1 0.8288, end_f1 0.7297
2021-01-26 14:06:56 - train.py[line:106] - INFO: epoch 0, step 1400, loss 3.8162, start_f1 0.8148, end_f1 0.7613
2021-01-26 14:07:28 - train.py[line:106] - INFO: epoch 0, step 1450, loss 3.1721, start_f1 0.8213, end_f1 0.7397
2021-01-26 14:08:00 - train.py[line:106] - INFO: epoch 0, step 1500, loss 3.3566, start_f1 0.8297, end_f1 0.7561
2021-01-26 14:08:32 - train.py[line:106] - INFO: epoch 0, step 1550, loss 2.8914, start_f1 0.8229, end_f1 0.7368
2021-01-26 14:09:04 - train.py[line:106] - INFO: epoch 0, step 1600, loss 3.6316, start_f1 0.8039, end_f1 0.7273
2021-01-26 14:09:36 - train.py[line:106] - INFO: epoch 0, step 1650, loss 2.9077, start_f1 0.8269, end_f1 0.7353
2021-01-26 14:10:08 - train.py[line:106] - INFO: epoch 0, step 1700, loss 3.2063, start_f1 0.8384, end_f1 0.7625
2021-01-26 14:10:40 - train.py[line:106] - INFO: epoch 0, step 1750, loss 3.4076, start_f1 0.8037, end_f1 0.7133
2021-01-26 14:11:12 - train.py[line:106] - INFO: epoch 0, step 1800, loss 3.1087, start_f1 0.8257, end_f1 0.7297
2021-01-26 14:11:44 - train.py[line:106] - INFO: epoch 0, step 1850, loss 4.1916, start_f1 0.8110, end_f1 0.7568
2021-01-26 14:12:16 - train.py[line:106] - INFO: epoch 0, step 1900, loss 3.3696, start_f1 0.7941, end_f1 0.7448
2021-01-26 14:12:48 - train.py[line:106] - INFO: epoch 0, step 1950, loss 3.1068, start_f1 0.8208, end_f1 0.7246
2021-01-26 14:13:20 - train.py[line:106] - INFO: epoch 0, step 2000, loss 3.1388, start_f1 0.8273, end_f1 0.7432
2021-01-26 14:13:52 - train.py[line:106] - INFO: epoch 0, step 2050, loss 3.4712, start_f1 0.8108, end_f1 0.7034
2021-01-26 14:14:24 - train.py[line:106] - INFO: epoch 0, step 2100, loss 2.8868, start_f1 0.8473, end_f1 0.7429
2021-01-26 14:14:56 - train.py[line:106] - INFO: epoch 0, step 2150, loss 3.1328, start_f1 0.8116, end_f1 0.7429
2021-01-26 14:15:28 - train.py[line:106] - INFO: epoch 0, step 2200, loss 3.2159, start_f1 0.8279, end_f1 0.7211
2021-01-26 14:16:00 - train.py[line:106] - INFO: epoch 0, step 2250, loss 3.7542, start_f1 0.8035, end_f1 0.7389
2021-01-26 14:16:32 - train.py[line:106] - INFO: epoch 0, step 2300, loss 3.5871, start_f1 0.7905, end_f1 0.7101
2021-01-26 14:17:04 - train.py[line:106] - INFO: epoch 0, step 2350, loss 3.4316, start_f1 0.7911, end_f1 0.7467
2021-01-26 14:17:36 - train.py[line:106] - INFO: epoch 0, step 2400, loss 3.2841, start_f1 0.8125, end_f1 0.7310
2021-01-26 14:18:08 - train.py[line:106] - INFO: epoch 0, step 2450, loss 3.0903, start_f1 0.8195, end_f1 0.7206
2021-01-26 14:18:40 - train.py[line:106] - INFO: epoch 0, step 2500, loss 3.0233, start_f1 0.8230, end_f1 0.7286
2021-01-26 14:19:12 - train.py[line:106] - INFO: epoch 0, step 2550, loss 3.1914, start_f1 0.8203, end_f1 0.7310
2021-01-26 14:19:44 - train.py[line:106] - INFO: epoch 0, step 2600, loss 2.7723, start_f1 0.8390, end_f1 0.7660
2021-01-26 14:20:16 - train.py[line:106] - INFO: epoch 0, step 2650, loss 3.1521, start_f1 0.8155, end_f1 0.7111
2021-01-26 14:21:18 - train.py[line:136] - INFO: -----eval----
2021-01-26 14:21:18 - train.py[line:138] - INFO: epoch 0, step 2666, loss 3.1319, start_f1 0.8035, end_f1 0.7032
2021-01-26 14:21:18 - train.py[line:139] - INFO: -----eval----
2021-01-26 14:21:21 - train.py[line:143] - INFO: -----save the best model----
2021-01-26 14:21:43 - train.py[line:106] - INFO: epoch 1, step 2700, loss 3.1781, start_f1 0.8257, end_f1 0.7451
2021-01-26 14:22:15 - train.py[line:106] - INFO: epoch 1, step 2750, loss 3.0044, start_f1 0.8349, end_f1 0.7448
2021-01-26 14:22:47 - train.py[line:106] - INFO: epoch 1, step 2800, loss 2.4744, start_f1 0.8670, end_f1 0.8315
2021-01-26 14:23:19 - train.py[line:106] - INFO: epoch 1, step 2850, loss 3.0272, start_f1 0.8213, end_f1 0.7338
2021-01-26 14:23:51 - train.py[line:106] - INFO: epoch 1, step 2900, loss 2.6480, start_f1 0.8519, end_f1 0.7898
2021-01-26 14:24:23 - train.py[line:106] - INFO: epoch 1, step 2950, loss 4.5930, start_f1 0.7773, end_f1 0.6620
2021-01-26 14:24:55 - train.py[line:106] - INFO: epoch 1, step 3000, loss 3.7104, start_f1 0.8039, end_f1 0.7500
2021-01-26 14:25:26 - train.py[line:106] - INFO: epoch 1, step 3050, loss 2.6839, start_f1 0.8431, end_f1 0.7536
2021-01-26 14:25:58 - train.py[line:106] - INFO: epoch 1, step 3100, loss 2.7526, start_f1 0.8367, end_f1 0.7826
2021-01-26 14:26:30 - train.py[line:106] - INFO: epoch 1, step 3150, loss 3.4511, start_f1 0.8230, end_f1 0.7484
2021-01-26 14:27:02 - train.py[line:106] - INFO: epoch 1, step 3200, loss 2.8957, start_f1 0.8116, end_f1 0.7671
2021-01-26 14:27:34 - train.py[line:106] - INFO: epoch 1, step 3250, loss 3.6450, start_f1 0.8235, end_f1 0.7750
2021-01-26 14:28:06 - train.py[line:106] - INFO: epoch 1, step 3300, loss 2.7118, start_f1 0.8451, end_f1 0.7755
2021-01-26 14:28:38 - train.py[line:106] - INFO: epoch 1, step 3350, loss 3.2523, start_f1 0.8370, end_f1 0.7778
2021-01-26 14:29:10 - train.py[line:106] - INFO: epoch 1, step 3400, loss 2.9064, start_f1 0.8407, end_f1 0.7722
2021-01-26 14:29:42 - train.py[line:106] - INFO: epoch 1, step 3450, loss 3.1097, start_f1 0.8241, end_f1 0.7347
2021-01-26 14:30:14 - train.py[line:106] - INFO: epoch 1, step 3500, loss 3.0931, start_f1 0.8263, end_f1 0.7194
2021-01-26 14:30:46 - train.py[line:106] - INFO: epoch 1, step 3550, loss 2.9473, start_f1 0.8269, end_f1 0.7639
2021-01-26 14:31:18 - train.py[line:106] - INFO: epoch 1, step 3600, loss 2.9584, start_f1 0.8357, end_f1 0.7483
2021-01-26 14:31:50 - train.py[line:106] - INFO: epoch 1, step 3650, loss 3.1054, start_f1 0.8333, end_f1 0.7552
2021-01-26 14:32:22 - train.py[line:106] - INFO: epoch 1, step 3700, loss 3.7112, start_f1 0.8159, end_f1 0.7361
2021-01-26 14:32:54 - train.py[line:106] - INFO: epoch 1, step 3750, loss 3.5299, start_f1 0.8075, end_f1 0.7273
2021-01-26 14:33:26 - train.py[line:106] - INFO: epoch 1, step 3800, loss 3.2461, start_f1 0.8039, end_f1 0.7111
2021-01-26 14:33:58 - train.py[line:106] - INFO: epoch 1, step 3850, loss 2.5782, start_f1 0.8545, end_f1 0.7949
2021-01-26 14:34:30 - train.py[line:106] - INFO: epoch 1, step 3900, loss 2.8930, start_f1 0.8318, end_f1 0.7500
2021-01-26 14:35:02 - train.py[line:106] - INFO: epoch 1, step 3950, loss 2.5775, start_f1 0.8416, end_f1 0.7714
2021-01-26 14:35:34 - train.py[line:106] - INFO: epoch 1, step 4000, loss 2.8593, start_f1 0.8402, end_f1 0.7550
2021-01-26 14:36:06 - train.py[line:106] - INFO: epoch 1, step 4050, loss 2.4116, start_f1 0.8500, end_f1 0.7887
2021-01-26 14:36:38 - train.py[line:106] - INFO: epoch 1, step 4100, loss 2.7515, start_f1 0.8357, end_f1 0.7755
2021-01-26 14:37:10 - train.py[line:106] - INFO: epoch 1, step 4150, loss 2.8066, start_f1 0.8309, end_f1 0.7482
2021-01-26 14:37:42 - train.py[line:106] - INFO: epoch 1, step 4200, loss 3.4784, start_f1 0.8273, end_f1 0.7547
2021-01-26 14:38:14 - train.py[line:106] - INFO: epoch 1, step 4250, loss 2.8975, start_f1 0.8349, end_f1 0.7534
2021-01-26 14:38:46 - train.py[line:106] - INFO: epoch 1, step 4300, loss 3.0687, start_f1 0.8276, end_f1 0.7391
2021-01-26 14:39:18 - train.py[line:106] - INFO: epoch 1, step 4350, loss 2.5642, start_f1 0.8447, end_f1 0.7746
2021-01-26 14:39:50 - train.py[line:106] - INFO: epoch 1, step 4400, loss 2.4348, start_f1 0.8502, end_f1 0.7973
2021-01-26 14:40:22 - train.py[line:106] - INFO: epoch 1, step 4450, loss 3.0914, start_f1 0.8291, end_f1 0.7758
2021-01-26 14:40:54 - train.py[line:106] - INFO: epoch 1, step 4500, loss 2.7099, start_f1 0.8533, end_f1 0.7875
2021-01-26 14:41:26 - train.py[line:106] - INFO: epoch 1, step 4550, loss 3.4594, start_f1 0.8145, end_f1 0.7347
2021-01-26 14:41:58 - train.py[line:106] - INFO: epoch 1, step 4600, loss 3.3694, start_f1 0.8095, end_f1 0.7092
2021-01-26 14:42:29 - train.py[line:106] - INFO: epoch 1, step 4650, loss 2.8427, start_f1 0.8259, end_f1 0.7413
2021-01-26 14:43:01 - train.py[line:106] - INFO: epoch 1, step 4700, loss 3.0468, start_f1 0.8357, end_f1 0.7682
2021-01-26 14:43:33 - train.py[line:106] - INFO: epoch 1, step 4750, loss 2.6145, start_f1 0.8559, end_f1 0.8098
2021-01-26 14:44:05 - train.py[line:106] - INFO: epoch 1, step 4800, loss 3.3555, start_f1 0.8430, end_f1 0.7613
2021-01-26 14:44:37 - train.py[line:106] - INFO: epoch 1, step 4850, loss 3.6876, start_f1 0.8230, end_f1 0.7389
2021-01-26 14:45:09 - train.py[line:106] - INFO: epoch 1, step 4900, loss 2.7171, start_f1 0.8534, end_f1 0.7976
2021-01-26 14:45:41 - train.py[line:106] - INFO: epoch 1, step 4950, loss 3.5061, start_f1 0.8100, end_f1 0.7353
2021-01-26 14:46:13 - train.py[line:106] - INFO: epoch 1, step 5000, loss 3.4868, start_f1 0.8073, end_f1 0.7260
2021-01-26 14:46:45 - train.py[line:106] - INFO: epoch 1, step 5050, loss 2.7993, start_f1 0.8333, end_f1 0.7536
2021-01-26 14:47:17 - train.py[line:106] - INFO: epoch 1, step 5100, loss 2.6527, start_f1 0.8333, end_f1 0.7867
2021-01-26 14:47:49 - train.py[line:106] - INFO: epoch 1, step 5150, loss 2.4837, start_f1 0.8410, end_f1 0.7704
2021-01-26 14:48:21 - train.py[line:106] - INFO: epoch 1, step 5200, loss 2.8726, start_f1 0.8475, end_f1 0.7805
2021-01-26 14:48:53 - train.py[line:106] - INFO: epoch 1, step 5250, loss 3.1668, start_f1 0.8203, end_f1 0.7568
2021-01-26 14:49:25 - train.py[line:106] - INFO: epoch 1, step 5300, loss 2.7930, start_f1 0.8472, end_f1 0.7853
2021-01-26 14:50:36 - train.py[line:136] - INFO: -----eval----
2021-01-26 14:50:36 - train.py[line:138] - INFO: epoch 1, step 5332, loss 3.1003, start_f1 0.8102, end_f1 0.7134
2021-01-26 14:50:36 - train.py[line:139] - INFO: -----eval----
2021-01-26 14:50:38 - train.py[line:143] - INFO: -----save the best model----
2021-01-26 14:50:49 - train.py[line:106] - INFO: epoch 2, step 5350, loss 3.3269, start_f1 0.8293, end_f1 0.7552
2021-01-26 14:51:21 - train.py[line:106] - INFO: epoch 2, step 5400, loss 2.7056, start_f1 0.8421, end_f1 0.7606
2021-01-26 14:51:53 - train.py[line:106] - INFO: epoch 2, step 5450, loss 2.9903, start_f1 0.8283, end_f1 0.7647
2021-01-26 14:52:25 - train.py[line:106] - INFO: epoch 2, step 5500, loss 3.0225, start_f1 0.8317, end_f1 0.7606
2021-01-26 14:52:57 - train.py[line:106] - INFO: epoch 2, step 5550, loss 2.9580, start_f1 0.8137, end_f1 0.7429
2021-01-26 14:53:29 - train.py[line:106] - INFO: epoch 2, step 5600, loss 3.3557, start_f1 0.8235, end_f1 0.7518
2021-01-26 14:54:01 - train.py[line:106] - INFO: epoch 2, step 5650, loss 2.5661, start_f1 0.8473, end_f1 0.7832
2021-01-26 14:54:33 - train.py[line:106] - INFO: epoch 2, step 5700, loss 2.7159, start_f1 0.8411, end_f1 0.7703
2021-01-26 14:55:05 - train.py[line:106] - INFO: epoch 2, step 5750, loss 2.9678, start_f1 0.8190, end_f1 0.7299
2021-01-26 14:55:37 - train.py[line:106] - INFO: epoch 2, step 5800, loss 3.0379, start_f1 0.8421, end_f1 0.7841
2021-01-26 14:56:09 - train.py[line:106] - INFO: epoch 2, step 5850, loss 2.9879, start_f1 0.8411, end_f1 0.7733
2021-01-26 14:56:41 - train.py[line:106] - INFO: epoch 2, step 5900, loss 3.3377, start_f1 0.8173, end_f1 0.7429
2021-01-26 14:57:13 - train.py[line:106] - INFO: epoch 2, step 5950, loss 3.4338, start_f1 0.8218, end_f1 0.7391
2021-01-26 14:57:45 - train.py[line:106] - INFO: epoch 2, step 6000, loss 3.4003, start_f1 0.8056, end_f1 0.7101
2021-01-26 14:58:17 - train.py[line:106] - INFO: epoch 2, step 6050, loss 3.3416, start_f1 0.8465, end_f1 0.7949
2021-01-26 14:58:49 - train.py[line:106] - INFO: epoch 2, step 6100, loss 2.6313, start_f1 0.8476, end_f1 0.7838
2021-01-26 14:59:21 - train.py[line:106] - INFO: epoch 2, step 6150, loss 2.7745, start_f1 0.8430, end_f1 0.7742
2021-01-26 14:59:53 - train.py[line:106] - INFO: epoch 2, step 6200, loss 3.1616, start_f1 0.8182, end_f1 0.7183
2021-01-26 15:00:25 - train.py[line:106] - INFO: epoch 2, step 6250, loss 2.9784, start_f1 0.8263, end_f1 0.7413
2021-01-26 15:00:57 - train.py[line:106] - INFO: epoch 2, step 6300, loss 3.1975, start_f1 0.8412, end_f1 0.7730
2021-01-26 15:01:29 - train.py[line:106] - INFO: epoch 2, step 6350, loss 2.9115, start_f1 0.8378, end_f1 0.7582
2021-01-26 15:02:01 - train.py[line:106] - INFO: epoch 2, step 6400, loss 2.5891, start_f1 0.8410, end_f1 0.7612
2021-01-26 15:02:33 - train.py[line:106] - INFO: epoch 2, step 6450, loss 2.6497, start_f1 0.8406, end_f1 0.7660
2021-01-26 15:03:04 - train.py[line:106] - INFO: epoch 2, step 6500, loss 3.1576, start_f1 0.8286, end_f1 0.7338
2021-01-26 15:03:36 - train.py[line:106] - INFO: epoch 2, step 6550, loss 2.7216, start_f1 0.8381, end_f1 0.7606
2021-01-26 15:04:08 - train.py[line:106] - INFO: epoch 2, step 6600, loss 2.9459, start_f1 0.8279, end_f1 0.7376
2021-01-26 15:04:40 - train.py[line:106] - INFO: epoch 2, step 6650, loss 3.0272, start_f1 0.8348, end_f1 0.7532
2021-01-26 15:05:12 - train.py[line:106] - INFO: epoch 2, step 6700, loss 2.5553, start_f1 0.8416, end_f1 0.7681
2021-01-26 15:05:44 - train.py[line:106] - INFO: epoch 2, step 6750, loss 2.7110, start_f1 0.8283, end_f1 0.7463
2021-01-26 15:06:16 - train.py[line:106] - INFO: epoch 2, step 6800, loss 2.6403, start_f1 0.8465, end_f1 0.7785
2021-01-26 15:06:48 - train.py[line:106] - INFO: epoch 2, step 6850, loss 3.1978, start_f1 0.8165, end_f1 0.7101
2021-01-26 15:07:20 - train.py[line:106] - INFO: epoch 2, step 6900, loss 3.2098, start_f1 0.8235, end_f1 0.7260
2021-01-26 15:07:52 - train.py[line:106] - INFO: epoch 2, step 6950, loss 3.9294, start_f1 0.8261, end_f1 0.7468
2021-01-26 15:08:24 - train.py[line:106] - INFO: epoch 2, step 7000, loss 2.4138, start_f1 0.8545, end_f1 0.8052
2021-01-26 15:08:56 - train.py[line:106] - INFO: epoch 2, step 7050, loss 2.6691, start_f1 0.8276, end_f1 0.7591
2021-01-26 15:09:28 - train.py[line:106] - INFO: epoch 2, step 7100, loss 3.0657, start_f1 0.8169, end_f1 0.7483
2021-01-26 15:10:00 - train.py[line:106] - INFO: epoch 2, step 7150, loss 2.8813, start_f1 0.8356, end_f1 0.7722
2021-01-26 15:10:32 - train.py[line:106] - INFO: epoch 2, step 7200, loss 2.6343, start_f1 0.8374, end_f1 0.7556
2021-01-26 15:11:04 - train.py[line:106] - INFO: epoch 2, step 7250, loss 3.3421, start_f1 0.8203, end_f1 0.7383
2021-01-26 15:11:36 - train.py[line:106] - INFO: epoch 2, step 7300, loss 4.4514, start_f1 0.8151, end_f1 0.7561
2021-01-26 15:12:08 - train.py[line:106] - INFO: epoch 2, step 7350, loss 2.6006, start_f1 0.8300, end_f1 0.7714
2021-01-26 15:12:40 - train.py[line:106] - INFO: epoch 2, step 7400, loss 3.4368, start_f1 0.8165, end_f1 0.7397
2021-01-26 15:13:12 - train.py[line:106] - INFO: epoch 2, step 7450, loss 2.9723, start_f1 0.8257, end_f1 0.7763
2021-01-26 15:13:44 - train.py[line:106] - INFO: epoch 2, step 7500, loss 2.1574, start_f1 0.8571, end_f1 0.8000
2021-01-26 15:14:16 - train.py[line:106] - INFO: epoch 2, step 7550, loss 2.8724, start_f1 0.8333, end_f1 0.7500
2021-01-26 15:14:48 - train.py[line:106] - INFO: epoch 2, step 7600, loss 2.8666, start_f1 0.8396, end_f1 0.7632
2021-01-26 15:15:20 - train.py[line:106] - INFO: epoch 2, step 7650, loss 3.3681, start_f1 0.8435, end_f1 0.7805
2021-01-26 15:15:52 - train.py[line:106] - INFO: epoch 2, step 7700, loss 3.0710, start_f1 0.8498, end_f1 0.7879
2021-01-26 15:16:24 - train.py[line:106] - INFO: epoch 2, step 7750, loss 2.4756, start_f1 0.8485, end_f1 0.7943
2021-01-26 15:16:56 - train.py[line:106] - INFO: epoch 2, step 7800, loss 3.1179, start_f1 0.8235, end_f1 0.7353
2021-01-26 15:17:28 - train.py[line:106] - INFO: epoch 2, step 7850, loss 2.9451, start_f1 0.8416, end_f1 0.7662
2021-01-26 15:18:00 - train.py[line:106] - INFO: epoch 2, step 7900, loss 3.3063, start_f1 0.8257, end_f1 0.7183
2021-01-26 15:18:32 - train.py[line:106] - INFO: epoch 2, step 7950, loss 2.9470, start_f1 0.8279, end_f1 0.7413
2021-01-26 15:19:54 - train.py[line:136] - INFO: -----eval----
2021-01-26 15:19:54 - train.py[line:138] - INFO: epoch 2, step 7998, loss 2.2766, start_f1 0.8097, end_f1 0.7138
2021-01-26 15:19:54 - train.py[line:139] - INFO: -----eval----
2021-01-26 15:19:55 - train.py[line:106] - INFO: epoch 3, step 8000, loss 2.9468, start_f1 0.8295, end_f1 0.7448
2021-01-26 15:20:27 - train.py[line:106] - INFO: epoch 3, step 8050, loss 3.0241, start_f1 0.8288, end_f1 0.7397
2021-01-26 15:20:59 - train.py[line:106] - INFO: epoch 3, step 8100, loss 2.9260, start_f1 0.8372, end_f1 0.7550
2021-01-26 15:21:31 - train.py[line:106] - INFO: epoch 3, step 8150, loss 2.7928, start_f1 0.8372, end_f1 0.7552
2021-01-26 15:22:03 - train.py[line:106] - INFO: epoch 3, step 8200, loss 2.7255, start_f1 0.8411, end_f1 0.7671
2021-01-26 15:22:35 - train.py[line:106] - INFO: epoch 3, step 8250, loss 2.8957, start_f1 0.8311, end_f1 0.7662
2021-01-26 15:23:07 - train.py[line:106] - INFO: epoch 3, step 8300, loss 2.6160, start_f1 0.8416, end_f1 0.7571
2021-01-26 15:23:39 - train.py[line:106] - INFO: epoch 3, step 8350, loss 2.7067, start_f1 0.8440, end_f1 0.7763
2021-01-26 15:24:11 - train.py[line:106] - INFO: epoch 3, step 8400, loss 2.7505, start_f1 0.8496, end_f1 0.7875
2021-01-26 15:24:43 - train.py[line:106] - INFO: epoch 3, step 8450, loss 3.1204, start_f1 0.8252, end_f1 0.7586
2021-01-26 15:25:15 - train.py[line:106] - INFO: epoch 3, step 8500, loss 3.1057, start_f1 0.8169, end_f1 0.7153
2021-01-26 15:25:47 - train.py[line:106] - INFO: epoch 3, step 8550, loss 2.7603, start_f1 0.8468, end_f1 0.7821
2021-01-26 15:26:19 - train.py[line:106] - INFO: epoch 3, step 8600, loss 2.5492, start_f1 0.8416, end_f1 0.7681
2021-01-26 15:26:50 - train.py[line:106] - INFO: epoch 3, step 8650, loss 2.9709, start_f1 0.8341, end_f1 0.7755
2021-01-26 15:27:22 - train.py[line:106] - INFO: epoch 3, step 8700, loss 2.5619, start_f1 0.8447, end_f1 0.7746
2021-01-26 15:27:54 - train.py[line:106] - INFO: epoch 3, step 8750, loss 3.5627, start_f1 0.8152, end_f1 0.7143
2021-01-26 15:28:26 - train.py[line:106] - INFO: epoch 3, step 8800, loss 2.8687, start_f1 0.8333, end_f1 0.7500
2021-01-26 15:28:58 - train.py[line:106] - INFO: epoch 3, step 8850, loss 2.8658, start_f1 0.8500, end_f1 0.7882
2021-01-26 15:29:30 - train.py[line:106] - INFO: epoch 3, step 8900, loss 2.8671, start_f1 0.8302, end_f1 0.7429
2021-01-26 15:30:02 - train.py[line:106] - INFO: epoch 3, step 8950, loss 2.8662, start_f1 0.8333, end_f1 0.7534
2021-01-26 15:30:34 - train.py[line:106] - INFO: epoch 3, step 9000, loss 2.6276, start_f1 0.8546, end_f1 0.7950
2021-01-26 15:31:06 - train.py[line:106] - INFO: epoch 3, step 9050, loss 2.6895, start_f1 0.8406, end_f1 0.7778
2021-01-26 15:31:38 - train.py[line:106] - INFO: epoch 3, step 9100, loss 2.9475, start_f1 0.8311, end_f1 0.7448
2021-01-26 15:32:10 - train.py[line:106] - INFO: epoch 3, step 9150, loss 2.5887, start_f1 0.8462, end_f1 0.7755
2021-01-26 15:32:42 - train.py[line:106] - INFO: epoch 3, step 9200, loss 3.1051, start_f1 0.8219, end_f1 0.7273
2021-01-26 15:33:14 - train.py[line:106] - INFO: epoch 3, step 9250, loss 2.6270, start_f1 0.8451, end_f1 0.7755
2021-01-26 15:33:46 - train.py[line:106] - INFO: epoch 3, step 9300, loss 2.5647, start_f1 0.8491, end_f1 0.7815
2021-01-26 15:34:18 - train.py[line:106] - INFO: epoch 3, step 9350, loss 3.2061, start_f1 0.8145, end_f1 0.7222
2021-01-26 15:34:50 - train.py[line:106] - INFO: epoch 3, step 9400, loss 3.1832, start_f1 0.8148, end_f1 0.7101
2021-01-26 15:35:22 - train.py[line:106] - INFO: epoch 3, step 9450, loss 2.3251, start_f1 0.8599, end_f1 0.7973
2021-01-26 15:35:54 - train.py[line:106] - INFO: epoch 3, step 9500, loss 2.6269, start_f1 0.8406, end_f1 0.7660
2021-01-26 15:36:26 - train.py[line:106] - INFO: epoch 3, step 9550, loss 2.8751, start_f1 0.8378, end_f1 0.7632
2021-01-26 15:36:58 - train.py[line:106] - INFO: epoch 3, step 9600, loss 2.5487, start_f1 0.8545, end_f1 0.7949
2021-01-26 15:37:30 - train.py[line:106] - INFO: epoch 3, step 9650, loss 3.1881, start_f1 0.8214, end_f1 0.7297
2021-01-26 15:38:02 - train.py[line:106] - INFO: epoch 3, step 9700, loss 2.7063, start_f1 0.8396, end_f1 0.7639
2021-01-26 15:38:34 - train.py[line:106] - INFO: epoch 3, step 9750, loss 3.0079, start_f1 0.8378, end_f1 0.7550
2021-01-26 15:39:06 - train.py[line:106] - INFO: epoch 3, step 9800, loss 3.2271, start_f1 0.8219, end_f1 0.7211
2021-01-26 15:39:38 - train.py[line:106] - INFO: epoch 3, step 9850, loss 3.0297, start_f1 0.8348, end_f1 0.7595
2021-01-26 15:40:10 - train.py[line:106] - INFO: epoch 3, step 9900, loss 2.7983, start_f1 0.8559, end_f1 0.8046
2021-01-26 15:40:42 - train.py[line:106] - INFO: epoch 3, step 9950, loss 2.6265, start_f1 0.8406, end_f1 0.7660
