2021-01-26 15:49:40 - configuration_utils.py[line:281] - INFO: loading configuration file ./pretrained_model/chinese_roberta_wwm_ext\config.json
2021-01-26 15:49:40 - configuration_utils.py[line:319] - INFO: Model config BertConfig {
  "_num_labels": 2,
  "architectures": [
    "BertForMaskedLM"
  ],
  "attention_probs_dropout_prob": 0.1,
  "bad_words_ids": null,
  "bos_token_id": 0,
  "decoder_start_token_id": null,
  "directionality": "bidi",
  "do_sample": false,
  "early_stopping": false,
  "eos_token_id": 2,
  "finetuning_task": null,
  "hidden_act": "gelu",
  "hidden_dropout_prob": 0.1,
  "hidden_size": 768,
  "id2label": {
    "0": "LABEL_0",
    "1": "LABEL_1"
  },
  "initializer_range": 0.02,
  "intermediate_size": 3072,
  "is_decoder": false,
  "is_encoder_decoder": false,
  "label2id": {
    "LABEL_0": 0,
    "LABEL_1": 1
  },
  "layer_norm_eps": 1e-12,
  "length_penalty": 1.0,
  "max_length": 20,
  "max_position_embeddings": 512,
  "min_length": 0,
  "model_type": "bert",
  "no_repeat_ngram_size": 0,
  "num_attention_heads": 12,
  "num_beams": 1,
  "num_hidden_layers": 12,
  "num_return_sequences": 1,
  "output_attentions": false,
  "output_hidden_states": false,
  "output_past": true,
  "pad_token_id": 1,
  "pooler_fc_size": 768,
  "pooler_num_attention_heads": 12,
  "pooler_num_fc_layers": 3,
  "pooler_size_per_head": 128,
  "pooler_type": "first_token_transform",
  "prefix": null,
  "pruned_heads": {},
  "repetition_penalty": 1.0,
  "task_specific_params": null,
  "temperature": 1.0,
  "top_k": 50,
  "top_p": 1.0,
  "torchscript": false,
  "type_vocab_size": 2,
  "use_bfloat16": false,
  "vocab_size": 21128
}

2021-01-26 15:49:41 - modeling_utils.py[line:505] - INFO: loading weights file ./pretrained_model/chinese_roberta_wwm_ext\pytorch_model.bin
2021-01-26 15:50:24 - train.py[line:106] - INFO: epoch 0, step 50, loss 244.6060, start_f1 0.0079, end_f1 0.0065
2021-01-26 15:50:55 - train.py[line:106] - INFO: epoch 0, step 100, loss 205.4298, start_f1 0.0061, end_f1 0.0043
2021-01-26 15:51:27 - train.py[line:106] - INFO: epoch 0, step 150, loss 147.6150, start_f1 0.0052, end_f1 0.0049
2021-01-26 15:51:59 - train.py[line:106] - INFO: epoch 0, step 200, loss 81.9295, start_f1 0.0000, end_f1 0.0000
2021-01-26 15:52:31 - train.py[line:106] - INFO: epoch 0, step 250, loss 26.1782, start_f1 0.0000, end_f1 0.0000
2021-01-26 15:53:03 - train.py[line:106] - INFO: epoch 0, step 300, loss 5.9031, start_f1 0.0000, end_f1 0.0000
2021-01-26 15:53:35 - train.py[line:106] - INFO: epoch 0, step 350, loss 3.5009, start_f1 0.0000, end_f1 0.0000
2021-01-26 15:54:07 - train.py[line:106] - INFO: epoch 0, step 400, loss 2.9800, start_f1 0.0000, end_f1 0.0000
2021-01-26 15:54:39 - train.py[line:106] - INFO: epoch 0, step 450, loss 2.4863, start_f1 0.3750, end_f1 0.4444
2021-01-26 15:55:11 - train.py[line:106] - INFO: epoch 0, step 500, loss 1.7023, start_f1 0.4667, end_f1 0.4000
2021-01-26 15:55:43 - train.py[line:106] - INFO: epoch 0, step 550, loss 1.8300, start_f1 0.5200, end_f1 0.7636
2021-01-26 15:56:15 - train.py[line:106] - INFO: epoch 0, step 600, loss 1.7511, start_f1 0.6667, end_f1 0.8000
2021-01-26 15:56:47 - train.py[line:106] - INFO: epoch 0, step 650, loss 0.8373, start_f1 0.7500, end_f1 0.6923
2021-01-26 15:57:19 - train.py[line:106] - INFO: epoch 0, step 700, loss 1.3042, start_f1 0.7500, end_f1 0.7857
2021-01-26 15:57:51 - train.py[line:106] - INFO: epoch 0, step 750, loss 0.6120, start_f1 0.8889, end_f1 0.8421
2021-01-26 15:58:23 - train.py[line:106] - INFO: epoch 0, step 800, loss 0.5338, start_f1 0.8108, end_f1 0.8108
2021-01-26 15:58:55 - train.py[line:106] - INFO: epoch 0, step 850, loss 0.5627, start_f1 0.9000, end_f1 0.9231
2021-01-26 15:59:27 - train.py[line:106] - INFO: epoch 0, step 900, loss 1.0244, start_f1 0.8205, end_f1 0.7692
2021-01-26 15:59:59 - train.py[line:106] - INFO: epoch 0, step 950, loss 0.5958, start_f1 0.8800, end_f1 0.8800
2021-01-26 16:00:31 - train.py[line:106] - INFO: epoch 0, step 1000, loss 0.4308, start_f1 0.9143, end_f1 0.9412
2021-01-26 16:01:03 - train.py[line:106] - INFO: epoch 0, step 1050, loss 0.9157, start_f1 0.8519, end_f1 0.9492
2021-01-26 16:01:35 - train.py[line:106] - INFO: epoch 0, step 1100, loss 0.6832, start_f1 0.8955, end_f1 0.9538
2021-01-26 16:02:07 - train.py[line:106] - INFO: epoch 0, step 1150, loss 0.4791, start_f1 0.8125, end_f1 0.8235
2021-01-26 16:02:39 - train.py[line:106] - INFO: epoch 0, step 1200, loss 0.1674, start_f1 0.9600, end_f1 0.9167
2021-01-26 16:03:11 - train.py[line:106] - INFO: epoch 0, step 1250, loss 1.7249, start_f1 0.7333, end_f1 0.7059
2021-01-26 16:03:43 - train.py[line:106] - INFO: epoch 0, step 1300, loss 0.6108, start_f1 0.7879, end_f1 0.8889
2021-01-26 16:04:15 - train.py[line:106] - INFO: epoch 0, step 1350, loss 0.1757, start_f1 0.9756, end_f1 0.9500
2021-01-26 16:04:47 - train.py[line:106] - INFO: epoch 0, step 1400, loss 0.3803, start_f1 0.9643, end_f1 0.9643
2021-01-26 16:05:19 - train.py[line:106] - INFO: epoch 0, step 1450, loss 0.1923, start_f1 0.9091, end_f1 0.9565
2021-01-26 16:05:51 - train.py[line:106] - INFO: epoch 0, step 1500, loss 0.9848, start_f1 0.9000, end_f1 0.9062
2021-01-26 16:06:23 - train.py[line:106] - INFO: epoch 0, step 1550, loss 0.7474, start_f1 0.9057, end_f1 0.9600
2021-01-26 16:06:55 - train.py[line:106] - INFO: epoch 0, step 1600, loss 0.6626, start_f1 0.9000, end_f1 0.9000
2021-01-26 16:07:27 - train.py[line:106] - INFO: epoch 0, step 1650, loss 0.7151, start_f1 0.9091, end_f1 0.9048
2021-01-26 16:07:59 - train.py[line:106] - INFO: epoch 0, step 1700, loss 0.1928, start_f1 0.9474, end_f1 0.9189
2021-01-26 16:08:31 - train.py[line:106] - INFO: epoch 0, step 1750, loss 0.1697, start_f1 1.0000, end_f1 0.9388
2021-01-26 16:09:03 - train.py[line:106] - INFO: epoch 0, step 1800, loss 0.7458, start_f1 0.8627, end_f1 0.8679
2021-01-26 16:09:35 - train.py[line:106] - INFO: epoch 0, step 1850, loss 0.5012, start_f1 0.9630, end_f1 0.9630
2021-01-26 16:10:07 - train.py[line:106] - INFO: epoch 0, step 1900, loss 0.2009, start_f1 0.9643, end_f1 0.9643
2021-01-26 16:10:39 - train.py[line:106] - INFO: epoch 0, step 1950, loss 0.4637, start_f1 0.8800, end_f1 0.8627
2021-01-26 16:11:11 - train.py[line:106] - INFO: epoch 0, step 2000, loss 0.3009, start_f1 0.8696, end_f1 0.8333
2021-01-26 16:11:43 - train.py[line:106] - INFO: epoch 0, step 2050, loss 0.0577, start_f1 1.0000, end_f1 0.9767
2021-01-26 16:12:15 - train.py[line:106] - INFO: epoch 0, step 2100, loss 0.2138, start_f1 0.9643, end_f1 0.9643
2021-01-26 16:12:47 - train.py[line:106] - INFO: epoch 0, step 2150, loss 0.0945, start_f1 0.9818, end_f1 1.0000
2021-01-26 16:13:19 - train.py[line:106] - INFO: epoch 0, step 2200, loss 0.6069, start_f1 0.9444, end_f1 0.9444
2021-01-26 16:13:51 - train.py[line:106] - INFO: epoch 0, step 2250, loss 0.5096, start_f1 0.9552, end_f1 0.9275
2021-01-26 16:14:23 - train.py[line:106] - INFO: epoch 0, step 2300, loss 0.4511, start_f1 0.9524, end_f1 0.9302
2021-01-26 16:14:55 - train.py[line:106] - INFO: epoch 0, step 2350, loss 0.4513, start_f1 0.9200, end_f1 0.8800
2021-01-26 16:15:27 - train.py[line:106] - INFO: epoch 0, step 2400, loss 0.0655, start_f1 0.9831, end_f1 1.0000
2021-01-26 16:15:59 - train.py[line:106] - INFO: epoch 0, step 2450, loss 0.7379, start_f1 0.8750, end_f1 0.8571
2021-01-26 16:16:31 - train.py[line:106] - INFO: epoch 0, step 2500, loss 0.1005, start_f1 0.9714, end_f1 1.0000
2021-01-26 16:17:03 - train.py[line:106] - INFO: epoch 0, step 2550, loss 0.2498, start_f1 0.9655, end_f1 0.9655
2021-01-26 16:17:35 - train.py[line:106] - INFO: epoch 0, step 2600, loss 0.0973, start_f1 0.9697, end_f1 0.9697
2021-01-26 16:18:07 - train.py[line:106] - INFO: epoch 0, step 2650, loss 0.5476, start_f1 0.9565, end_f1 0.9574
2021-01-26 16:19:08 - train.py[line:136] - INFO: -----eval----
2021-01-26 16:19:08 - train.py[line:138] - INFO: epoch 0, step 2666, loss 0.0901, start_f1 0.9101, end_f1 0.9165
2021-01-26 16:19:08 - train.py[line:139] - INFO: -----eval----
2021-01-26 16:19:11 - train.py[line:143] - INFO: -----save the best model----
2021-01-26 16:19:33 - train.py[line:106] - INFO: epoch 1, step 2700, loss 0.2492, start_f1 0.9412, end_f1 0.9412
2021-01-26 16:20:05 - train.py[line:106] - INFO: epoch 1, step 2750, loss 0.0792, start_f1 1.0000, end_f1 0.9756
2021-01-26 16:20:37 - train.py[line:106] - INFO: epoch 1, step 2800, loss 0.6034, start_f1 0.8947, end_f1 0.8649
2021-01-26 16:21:09 - train.py[line:106] - INFO: epoch 1, step 2850, loss 0.0192, start_f1 1.0000, end_f1 1.0000
2021-01-26 16:21:41 - train.py[line:106] - INFO: epoch 1, step 2900, loss 0.0242, start_f1 1.0000, end_f1 1.0000
2021-01-26 16:22:13 - train.py[line:106] - INFO: epoch 1, step 2950, loss 0.3074, start_f1 0.9362, end_f1 0.9778
2021-01-26 16:22:45 - train.py[line:106] - INFO: epoch 1, step 3000, loss 0.1521, start_f1 0.9767, end_f1 0.9524
2021-01-26 16:23:17 - train.py[line:106] - INFO: epoch 1, step 3050, loss 0.0461, start_f1 1.0000, end_f1 1.0000
2021-01-26 16:23:49 - train.py[line:106] - INFO: epoch 1, step 3100, loss 0.7609, start_f1 0.9677, end_f1 0.9677
2021-01-26 16:24:21 - train.py[line:106] - INFO: epoch 1, step 3150, loss 0.0279, start_f1 1.0000, end_f1 1.0000
2021-01-26 16:24:53 - train.py[line:106] - INFO: epoch 1, step 3200, loss 0.3010, start_f1 0.9643, end_f1 0.9630
2021-01-26 16:25:25 - train.py[line:106] - INFO: epoch 1, step 3250, loss 0.3655, start_f1 0.9524, end_f1 0.9268
2021-01-26 16:25:57 - train.py[line:106] - INFO: epoch 1, step 3300, loss 0.0512, start_f1 0.9677, end_f1 1.0000
2021-01-26 16:26:29 - train.py[line:106] - INFO: epoch 1, step 3350, loss 0.8169, start_f1 0.9153, end_f1 0.9310
2021-01-26 16:27:01 - train.py[line:106] - INFO: epoch 1, step 3400, loss 0.0187, start_f1 1.0000, end_f1 1.0000
2021-01-26 16:27:33 - train.py[line:106] - INFO: epoch 1, step 3450, loss 0.0439, start_f1 0.9730, end_f1 1.0000
2021-01-26 16:28:05 - train.py[line:106] - INFO: epoch 1, step 3500, loss 0.3476, start_f1 0.9565, end_f1 0.9778
2021-01-26 16:28:37 - train.py[line:106] - INFO: epoch 1, step 3550, loss 0.1188, start_f1 0.9767, end_f1 0.9767
2021-01-26 16:29:09 - train.py[line:106] - INFO: epoch 1, step 3600, loss 0.1836, start_f1 0.9615, end_f1 0.9804
2021-01-26 16:29:41 - train.py[line:106] - INFO: epoch 1, step 3650, loss 0.0104, start_f1 1.0000, end_f1 1.0000
2021-01-26 16:30:13 - train.py[line:106] - INFO: epoch 1, step 3700, loss 0.5966, start_f1 0.7755, end_f1 0.9167
2021-01-26 16:30:45 - train.py[line:106] - INFO: epoch 1, step 3750, loss 0.0513, start_f1 1.0000, end_f1 1.0000
2021-01-26 16:31:17 - train.py[line:106] - INFO: epoch 1, step 3800, loss 0.1441, start_f1 0.9545, end_f1 1.0000
2021-01-26 16:31:49 - train.py[line:106] - INFO: epoch 1, step 3850, loss 0.1587, start_f1 0.9565, end_f1 0.9167
2021-01-26 16:32:21 - train.py[line:106] - INFO: epoch 1, step 3900, loss 0.3057, start_f1 0.9524, end_f1 0.9744
2021-01-26 16:32:53 - train.py[line:106] - INFO: epoch 1, step 3950, loss 0.4674, start_f1 0.9231, end_f1 0.9231
2021-01-26 16:33:25 - train.py[line:106] - INFO: epoch 1, step 4000, loss 0.0030, start_f1 1.0000, end_f1 1.0000
2021-01-26 16:33:57 - train.py[line:106] - INFO: epoch 1, step 4050, loss 0.0360, start_f1 1.0000, end_f1 1.0000
2021-01-26 16:34:29 - train.py[line:106] - INFO: epoch 1, step 4100, loss 0.0297, start_f1 1.0000, end_f1 1.0000
2021-01-26 16:35:01 - train.py[line:106] - INFO: epoch 1, step 4150, loss 0.0405, start_f1 1.0000, end_f1 1.0000
2021-01-26 16:35:33 - train.py[line:106] - INFO: epoch 1, step 4200, loss 0.0136, start_f1 1.0000, end_f1 1.0000
2021-01-26 16:36:05 - train.py[line:106] - INFO: epoch 1, step 4250, loss 0.0495, start_f1 1.0000, end_f1 1.0000
2021-01-26 16:36:37 - train.py[line:106] - INFO: epoch 1, step 4300, loss 0.1669, start_f1 0.9412, end_f1 0.9412
2021-01-26 16:37:09 - train.py[line:106] - INFO: epoch 1, step 4350, loss 0.6302, start_f1 0.9677, end_f1 0.9355
2021-01-26 16:37:41 - train.py[line:106] - INFO: epoch 1, step 4400, loss 0.7861, start_f1 0.9688, end_f1 0.9231
2021-01-26 16:38:13 - train.py[line:106] - INFO: epoch 1, step 4450, loss 0.0862, start_f1 0.9714, end_f1 0.9714
2021-01-26 16:38:45 - train.py[line:106] - INFO: epoch 1, step 4500, loss 0.0848, start_f1 0.9767, end_f1 0.9778
2021-01-26 16:39:17 - train.py[line:106] - INFO: epoch 1, step 4550, loss 0.0770, start_f1 0.9787, end_f1 1.0000
2021-01-26 16:39:49 - train.py[line:106] - INFO: epoch 1, step 4600, loss 0.0240, start_f1 1.0000, end_f1 1.0000
2021-01-26 16:40:21 - train.py[line:106] - INFO: epoch 1, step 4650, loss 0.3878, start_f1 0.9231, end_f1 0.9254
2021-01-26 16:40:53 - train.py[line:106] - INFO: epoch 1, step 4700, loss 0.4440, start_f1 0.9057, end_f1 0.9259
2021-01-26 16:41:25 - train.py[line:106] - INFO: epoch 1, step 4750, loss 0.2677, start_f1 0.9492, end_f1 0.9667
2021-01-26 16:41:57 - train.py[line:106] - INFO: epoch 1, step 4800, loss 0.1447, start_f1 0.9714, end_f1 0.9143
2021-01-26 16:42:29 - train.py[line:106] - INFO: epoch 1, step 4850, loss 0.3912, start_f1 0.9362, end_f1 0.9565
2021-01-26 16:43:01 - train.py[line:106] - INFO: epoch 1, step 4900, loss 0.0293, start_f1 1.0000, end_f1 1.0000
2021-01-26 16:43:33 - train.py[line:106] - INFO: epoch 1, step 4950, loss 0.3928, start_f1 0.9048, end_f1 0.9302
2021-01-26 16:44:05 - train.py[line:106] - INFO: epoch 1, step 5000, loss 0.0786, start_f1 1.0000, end_f1 0.9778
2021-01-26 16:44:37 - train.py[line:106] - INFO: epoch 1, step 5050, loss 0.1826, start_f1 0.9756, end_f1 0.9756
2021-01-26 16:45:09 - train.py[line:106] - INFO: epoch 1, step 5100, loss 0.3784, start_f1 0.9455, end_f1 0.9455
2021-01-26 16:45:41 - train.py[line:106] - INFO: epoch 1, step 5150, loss 0.2113, start_f1 0.9767, end_f1 0.9756
2021-01-26 16:46:13 - train.py[line:106] - INFO: epoch 1, step 5200, loss 0.1551, start_f1 0.9778, end_f1 0.9091
2021-01-26 16:46:45 - train.py[line:106] - INFO: epoch 1, step 5250, loss 0.1580, start_f1 0.9677, end_f1 0.9677
2021-01-26 16:47:17 - train.py[line:106] - INFO: epoch 1, step 5300, loss 0.0774, start_f1 0.9744, end_f1 0.9756
2021-01-26 16:48:27 - train.py[line:136] - INFO: -----eval----
2021-01-26 16:48:27 - train.py[line:138] - INFO: epoch 1, step 5332, loss 0.2222, start_f1 0.9350, end_f1 0.9328
2021-01-26 16:48:27 - train.py[line:139] - INFO: -----eval----
2021-01-26 16:48:29 - train.py[line:143] - INFO: -----save the best model----
2021-01-26 16:48:41 - train.py[line:106] - INFO: epoch 2, step 5350, loss 0.0152, start_f1 1.0000, end_f1 1.0000
2021-01-26 16:49:12 - train.py[line:106] - INFO: epoch 2, step 5400, loss 0.1108, start_f1 0.9836, end_f1 0.9836
2021-01-26 16:49:44 - train.py[line:106] - INFO: epoch 2, step 5450, loss 0.1988, start_f1 0.9677, end_f1 0.9677
2021-01-26 16:50:16 - train.py[line:106] - INFO: epoch 2, step 5500, loss 0.0007, start_f1 1.0000, end_f1 1.0000
2021-01-26 16:50:48 - train.py[line:106] - INFO: epoch 2, step 5550, loss 0.0240, start_f1 1.0000, end_f1 0.9778
2021-01-26 16:51:20 - train.py[line:106] - INFO: epoch 2, step 5600, loss 0.0145, start_f1 1.0000, end_f1 1.0000
2021-01-26 16:51:52 - train.py[line:106] - INFO: epoch 2, step 5650, loss 0.0348, start_f1 1.0000, end_f1 0.9655
2021-01-26 16:52:24 - train.py[line:106] - INFO: epoch 2, step 5700, loss 0.1516, start_f1 0.9804, end_f1 0.9600
2021-01-26 16:52:56 - train.py[line:106] - INFO: epoch 2, step 5750, loss 0.0423, start_f1 1.0000, end_f1 0.9787
2021-01-26 16:53:28 - train.py[line:106] - INFO: epoch 2, step 5800, loss 0.0019, start_f1 1.0000, end_f1 1.0000
2021-01-26 16:54:00 - train.py[line:106] - INFO: epoch 2, step 5850, loss 0.7579, start_f1 0.8780, end_f1 0.9091
2021-01-26 16:54:32 - train.py[line:106] - INFO: epoch 2, step 5900, loss 0.0010, start_f1 1.0000, end_f1 1.0000
2021-01-26 16:55:04 - train.py[line:106] - INFO: epoch 2, step 5950, loss 0.0055, start_f1 1.0000, end_f1 1.0000
2021-01-26 16:55:36 - train.py[line:106] - INFO: epoch 2, step 6000, loss 0.4476, start_f1 0.9565, end_f1 0.9565
2021-01-26 16:56:07 - train.py[line:106] - INFO: epoch 2, step 6050, loss 0.1198, start_f1 0.9787, end_f1 0.9787
2021-01-26 16:56:39 - train.py[line:106] - INFO: epoch 2, step 6100, loss 0.0355, start_f1 0.9744, end_f1 1.0000
2021-01-26 16:57:11 - train.py[line:106] - INFO: epoch 2, step 6150, loss 0.0168, start_f1 1.0000, end_f1 1.0000
2021-01-26 16:57:43 - train.py[line:106] - INFO: epoch 2, step 6200, loss 0.0107, start_f1 1.0000, end_f1 1.0000
2021-01-26 16:58:15 - train.py[line:106] - INFO: epoch 2, step 6250, loss 0.3975, start_f1 0.9434, end_f1 1.0000
2021-01-26 16:58:47 - train.py[line:106] - INFO: epoch 2, step 6300, loss 0.0173, start_f1 1.0000, end_f1 1.0000
2021-01-26 16:59:19 - train.py[line:106] - INFO: epoch 2, step 6350, loss 0.0007, start_f1 1.0000, end_f1 1.0000
2021-01-26 16:59:51 - train.py[line:106] - INFO: epoch 2, step 6400, loss 0.2473, start_f1 0.9302, end_f1 1.0000
2021-01-26 17:00:23 - train.py[line:106] - INFO: epoch 2, step 6450, loss 0.1427, start_f1 0.9714, end_f1 0.9714
2021-01-26 17:00:55 - train.py[line:106] - INFO: epoch 2, step 6500, loss 0.1948, start_f1 0.9863, end_f1 0.9863
2021-01-26 17:01:27 - train.py[line:106] - INFO: epoch 2, step 6550, loss 0.0031, start_f1 1.0000, end_f1 1.0000
2021-01-26 17:01:58 - train.py[line:106] - INFO: epoch 2, step 6600, loss 0.2341, start_f1 0.9643, end_f1 0.9643
2021-01-26 17:02:30 - train.py[line:106] - INFO: epoch 2, step 6650, loss 0.0050, start_f1 1.0000, end_f1 1.0000
2021-01-26 17:03:02 - train.py[line:106] - INFO: epoch 2, step 6700, loss 0.0009, start_f1 1.0000, end_f1 1.0000
2021-01-26 17:03:34 - train.py[line:106] - INFO: epoch 2, step 6750, loss 0.5684, start_f1 0.9333, end_f1 0.9032
2021-01-26 17:04:06 - train.py[line:106] - INFO: epoch 2, step 6800, loss 0.4148, start_f1 0.9677, end_f1 0.9524
2021-01-26 17:04:38 - train.py[line:106] - INFO: epoch 2, step 6850, loss 0.5300, start_f1 0.8889, end_f1 0.9189
2021-01-26 17:05:10 - train.py[line:106] - INFO: epoch 2, step 6900, loss 0.0063, start_f1 1.0000, end_f1 1.0000
2021-01-26 17:05:42 - train.py[line:106] - INFO: epoch 2, step 6950, loss 0.0869, start_f1 1.0000, end_f1 0.9804
2021-01-26 17:06:14 - train.py[line:106] - INFO: epoch 2, step 7000, loss 0.0269, start_f1 0.9677, end_f1 1.0000
2021-01-26 17:06:46 - train.py[line:106] - INFO: epoch 2, step 7050, loss 0.0794, start_f1 0.9767, end_f1 0.9767
2021-01-26 17:07:18 - train.py[line:106] - INFO: epoch 2, step 7100, loss 0.6524, start_f1 0.9565, end_f1 0.9600
2021-01-26 17:07:50 - train.py[line:106] - INFO: epoch 2, step 7150, loss 0.0060, start_f1 1.0000, end_f1 1.0000
2021-01-26 17:08:22 - train.py[line:106] - INFO: epoch 2, step 7200, loss 0.3731, start_f1 0.9231, end_f1 0.9756
2021-01-26 17:08:54 - train.py[line:106] - INFO: epoch 2, step 7250, loss 0.0010, start_f1 1.0000, end_f1 1.0000
2021-01-26 17:09:26 - train.py[line:106] - INFO: epoch 2, step 7300, loss 0.0003, start_f1 1.0000, end_f1 1.0000
2021-01-26 17:09:58 - train.py[line:106] - INFO: epoch 2, step 7350, loss 0.0181, start_f1 0.9825, end_f1 1.0000
2021-01-26 17:10:30 - train.py[line:106] - INFO: epoch 2, step 7400, loss 0.0004, start_f1 1.0000, end_f1 1.0000
2021-01-26 17:11:02 - train.py[line:106] - INFO: epoch 2, step 7450, loss 0.0051, start_f1 1.0000, end_f1 1.0000
2021-01-26 17:11:34 - train.py[line:106] - INFO: epoch 2, step 7500, loss 0.0005, start_f1 1.0000, end_f1 1.0000
2021-01-26 17:12:05 - train.py[line:106] - INFO: epoch 2, step 7550, loss 0.1114, start_f1 0.9744, end_f1 0.9744
2021-01-26 17:12:37 - train.py[line:106] - INFO: epoch 2, step 7600, loss 0.0737, start_f1 0.9677, end_f1 0.9677
2021-01-26 17:13:09 - train.py[line:106] - INFO: epoch 2, step 7650, loss 0.0007, start_f1 1.0000, end_f1 1.0000
2021-01-26 17:13:41 - train.py[line:106] - INFO: epoch 2, step 7700, loss 0.0026, start_f1 1.0000, end_f1 1.0000
2021-01-26 17:14:13 - train.py[line:106] - INFO: epoch 2, step 7750, loss 0.2716, start_f1 0.9730, end_f1 0.9474
2021-01-26 17:14:45 - train.py[line:106] - INFO: epoch 2, step 7800, loss 0.2932, start_f1 0.9630, end_f1 0.9630
2021-01-26 17:15:17 - train.py[line:106] - INFO: epoch 2, step 7850, loss 0.3847, start_f1 0.9655, end_f1 0.9310
2021-01-26 17:15:49 - train.py[line:106] - INFO: epoch 2, step 7900, loss 0.2645, start_f1 0.9375, end_f1 0.9032
2021-01-26 17:16:21 - train.py[line:106] - INFO: epoch 2, step 7950, loss 0.0012, start_f1 1.0000, end_f1 1.0000
2021-01-26 17:17:42 - train.py[line:136] - INFO: -----eval----
2021-01-26 17:17:42 - train.py[line:138] - INFO: epoch 2, step 7998, loss 0.0044, start_f1 0.9470, end_f1 0.9435
2021-01-26 17:17:42 - train.py[line:139] - INFO: -----eval----
2021-01-26 17:17:43 - train.py[line:143] - INFO: -----save the best model----
2021-01-26 17:17:44 - train.py[line:106] - INFO: epoch 3, step 8000, loss 0.3481, start_f1 0.9630, end_f1 1.0000
2021-01-26 17:18:16 - train.py[line:106] - INFO: epoch 3, step 8050, loss 0.1071, start_f1 0.9796, end_f1 0.9796
2021-01-26 17:18:48 - train.py[line:106] - INFO: epoch 3, step 8100, loss 0.0008, start_f1 1.0000, end_f1 1.0000
2021-01-26 17:19:20 - train.py[line:106] - INFO: epoch 3, step 8150, loss 0.0003, start_f1 1.0000, end_f1 1.0000
2021-01-26 17:19:52 - train.py[line:106] - INFO: epoch 3, step 8200, loss 0.0005, start_f1 1.0000, end_f1 1.0000
2021-01-26 17:20:24 - train.py[line:106] - INFO: epoch 3, step 8250, loss 0.0002, start_f1 1.0000, end_f1 1.0000
2021-01-26 17:20:55 - train.py[line:106] - INFO: epoch 3, step 8300, loss 0.0038, start_f1 1.0000, end_f1 1.0000
2021-01-26 17:21:27 - train.py[line:106] - INFO: epoch 3, step 8350, loss 0.0175, start_f1 0.9841, end_f1 1.0000
2021-01-26 17:21:59 - train.py[line:106] - INFO: epoch 3, step 8400, loss 0.0003, start_f1 1.0000, end_f1 1.0000
2021-01-26 17:22:31 - train.py[line:106] - INFO: epoch 3, step 8450, loss 0.0002, start_f1 1.0000, end_f1 1.0000
2021-01-26 17:23:03 - train.py[line:106] - INFO: epoch 3, step 8500, loss 0.0553, start_f1 1.0000, end_f1 0.9796
2021-01-26 17:23:35 - train.py[line:106] - INFO: epoch 3, step 8550, loss 0.0003, start_f1 1.0000, end_f1 1.0000
2021-01-26 17:24:06 - train.py[line:106] - INFO: epoch 3, step 8600, loss 0.1304, start_f1 1.0000, end_f1 0.9767
2021-01-26 17:24:38 - train.py[line:106] - INFO: epoch 3, step 8650, loss 0.0596, start_f1 1.0000, end_f1 0.9767
2021-01-26 17:25:10 - train.py[line:106] - INFO: epoch 3, step 8700, loss 0.0019, start_f1 1.0000, end_f1 1.0000
2021-01-26 17:25:42 - train.py[line:106] - INFO: epoch 3, step 8750, loss 0.0855, start_f1 0.9744, end_f1 0.9744
2021-01-26 17:26:14 - train.py[line:106] - INFO: epoch 3, step 8800, loss 0.0027, start_f1 1.0000, end_f1 1.0000
2021-01-26 17:26:46 - train.py[line:106] - INFO: epoch 3, step 8850, loss 0.0004, start_f1 1.0000, end_f1 1.0000
2021-01-26 17:27:17 - train.py[line:106] - INFO: epoch 3, step 8900, loss 0.0363, start_f1 1.0000, end_f1 0.9796
2021-01-26 17:27:49 - train.py[line:106] - INFO: epoch 3, step 8950, loss 0.0020, start_f1 1.0000, end_f1 1.0000
2021-01-26 17:28:21 - train.py[line:106] - INFO: epoch 3, step 9000, loss 0.0101, start_f1 1.0000, end_f1 1.0000
2021-01-26 17:28:53 - train.py[line:106] - INFO: epoch 3, step 9050, loss 0.0005, start_f1 1.0000, end_f1 1.0000
2021-01-26 17:29:25 - train.py[line:106] - INFO: epoch 3, step 9100, loss 0.0005, start_f1 1.0000, end_f1 1.0000
2021-01-26 17:29:57 - train.py[line:106] - INFO: epoch 3, step 9150, loss 0.2335, start_f1 0.9778, end_f1 0.9767
2021-01-26 17:30:29 - train.py[line:106] - INFO: epoch 3, step 9200, loss 0.0007, start_f1 1.0000, end_f1 1.0000
2021-01-26 17:31:01 - train.py[line:106] - INFO: epoch 3, step 9250, loss 0.0053, start_f1 1.0000, end_f1 1.0000
2021-01-26 17:31:32 - train.py[line:106] - INFO: epoch 3, step 9300, loss 0.0012, start_f1 1.0000, end_f1 1.0000
2021-01-26 17:32:04 - train.py[line:106] - INFO: epoch 3, step 9350, loss 0.2704, start_f1 0.9474, end_f1 0.9474
2021-01-26 17:32:36 - train.py[line:106] - INFO: epoch 3, step 9400, loss 0.0337, start_f1 1.0000, end_f1 0.9730
2021-01-26 17:33:08 - train.py[line:106] - INFO: epoch 3, step 9450, loss 0.0002, start_f1 1.0000, end_f1 1.0000
2021-01-26 17:33:40 - train.py[line:106] - INFO: epoch 3, step 9500, loss 0.0003, start_f1 1.0000, end_f1 1.0000
2021-01-26 17:34:12 - train.py[line:106] - INFO: epoch 3, step 9550, loss 0.0007, start_f1 1.0000, end_f1 1.0000
2021-01-26 17:34:44 - train.py[line:106] - INFO: epoch 3, step 9600, loss 0.0008, start_f1 1.0000, end_f1 1.0000
2021-01-26 17:35:15 - train.py[line:106] - INFO: epoch 3, step 9650, loss 0.0003, start_f1 1.0000, end_f1 1.0000
2021-01-26 17:35:47 - train.py[line:106] - INFO: epoch 3, step 9700, loss 0.0022, start_f1 1.0000, end_f1 1.0000
2021-01-26 17:36:19 - train.py[line:106] - INFO: epoch 3, step 9750, loss 0.0793, start_f1 1.0000, end_f1 0.9855
2021-01-26 17:36:51 - train.py[line:106] - INFO: epoch 3, step 9800, loss 0.1346, start_f1 1.0000, end_f1 0.9655
2021-01-26 17:37:23 - train.py[line:106] - INFO: epoch 3, step 9850, loss 0.0005, start_f1 1.0000, end_f1 1.0000
2021-01-26 17:37:55 - train.py[line:106] - INFO: epoch 3, step 9900, loss 0.0047, start_f1 1.0000, end_f1 1.0000
2021-01-26 17:38:27 - train.py[line:106] - INFO: epoch 3, step 9950, loss 0.0005, start_f1 1.0000, end_f1 1.0000
2021-01-26 17:38:59 - train.py[line:106] - INFO: epoch 3, step 10000, loss 0.0003, start_f1 1.0000, end_f1 1.0000
2021-01-26 17:39:31 - train.py[line:106] - INFO: epoch 3, step 10050, loss 0.2319, start_f1 1.0000, end_f1 0.9714
2021-01-26 17:40:03 - train.py[line:106] - INFO: epoch 3, step 10100, loss 0.1384, start_f1 0.9756, end_f1 0.9500
2021-01-26 17:40:35 - train.py[line:106] - INFO: epoch 3, step 10150, loss 0.0025, start_f1 1.0000, end_f1 1.0000
2021-01-26 17:41:07 - train.py[line:106] - INFO: epoch 3, step 10200, loss 0.1233, start_f1 0.9714, end_f1 1.0000
2021-01-26 17:41:38 - train.py[line:106] - INFO: epoch 3, step 10250, loss 0.0152, start_f1 1.0000, end_f1 1.0000
2021-01-26 17:42:10 - train.py[line:106] - INFO: epoch 3, step 10300, loss 0.5844, start_f1 0.9444, end_f1 0.9474
2021-01-26 17:42:42 - train.py[line:106] - INFO: epoch 3, step 10350, loss 0.0006, start_f1 1.0000, end_f1 1.0000
2021-01-26 17:43:14 - train.py[line:106] - INFO: epoch 3, step 10400, loss 0.0022, start_f1 1.0000, end_f1 1.0000
2021-01-26 17:43:46 - train.py[line:106] - INFO: epoch 3, step 10450, loss 0.4528, start_f1 0.9412, end_f1 0.9697
2021-01-26 17:44:18 - train.py[line:106] - INFO: epoch 3, step 10500, loss 0.1217, start_f1 0.9730, end_f1 0.9730
2021-01-26 17:44:50 - train.py[line:106] - INFO: epoch 3, step 10550, loss 0.0015, start_f1 1.0000, end_f1 1.0000
2021-01-26 17:45:22 - train.py[line:106] - INFO: epoch 3, step 10600, loss 0.0002, start_f1 1.0000, end_f1 1.0000
2021-01-26 17:45:54 - train.py[line:106] - INFO: epoch 3, step 10650, loss 0.4415, start_f1 0.9846, end_f1 0.9688
2021-01-26 17:46:53 - train.py[line:136] - INFO: -----eval----
2021-01-26 17:46:53 - train.py[line:138] - INFO: epoch 3, step 10664, loss 0.0006, start_f1 0.9377, end_f1 0.9344
2021-01-26 17:46:53 - train.py[line:139] - INFO: -----eval----
2021-01-26 17:47:16 - train.py[line:106] - INFO: epoch 4, step 10700, loss 0.0059, start_f1 1.0000, end_f1 1.0000
2021-01-26 17:47:48 - train.py[line:106] - INFO: epoch 4, step 10750, loss 0.0002, start_f1 1.0000, end_f1 1.0000
2021-01-26 17:48:19 - train.py[line:106] - INFO: epoch 4, step 10800, loss 0.1191, start_f1 1.0000, end_f1 0.9818
2021-01-26 17:48:51 - train.py[line:106] - INFO: epoch 4, step 10850, loss 0.0002, start_f1 1.0000, end_f1 1.0000
2021-01-26 17:49:23 - train.py[line:106] - INFO: epoch 4, step 10900, loss 0.0001, start_f1 1.0000, end_f1 1.0000
2021-01-26 17:49:55 - train.py[line:106] - INFO: epoch 4, step 10950, loss 0.0004, start_f1 1.0000, end_f1 1.0000
2021-01-26 17:50:27 - train.py[line:106] - INFO: epoch 4, step 11000, loss 0.0050, start_f1 1.0000, end_f1 1.0000
2021-01-26 17:50:58 - train.py[line:106] - INFO: epoch 4, step 11050, loss 0.0002, start_f1 1.0000, end_f1 1.0000
2021-01-26 17:51:30 - train.py[line:106] - INFO: epoch 4, step 11100, loss 0.1712, start_f1 0.9811, end_f1 0.9818
2021-01-26 17:52:02 - train.py[line:106] - INFO: epoch 4, step 11150, loss 0.0003, start_f1 1.0000, end_f1 1.0000
2021-01-26 17:52:34 - train.py[line:106] - INFO: epoch 4, step 11200, loss 0.0091, start_f1 1.0000, end_f1 1.0000
2021-01-26 17:53:06 - train.py[line:106] - INFO: epoch 4, step 11250, loss 0.4457, start_f1 0.9796, end_f1 0.9796
2021-01-26 17:53:38 - train.py[line:106] - INFO: epoch 4, step 11300, loss 0.0001, start_f1 1.0000, end_f1 1.0000
2021-01-26 17:54:09 - train.py[line:106] - INFO: epoch 4, step 11350, loss 0.0004, start_f1 1.0000, end_f1 1.0000
2021-01-26 17:54:41 - train.py[line:106] - INFO: epoch 4, step 11400, loss 0.0001, start_f1 1.0000, end_f1 1.0000
2021-01-26 17:55:13 - train.py[line:106] - INFO: epoch 4, step 11450, loss 0.0002, start_f1 1.0000, end_f1 1.0000
2021-01-26 17:55:45 - train.py[line:106] - INFO: epoch 4, step 11500, loss 0.0001, start_f1 1.0000, end_f1 1.0000
2021-01-26 17:56:17 - train.py[line:106] - INFO: epoch 4, step 11550, loss 0.0001, start_f1 1.0000, end_f1 1.0000
2021-01-26 17:56:48 - train.py[line:106] - INFO: epoch 4, step 11600, loss 0.3485, start_f1 1.0000, end_f1 0.9583
2021-01-26 17:57:20 - train.py[line:106] - INFO: epoch 4, step 11650, loss 0.0001, start_f1 1.0000, end_f1 1.0000
2021-01-26 17:57:52 - train.py[line:106] - INFO: epoch 4, step 11700, loss 0.0674, start_f1 0.9756, end_f1 1.0000
2021-01-26 17:58:24 - train.py[line:106] - INFO: epoch 4, step 11750, loss 0.0001, start_f1 1.0000, end_f1 1.0000
2021-01-26 17:58:56 - train.py[line:106] - INFO: epoch 4, step 11800, loss 0.0001, start_f1 1.0000, end_f1 1.0000
2021-01-26 17:59:27 - train.py[line:106] - INFO: epoch 4, step 11850, loss 0.0002, start_f1 1.0000, end_f1 1.0000
2021-01-26 17:59:59 - train.py[line:106] - INFO: epoch 4, step 11900, loss 0.0015, start_f1 1.0000, end_f1 1.0000
2021-01-26 18:00:31 - train.py[line:106] - INFO: epoch 4, step 11950, loss 0.0001, start_f1 1.0000, end_f1 1.0000
2021-01-26 18:01:03 - train.py[line:106] - INFO: epoch 4, step 12000, loss 0.0001, start_f1 1.0000, end_f1 1.0000
2021-01-26 18:01:35 - train.py[line:106] - INFO: epoch 4, step 12050, loss 0.4003, start_f1 0.9565, end_f1 0.9787
2021-01-26 18:02:07 - train.py[line:106] - INFO: epoch 4, step 12100, loss 0.1722, start_f1 0.9677, end_f1 0.9677
2021-01-26 18:02:39 - train.py[line:106] - INFO: epoch 4, step 12150, loss 0.0015, start_f1 1.0000, end_f1 1.0000
2021-01-26 18:03:10 - train.py[line:106] - INFO: epoch 4, step 12200, loss 0.0001, start_f1 1.0000, end_f1 1.0000
2021-01-26 18:03:42 - train.py[line:106] - INFO: epoch 4, step 12250, loss 0.0002, start_f1 1.0000, end_f1 1.0000
2021-01-26 18:04:14 - train.py[line:106] - INFO: epoch 4, step 12300, loss 0.0001, start_f1 1.0000, end_f1 1.0000
2021-01-26 18:04:46 - train.py[line:106] - INFO: epoch 4, step 12350, loss 0.0001, start_f1 1.0000, end_f1 1.0000
2021-01-26 18:05:18 - train.py[line:106] - INFO: epoch 4, step 12400, loss 0.0001, start_f1 1.0000, end_f1 1.0000
2021-01-26 18:05:50 - train.py[line:106] - INFO: epoch 4, step 12450, loss 0.4532, start_f1 0.9825, end_f1 0.9655
2021-01-26 18:06:21 - train.py[line:106] - INFO: epoch 4, step 12500, loss 0.0035, start_f1 1.0000, end_f1 1.0000
2021-01-26 18:06:53 - train.py[line:106] - INFO: epoch 4, step 12550, loss 0.1574, start_f1 0.9787, end_f1 0.9778
2021-01-26 18:07:25 - train.py[line:106] - INFO: epoch 4, step 12600, loss 0.0578, start_f1 0.9714, end_f1 0.9714
2021-01-26 18:07:57 - train.py[line:106] - INFO: epoch 4, step 12650, loss 0.0001, start_f1 1.0000, end_f1 1.0000
2021-01-26 18:08:29 - train.py[line:106] - INFO: epoch 4, step 12700, loss 0.1313, start_f1 1.0000, end_f1 0.9655
2021-01-26 18:09:01 - train.py[line:106] - INFO: epoch 4, step 12750, loss 0.0009, start_f1 1.0000, end_f1 1.0000
2021-01-26 18:09:32 - train.py[line:106] - INFO: epoch 4, step 12800, loss 0.0001, start_f1 1.0000, end_f1 1.0000
2021-01-26 18:10:04 - train.py[line:106] - INFO: epoch 4, step 12850, loss 0.0001, start_f1 1.0000, end_f1 1.0000
2021-01-26 18:10:36 - train.py[line:106] - INFO: epoch 4, step 12900, loss 0.0001, start_f1 1.0000, end_f1 1.0000
2021-01-26 18:11:08 - train.py[line:106] - INFO: epoch 4, step 12950, loss 0.0000, start_f1 1.0000, end_f1 1.0000
2021-01-26 18:11:40 - train.py[line:106] - INFO: epoch 4, step 13000, loss 0.1256, start_f1 0.9756, end_f1 0.9524
2021-01-26 18:12:12 - train.py[line:106] - INFO: epoch 4, step 13050, loss 0.0002, start_f1 1.0000, end_f1 1.0000
2021-01-26 18:12:43 - train.py[line:106] - INFO: epoch 4, step 13100, loss 0.0001, start_f1 1.0000, end_f1 1.0000
2021-01-26 18:13:15 - train.py[line:106] - INFO: epoch 4, step 13150, loss 0.0001, start_f1 1.0000, end_f1 1.0000
2021-01-26 18:13:47 - train.py[line:106] - INFO: epoch 4, step 13200, loss 0.2674, start_f1 1.0000, end_f1 0.9412
2021-01-26 18:14:19 - train.py[line:106] - INFO: epoch 4, step 13250, loss 0.2100, start_f1 0.9831, end_f1 0.9831
2021-01-26 18:14:51 - train.py[line:106] - INFO: epoch 4, step 13300, loss 0.0004, start_f1 1.0000, end_f1 1.0000
2021-01-26 18:16:00 - train.py[line:136] - INFO: -----eval----
2021-01-26 18:16:00 - train.py[line:138] - INFO: epoch 4, step 13330, loss 0.0001, start_f1 0.9361, end_f1 0.9352
2021-01-26 18:16:00 - train.py[line:139] - INFO: -----eval----
2021-01-26 18:16:13 - train.py[line:106] - INFO: epoch 5, step 13350, loss 0.0013, start_f1 1.0000, end_f1 1.0000
2021-01-26 18:16:45 - train.py[line:106] - INFO: epoch 5, step 13400, loss 0.0001, start_f1 1.0000, end_f1 1.0000
2021-01-26 18:17:17 - train.py[line:106] - INFO: epoch 5, step 13450, loss 0.0001, start_f1 1.0000, end_f1 1.0000
2021-01-26 18:17:49 - train.py[line:106] - INFO: epoch 5, step 13500, loss 0.0002, start_f1 1.0000, end_f1 1.0000
2021-01-26 18:18:21 - train.py[line:106] - INFO: epoch 5, step 13550, loss 0.0245, start_f1 1.0000, end_f1 0.9744
2021-01-26 18:18:52 - train.py[line:106] - INFO: epoch 5, step 13600, loss 0.0002, start_f1 1.0000, end_f1 1.0000
2021-01-26 18:19:24 - train.py[line:106] - INFO: epoch 5, step 13650, loss 0.0001, start_f1 1.0000, end_f1 1.0000
2021-01-26 18:19:56 - train.py[line:106] - INFO: epoch 5, step 13700, loss 0.0649, start_f1 0.9756, end_f1 1.0000
2021-01-26 18:20:28 - train.py[line:106] - INFO: epoch 5, step 13750, loss 0.0090, start_f1 1.0000, end_f1 1.0000
2021-01-26 18:21:00 - train.py[line:106] - INFO: epoch 5, step 13800, loss 0.0001, start_f1 1.0000, end_f1 1.0000
2021-01-26 18:21:32 - train.py[line:106] - INFO: epoch 5, step 13850, loss 0.0001, start_f1 1.0000, end_f1 1.0000
2021-01-26 18:22:03 - train.py[line:106] - INFO: epoch 5, step 13900, loss 0.0001, start_f1 1.0000, end_f1 1.0000
2021-01-26 18:22:35 - train.py[line:106] - INFO: epoch 5, step 13950, loss 0.0268, start_f1 0.9796, end_f1 1.0000
2021-01-26 18:23:07 - train.py[line:106] - INFO: epoch 5, step 14000, loss 0.0001, start_f1 1.0000, end_f1 1.0000
2021-01-26 18:23:39 - train.py[line:106] - INFO: epoch 5, step 14050, loss 0.0002, start_f1 1.0000, end_f1 1.0000
2021-01-26 18:24:11 - train.py[line:106] - INFO: epoch 5, step 14100, loss 0.0001, start_f1 1.0000, end_f1 1.0000
2021-01-26 18:24:43 - train.py[line:106] - INFO: epoch 5, step 14150, loss 0.2620, start_f1 0.9737, end_f1 0.9231
2021-01-26 18:25:15 - train.py[line:106] - INFO: epoch 5, step 14200, loss 0.0000, start_f1 1.0000, end_f1 1.0000
2021-01-26 18:25:46 - train.py[line:106] - INFO: epoch 5, step 14250, loss 0.0001, start_f1 1.0000, end_f1 1.0000
2021-01-26 18:26:18 - train.py[line:106] - INFO: epoch 5, step 14300, loss 0.0001, start_f1 1.0000, end_f1 1.0000
2021-01-26 18:26:50 - train.py[line:106] - INFO: epoch 5, step 14350, loss 0.0001, start_f1 1.0000, end_f1 1.0000
2021-01-26 18:27:22 - train.py[line:106] - INFO: epoch 5, step 14400, loss 0.0005, start_f1 1.0000, end_f1 1.0000
2021-01-26 18:27:54 - train.py[line:106] - INFO: epoch 5, step 14450, loss 0.0111, start_f1 1.0000, end_f1 1.0000
2021-01-26 18:28:26 - train.py[line:106] - INFO: epoch 5, step 14500, loss 0.0001, start_f1 1.0000, end_f1 1.0000
2021-01-26 18:28:57 - train.py[line:106] - INFO: epoch 5, step 14550, loss 0.0001, start_f1 1.0000, end_f1 1.0000
2021-01-26 18:29:29 - train.py[line:106] - INFO: epoch 5, step 14600, loss 0.1721, start_f1 0.9767, end_f1 0.9767
2021-01-26 18:30:01 - train.py[line:106] - INFO: epoch 5, step 14650, loss 0.0004, start_f1 1.0000, end_f1 1.0000
2021-01-26 18:30:33 - train.py[line:106] - INFO: epoch 5, step 14700, loss 0.0003, start_f1 1.0000, end_f1 1.0000
2021-01-26 18:31:05 - train.py[line:106] - INFO: epoch 5, step 14750, loss 0.0003, start_f1 1.0000, end_f1 1.0000
2021-01-26 18:31:37 - train.py[line:106] - INFO: epoch 5, step 14800, loss 0.0424, start_f1 1.0000, end_f1 0.9831
2021-01-26 18:32:08 - train.py[line:106] - INFO: epoch 5, step 14850, loss 0.0657, start_f1 0.9756, end_f1 1.0000
2021-01-26 18:32:40 - train.py[line:106] - INFO: epoch 5, step 14900, loss 0.0001, start_f1 1.0000, end_f1 1.0000
2021-01-26 18:33:12 - train.py[line:106] - INFO: epoch 5, step 14950, loss 0.0001, start_f1 1.0000, end_f1 1.0000
2021-01-26 18:33:44 - train.py[line:106] - INFO: epoch 5, step 15000, loss 0.2526, start_f1 0.9756, end_f1 0.9756
2021-01-26 18:34:16 - train.py[line:106] - INFO: epoch 5, step 15050, loss 0.0001, start_f1 1.0000, end_f1 1.0000
2021-01-26 18:34:48 - train.py[line:106] - INFO: epoch 5, step 15100, loss 0.2773, start_f1 1.0000, end_f1 0.9333
2021-01-26 18:35:19 - train.py[line:106] - INFO: epoch 5, step 15150, loss 0.3096, start_f1 0.9714, end_f1 0.9714
2021-01-26 18:35:51 - train.py[line:106] - INFO: epoch 5, step 15200, loss 0.0001, start_f1 1.0000, end_f1 1.0000
2021-01-26 18:36:23 - train.py[line:106] - INFO: epoch 5, step 15250, loss 0.0000, start_f1 1.0000, end_f1 1.0000
2021-01-26 18:36:55 - train.py[line:106] - INFO: epoch 5, step 15300, loss 0.2011, start_f1 1.0000, end_f1 0.9583
2021-01-26 18:37:27 - train.py[line:106] - INFO: epoch 5, step 15350, loss 0.7109, start_f1 0.9600, end_f1 0.9600
2021-01-26 18:37:59 - train.py[line:106] - INFO: epoch 5, step 15400, loss 0.0004, start_f1 1.0000, end_f1 1.0000
2021-01-26 18:38:31 - train.py[line:106] - INFO: epoch 5, step 15450, loss 0.0718, start_f1 0.9841, end_f1 1.0000
2021-01-26 18:39:02 - train.py[line:106] - INFO: epoch 5, step 15500, loss 0.0001, start_f1 1.0000, end_f1 1.0000
2021-01-26 18:39:34 - train.py[line:106] - INFO: epoch 5, step 15550, loss 0.2395, start_f1 0.9714, end_f1 0.9714
2021-01-26 18:40:06 - train.py[line:106] - INFO: epoch 5, step 15600, loss 0.0001, start_f1 1.0000, end_f1 1.0000
2021-01-26 18:40:38 - train.py[line:106] - INFO: epoch 5, step 15650, loss 0.0002, start_f1 1.0000, end_f1 1.0000
2021-01-26 18:41:10 - train.py[line:106] - INFO: epoch 5, step 15700, loss 0.0004, start_f1 1.0000, end_f1 1.0000
2021-01-26 18:41:42 - train.py[line:106] - INFO: epoch 5, step 15750, loss 0.0001, start_f1 1.0000, end_f1 1.0000
2021-01-26 18:42:13 - train.py[line:106] - INFO: epoch 5, step 15800, loss 0.0001, start_f1 1.0000, end_f1 1.0000
2021-01-26 18:42:45 - train.py[line:106] - INFO: epoch 5, step 15850, loss 0.0000, start_f1 1.0000, end_f1 1.0000
2021-01-26 18:43:17 - train.py[line:106] - INFO: epoch 5, step 15900, loss 0.0001, start_f1 1.0000, end_f1 1.0000
2021-01-26 18:43:49 - train.py[line:106] - INFO: epoch 5, step 15950, loss 0.0000, start_f1 1.0000, end_f1 1.0000
2021-01-26 18:45:09 - train.py[line:136] - INFO: -----eval----
2021-01-26 18:45:09 - train.py[line:138] - INFO: epoch 5, step 15996, loss 0.0000, start_f1 0.9323, end_f1 0.9350
2021-01-26 18:45:09 - train.py[line:139] - INFO: -----eval----
2021-01-26 18:45:11 - train.py[line:106] - INFO: epoch 6, step 16000, loss 0.0001, start_f1 1.0000, end_f1 1.0000
2021-01-26 18:45:43 - train.py[line:106] - INFO: epoch 6, step 16050, loss 0.0001, start_f1 1.0000, end_f1 1.0000
2021-01-26 18:46:15 - train.py[line:106] - INFO: epoch 6, step 16100, loss 0.0003, start_f1 1.0000, end_f1 1.0000
2021-01-26 18:46:47 - train.py[line:106] - INFO: epoch 6, step 16150, loss 0.0002, start_f1 1.0000, end_f1 1.0000
2021-01-26 18:47:19 - train.py[line:106] - INFO: epoch 6, step 16200, loss 0.0020, start_f1 1.0000, end_f1 1.0000
2021-01-26 18:47:50 - train.py[line:106] - INFO: epoch 6, step 16250, loss 0.0000, start_f1 1.0000, end_f1 1.0000
2021-01-26 18:48:22 - train.py[line:106] - INFO: epoch 6, step 16300, loss 0.6993, start_f1 0.9500, end_f1 0.9438
2021-01-26 18:48:54 - train.py[line:106] - INFO: epoch 6, step 16350, loss 0.0001, start_f1 1.0000, end_f1 1.0000
2021-01-26 18:49:26 - train.py[line:106] - INFO: epoch 6, step 16400, loss 0.0000, start_f1 1.0000, end_f1 1.0000
2021-01-26 18:49:57 - train.py[line:106] - INFO: epoch 6, step 16450, loss 0.0000, start_f1 1.0000, end_f1 1.0000
2021-01-26 18:50:29 - train.py[line:106] - INFO: epoch 6, step 16500, loss 0.0000, start_f1 1.0000, end_f1 1.0000
2021-01-26 18:51:01 - train.py[line:106] - INFO: epoch 6, step 16550, loss 0.0011, start_f1 1.0000, end_f1 1.0000
2021-01-26 18:51:33 - train.py[line:106] - INFO: epoch 6, step 16600, loss 0.0000, start_f1 1.0000, end_f1 1.0000
2021-01-26 18:52:05 - train.py[line:106] - INFO: epoch 6, step 16650, loss 0.0001, start_f1 1.0000, end_f1 1.0000
2021-01-26 18:52:37 - train.py[line:106] - INFO: epoch 6, step 16700, loss 0.0002, start_f1 1.0000, end_f1 1.0000
2021-01-26 18:53:08 - train.py[line:106] - INFO: epoch 6, step 16750, loss 0.0014, start_f1 1.0000, end_f1 1.0000
2021-01-26 18:53:40 - train.py[line:106] - INFO: epoch 6, step 16800, loss 0.0014, start_f1 1.0000, end_f1 1.0000
2021-01-26 18:54:12 - train.py[line:106] - INFO: epoch 6, step 16850, loss 0.1760, start_f1 0.9677, end_f1 1.0000
2021-01-26 18:54:44 - train.py[line:106] - INFO: epoch 6, step 16900, loss 0.0000, start_f1 1.0000, end_f1 1.0000
2021-01-26 18:55:16 - train.py[line:106] - INFO: epoch 6, step 16950, loss 0.0000, start_f1 1.0000, end_f1 1.0000
2021-01-26 18:55:48 - train.py[line:106] - INFO: epoch 6, step 17000, loss 0.1890, start_f1 0.9855, end_f1 0.9855
2021-01-26 18:56:19 - train.py[line:106] - INFO: epoch 6, step 17050, loss 0.0124, start_f1 1.0000, end_f1 1.0000
2021-01-26 18:56:51 - train.py[line:106] - INFO: epoch 6, step 17100, loss 0.0318, start_f1 0.9767, end_f1 1.0000
2021-01-26 18:57:23 - train.py[line:106] - INFO: epoch 6, step 17150, loss 0.0000, start_f1 1.0000, end_f1 1.0000
2021-01-26 18:57:55 - train.py[line:106] - INFO: epoch 6, step 17200, loss 0.0121, start_f1 1.0000, end_f1 1.0000
2021-01-26 18:58:27 - train.py[line:106] - INFO: epoch 6, step 17250, loss 0.0000, start_f1 1.0000, end_f1 1.0000
2021-01-26 18:58:58 - train.py[line:106] - INFO: epoch 6, step 17300, loss 0.0001, start_f1 1.0000, end_f1 1.0000
2021-01-26 18:59:30 - train.py[line:106] - INFO: epoch 6, step 17350, loss 0.0000, start_f1 1.0000, end_f1 1.0000
2021-01-26 19:00:02 - train.py[line:106] - INFO: epoch 6, step 17400, loss 0.0000, start_f1 1.0000, end_f1 1.0000
2021-01-26 19:00:34 - train.py[line:106] - INFO: epoch 6, step 17450, loss 0.0072, start_f1 1.0000, end_f1 1.0000
2021-01-26 19:01:06 - train.py[line:106] - INFO: epoch 6, step 17500, loss 0.1615, start_f1 0.9818, end_f1 0.9818
2021-01-26 19:01:38 - train.py[line:106] - INFO: epoch 6, step 17550, loss 0.0001, start_f1 1.0000, end_f1 1.0000
2021-01-26 19:02:09 - train.py[line:106] - INFO: epoch 6, step 17600, loss 0.0001, start_f1 1.0000, end_f1 1.0000
2021-01-26 19:02:41 - train.py[line:106] - INFO: epoch 6, step 17650, loss 0.0000, start_f1 1.0000, end_f1 1.0000
2021-01-26 19:03:13 - train.py[line:106] - INFO: epoch 6, step 17700, loss 0.0001, start_f1 1.0000, end_f1 1.0000
2021-01-26 19:03:45 - train.py[line:106] - INFO: epoch 6, step 17750, loss 0.0001, start_f1 1.0000, end_f1 1.0000
2021-01-26 19:04:17 - train.py[line:106] - INFO: epoch 6, step 17800, loss 0.0000, start_f1 1.0000, end_f1 1.0000
2021-01-26 19:04:49 - train.py[line:106] - INFO: epoch 6, step 17850, loss 0.0001, start_f1 1.0000, end_f1 1.0000
2021-01-26 19:05:20 - train.py[line:106] - INFO: epoch 6, step 17900, loss 0.0000, start_f1 1.0000, end_f1 1.0000
2021-01-26 19:05:52 - train.py[line:106] - INFO: epoch 6, step 17950, loss 0.0000, start_f1 1.0000, end_f1 1.0000
2021-01-26 19:06:24 - train.py[line:106] - INFO: epoch 6, step 18000, loss 0.0000, start_f1 1.0000, end_f1 1.0000
2021-01-26 19:06:56 - train.py[line:106] - INFO: epoch 6, step 18050, loss 0.0000, start_f1 1.0000, end_f1 1.0000
2021-01-26 19:07:28 - train.py[line:106] - INFO: epoch 6, step 18100, loss 0.0000, start_f1 1.0000, end_f1 1.0000
2021-01-26 19:07:59 - train.py[line:106] - INFO: epoch 6, step 18150, loss 0.0000, start_f1 1.0000, end_f1 1.0000
2021-01-26 19:08:31 - train.py[line:106] - INFO: epoch 6, step 18200, loss 0.0001, start_f1 1.0000, end_f1 1.0000
2021-01-26 19:09:03 - train.py[line:106] - INFO: epoch 6, step 18250, loss 0.0001, start_f1 1.0000, end_f1 1.0000
2021-01-26 19:09:35 - train.py[line:106] - INFO: epoch 6, step 18300, loss 0.0001, start_f1 1.0000, end_f1 1.0000
2021-01-26 19:10:07 - train.py[line:106] - INFO: epoch 6, step 18350, loss 0.0000, start_f1 1.0000, end_f1 1.0000
2021-01-26 19:10:38 - train.py[line:106] - INFO: epoch 6, step 18400, loss 0.0000, start_f1 1.0000, end_f1 1.0000
2021-01-26 19:11:10 - train.py[line:106] - INFO: epoch 6, step 18450, loss 0.0000, start_f1 1.0000, end_f1 1.0000
2021-01-26 19:11:42 - train.py[line:106] - INFO: epoch 6, step 18500, loss 0.0420, start_f1 1.0000, end_f1 1.0000
2021-01-26 19:12:14 - train.py[line:106] - INFO: epoch 6, step 18550, loss 0.0000, start_f1 1.0000, end_f1 1.0000
2021-01-26 19:12:46 - train.py[line:106] - INFO: epoch 6, step 18600, loss 0.0002, start_f1 1.0000, end_f1 1.0000
2021-01-26 19:13:17 - train.py[line:106] - INFO: epoch 6, step 18650, loss 0.0000, start_f1 1.0000, end_f1 1.0000
2021-01-26 19:14:15 - train.py[line:136] - INFO: -----eval----
2021-01-26 19:14:15 - train.py[line:138] - INFO: epoch 6, step 18662, loss 0.0000, start_f1 0.9389, end_f1 0.9386
2021-01-26 19:14:15 - train.py[line:139] - INFO: -----eval----
2021-01-26 19:14:40 - train.py[line:106] - INFO: epoch 7, step 18700, loss 0.0001, start_f1 1.0000, end_f1 1.0000
2021-01-26 19:15:11 - train.py[line:106] - INFO: epoch 7, step 18750, loss 0.0000, start_f1 1.0000, end_f1 1.0000
2021-01-26 19:15:43 - train.py[line:106] - INFO: epoch 7, step 18800, loss 0.0817, start_f1 0.9474, end_f1 0.9474
2021-01-26 19:16:15 - train.py[line:106] - INFO: epoch 7, step 18850, loss 0.0001, start_f1 1.0000, end_f1 1.0000
2021-01-26 19:16:47 - train.py[line:106] - INFO: epoch 7, step 18900, loss 0.0001, start_f1 1.0000, end_f1 1.0000
2021-01-26 19:17:19 - train.py[line:106] - INFO: epoch 7, step 18950, loss 0.0000, start_f1 1.0000, end_f1 1.0000
2021-01-26 19:17:50 - train.py[line:106] - INFO: epoch 7, step 19000, loss 0.0000, start_f1 1.0000, end_f1 1.0000
2021-01-26 19:18:22 - train.py[line:106] - INFO: epoch 7, step 19050, loss 0.0000, start_f1 1.0000, end_f1 1.0000
2021-01-26 19:18:54 - train.py[line:106] - INFO: epoch 7, step 19100, loss 0.0000, start_f1 1.0000, end_f1 1.0000
2021-01-26 19:19:26 - train.py[line:106] - INFO: epoch 7, step 19150, loss 0.0001, start_f1 1.0000, end_f1 1.0000
2021-01-26 19:19:57 - train.py[line:106] - INFO: epoch 7, step 19200, loss 0.0001, start_f1 1.0000, end_f1 1.0000
2021-01-26 19:20:29 - train.py[line:106] - INFO: epoch 7, step 19250, loss 0.4395, start_f1 0.9873, end_f1 0.9873
2021-01-26 19:21:01 - train.py[line:106] - INFO: epoch 7, step 19300, loss 0.0874, start_f1 0.9756, end_f1 0.9756
2021-01-26 19:21:33 - train.py[line:106] - INFO: epoch 7, step 19350, loss 0.0000, start_f1 1.0000, end_f1 1.0000
2021-01-26 19:22:05 - train.py[line:106] - INFO: epoch 7, step 19400, loss 0.0001, start_f1 1.0000, end_f1 1.0000
2021-01-26 19:22:36 - train.py[line:106] - INFO: epoch 7, step 19450, loss 0.0002, start_f1 1.0000, end_f1 1.0000
2021-01-26 19:23:08 - train.py[line:106] - INFO: epoch 7, step 19500, loss 0.0000, start_f1 1.0000, end_f1 1.0000
2021-01-26 19:23:40 - train.py[line:106] - INFO: epoch 7, step 19550, loss 0.0001, start_f1 1.0000, end_f1 1.0000
2021-01-26 19:24:12 - train.py[line:106] - INFO: epoch 7, step 19600, loss 0.0000, start_f1 1.0000, end_f1 1.0000
2021-01-26 19:24:44 - train.py[line:106] - INFO: epoch 7, step 19650, loss 0.0000, start_f1 1.0000, end_f1 1.0000
2021-01-26 19:25:15 - train.py[line:106] - INFO: epoch 7, step 19700, loss 0.0000, start_f1 1.0000, end_f1 1.0000
2021-01-26 19:25:47 - train.py[line:106] - INFO: epoch 7, step 19750, loss 0.1009, start_f1 0.9818, end_f1 0.9655
2021-01-26 19:26:19 - train.py[line:106] - INFO: epoch 7, step 19800, loss 0.0000, start_f1 1.0000, end_f1 1.0000
2021-01-26 19:26:51 - train.py[line:106] - INFO: epoch 7, step 19850, loss 0.0810, start_f1 0.9787, end_f1 0.9811
2021-01-26 19:27:23 - train.py[line:106] - INFO: epoch 7, step 19900, loss 0.0000, start_f1 1.0000, end_f1 1.0000
2021-01-26 19:27:54 - train.py[line:106] - INFO: epoch 7, step 19950, loss 0.0012, start_f1 1.0000, end_f1 1.0000
2021-01-26 19:28:26 - train.py[line:106] - INFO: epoch 7, step 20000, loss 0.0003, start_f1 1.0000, end_f1 1.0000
2021-01-26 19:28:58 - train.py[line:106] - INFO: epoch 7, step 20050, loss 0.0000, start_f1 1.0000, end_f1 1.0000
2021-01-26 19:29:30 - train.py[line:106] - INFO: epoch 7, step 20100, loss 0.1182, start_f1 0.9877, end_f1 0.9756
2021-01-26 19:30:02 - train.py[line:106] - INFO: epoch 7, step 20150, loss 0.0002, start_f1 1.0000, end_f1 1.0000
2021-01-26 19:30:33 - train.py[line:106] - INFO: epoch 7, step 20200, loss 0.0001, start_f1 1.0000, end_f1 1.0000
2021-01-26 19:31:05 - train.py[line:106] - INFO: epoch 7, step 20250, loss 0.0000, start_f1 1.0000, end_f1 1.0000
2021-01-26 19:31:37 - train.py[line:106] - INFO: epoch 7, step 20300, loss 0.0000, start_f1 1.0000, end_f1 1.0000
2021-01-26 19:32:09 - train.py[line:106] - INFO: epoch 7, step 20350, loss 0.0102, start_f1 1.0000, end_f1 1.0000
2021-01-26 19:32:40 - train.py[line:106] - INFO: epoch 7, step 20400, loss 0.0000, start_f1 1.0000, end_f1 1.0000
2021-01-26 19:33:12 - train.py[line:106] - INFO: epoch 7, step 20450, loss 0.0531, start_f1 1.0000, end_f1 0.9804
2021-01-26 19:33:44 - train.py[line:106] - INFO: epoch 7, step 20500, loss 0.0001, start_f1 1.0000, end_f1 1.0000
2021-01-26 19:34:16 - train.py[line:106] - INFO: epoch 7, step 20550, loss 0.0000, start_f1 1.0000, end_f1 1.0000
2021-01-26 19:34:48 - train.py[line:106] - INFO: epoch 7, step 20600, loss 0.0000, start_f1 1.0000, end_f1 1.0000
2021-01-26 19:35:20 - train.py[line:106] - INFO: epoch 7, step 20650, loss 0.0000, start_f1 1.0000, end_f1 1.0000
2021-01-26 19:35:51 - train.py[line:106] - INFO: epoch 7, step 20700, loss 0.1038, start_f1 0.9730, end_f1 0.9730
2021-01-26 19:36:24 - train.py[line:106] - INFO: epoch 7, step 20750, loss 0.3135, start_f1 0.9831, end_f1 0.9916
2021-01-26 19:36:56 - train.py[line:106] - INFO: epoch 7, step 20800, loss 0.0000, start_f1 1.0000, end_f1 1.0000
2021-01-26 19:37:27 - train.py[line:106] - INFO: epoch 7, step 20850, loss 0.0000, start_f1 1.0000, end_f1 1.0000
2021-01-26 19:37:59 - train.py[line:106] - INFO: epoch 7, step 20900, loss 0.0000, start_f1 1.0000, end_f1 1.0000
2021-01-26 19:38:31 - train.py[line:106] - INFO: epoch 7, step 20950, loss 0.0002, start_f1 1.0000, end_f1 1.0000
2021-01-26 19:39:03 - train.py[line:106] - INFO: epoch 7, step 21000, loss 0.0000, start_f1 1.0000, end_f1 1.0000
2021-01-26 19:39:35 - train.py[line:106] - INFO: epoch 7, step 21050, loss 0.0010, start_f1 1.0000, end_f1 1.0000
2021-01-26 19:40:06 - train.py[line:106] - INFO: epoch 7, step 21100, loss 0.0000, start_f1 1.0000, end_f1 1.0000
2021-01-26 19:40:38 - train.py[line:106] - INFO: epoch 7, step 21150, loss 0.0000, start_f1 1.0000, end_f1 1.0000
2021-01-26 19:41:10 - train.py[line:106] - INFO: epoch 7, step 21200, loss 0.0000, start_f1 1.0000, end_f1 1.0000
2021-01-26 19:41:42 - train.py[line:106] - INFO: epoch 7, step 21250, loss 0.4465, start_f1 0.9804, end_f1 0.9804
2021-01-26 19:42:14 - train.py[line:106] - INFO: epoch 7, step 21300, loss 0.0000, start_f1 1.0000, end_f1 1.0000
2021-01-26 19:43:22 - train.py[line:136] - INFO: -----eval----
2021-01-26 19:43:22 - train.py[line:138] - INFO: epoch 7, step 21328, loss 0.0000, start_f1 0.9360, end_f1 0.9320
2021-01-26 19:43:22 - train.py[line:139] - INFO: -----eval----
2021-01-26 19:43:36 - train.py[line:106] - INFO: epoch 8, step 21350, loss 0.0000, start_f1 1.0000, end_f1 1.0000
2021-01-26 19:44:08 - train.py[line:106] - INFO: epoch 8, step 21400, loss 0.0001, start_f1 1.0000, end_f1 1.0000
2021-01-26 19:44:39 - train.py[line:106] - INFO: epoch 8, step 21450, loss 0.0000, start_f1 1.0000, end_f1 1.0000
2021-01-26 19:45:11 - train.py[line:106] - INFO: epoch 8, step 21500, loss 0.0033, start_f1 1.0000, end_f1 1.0000
2021-01-26 19:45:43 - train.py[line:106] - INFO: epoch 8, step 21550, loss 0.0000, start_f1 1.0000, end_f1 1.0000
2021-01-26 19:46:15 - train.py[line:106] - INFO: epoch 8, step 21600, loss 0.5791, start_f1 0.9706, end_f1 0.9859
2021-01-26 19:46:47 - train.py[line:106] - INFO: epoch 8, step 21650, loss 0.0001, start_f1 1.0000, end_f1 1.0000
2021-01-26 19:47:18 - train.py[line:106] - INFO: epoch 8, step 21700, loss 0.0000, start_f1 1.0000, end_f1 1.0000
2021-01-26 19:47:50 - train.py[line:106] - INFO: epoch 8, step 21750, loss 0.0000, start_f1 1.0000, end_f1 1.0000
2021-01-26 19:48:22 - train.py[line:106] - INFO: epoch 8, step 21800, loss 0.0000, start_f1 1.0000, end_f1 1.0000
2021-01-26 19:48:54 - train.py[line:106] - INFO: epoch 8, step 21850, loss 0.0001, start_f1 1.0000, end_f1 1.0000
2021-01-26 19:49:26 - train.py[line:106] - INFO: epoch 8, step 21900, loss 0.0000, start_f1 1.0000, end_f1 1.0000
2021-01-26 19:49:57 - train.py[line:106] - INFO: epoch 8, step 21950, loss 0.0000, start_f1 1.0000, end_f1 1.0000
2021-01-26 19:50:29 - train.py[line:106] - INFO: epoch 8, step 22000, loss 0.0000, start_f1 1.0000, end_f1 1.0000
2021-01-26 19:51:01 - train.py[line:106] - INFO: epoch 8, step 22050, loss 0.0000, start_f1 1.0000, end_f1 1.0000
2021-01-26 19:51:33 - train.py[line:106] - INFO: epoch 8, step 22100, loss 0.0001, start_f1 1.0000, end_f1 1.0000
2021-01-26 19:52:04 - train.py[line:106] - INFO: epoch 8, step 22150, loss 0.0000, start_f1 1.0000, end_f1 1.0000
2021-01-26 19:52:36 - train.py[line:106] - INFO: epoch 8, step 22200, loss 0.4415, start_f1 0.9767, end_f1 0.9767
2021-01-26 19:53:08 - train.py[line:106] - INFO: epoch 8, step 22250, loss 0.0000, start_f1 1.0000, end_f1 1.0000
2021-01-26 19:53:40 - train.py[line:106] - INFO: epoch 8, step 22300, loss 0.0000, start_f1 1.0000, end_f1 1.0000
2021-01-26 19:54:12 - train.py[line:106] - INFO: epoch 8, step 22350, loss 0.0000, start_f1 1.0000, end_f1 1.0000
2021-01-26 19:54:44 - train.py[line:106] - INFO: epoch 8, step 22400, loss 0.4030, start_f1 0.9825, end_f1 0.9825
2021-01-26 19:55:15 - train.py[line:106] - INFO: epoch 8, step 22450, loss 0.0000, start_f1 1.0000, end_f1 1.0000
2021-01-26 19:55:47 - train.py[line:106] - INFO: epoch 8, step 22500, loss 0.0000, start_f1 1.0000, end_f1 1.0000
2021-01-26 19:56:19 - train.py[line:106] - INFO: epoch 8, step 22550, loss 0.0000, start_f1 1.0000, end_f1 1.0000
2021-01-26 19:56:51 - train.py[line:106] - INFO: epoch 8, step 22600, loss 0.0000, start_f1 1.0000, end_f1 1.0000
2021-01-26 19:57:23 - train.py[line:106] - INFO: epoch 8, step 22650, loss 0.0000, start_f1 1.0000, end_f1 1.0000
2021-01-26 19:57:54 - train.py[line:106] - INFO: epoch 8, step 22700, loss 0.0000, start_f1 1.0000, end_f1 1.0000
2021-01-26 19:58:26 - train.py[line:106] - INFO: epoch 8, step 22750, loss 0.0000, start_f1 1.0000, end_f1 1.0000
2021-01-26 19:58:58 - train.py[line:106] - INFO: epoch 8, step 22800, loss 0.0000, start_f1 1.0000, end_f1 1.0000
2021-01-26 19:59:30 - train.py[line:106] - INFO: epoch 8, step 22850, loss 0.0000, start_f1 1.0000, end_f1 1.0000
2021-01-26 20:00:02 - train.py[line:106] - INFO: epoch 8, step 22900, loss 0.0000, start_f1 1.0000, end_f1 1.0000
2021-01-26 20:00:34 - train.py[line:106] - INFO: epoch 8, step 22950, loss 0.0002, start_f1 1.0000, end_f1 1.0000
2021-01-26 20:01:06 - train.py[line:106] - INFO: epoch 8, step 23000, loss 0.0000, start_f1 1.0000, end_f1 1.0000
2021-01-26 20:01:37 - train.py[line:106] - INFO: epoch 8, step 23050, loss 0.0000, start_f1 1.0000, end_f1 1.0000
2021-01-26 20:02:09 - train.py[line:106] - INFO: epoch 8, step 23100, loss 0.0000, start_f1 1.0000, end_f1 1.0000
2021-01-26 20:02:41 - train.py[line:106] - INFO: epoch 8, step 23150, loss 0.3225, start_f1 0.9885, end_f1 0.9885
2021-01-26 20:03:13 - train.py[line:106] - INFO: epoch 8, step 23200, loss 0.0000, start_f1 1.0000, end_f1 1.0000
2021-01-26 20:03:45 - train.py[line:106] - INFO: epoch 8, step 23250, loss 0.0001, start_f1 1.0000, end_f1 1.0000
2021-01-26 20:04:16 - train.py[line:106] - INFO: epoch 8, step 23300, loss 0.0000, start_f1 1.0000, end_f1 1.0000
2021-01-26 20:04:48 - train.py[line:106] - INFO: epoch 8, step 23350, loss 0.0012, start_f1 1.0000, end_f1 1.0000
2021-01-26 20:05:20 - train.py[line:106] - INFO: epoch 8, step 23400, loss 0.0000, start_f1 1.0000, end_f1 1.0000
2021-01-26 20:05:52 - train.py[line:106] - INFO: epoch 8, step 23450, loss 0.0001, start_f1 1.0000, end_f1 1.0000
2021-01-26 20:06:24 - train.py[line:106] - INFO: epoch 8, step 23500, loss 0.0000, start_f1 1.0000, end_f1 1.0000
2021-01-26 20:06:55 - train.py[line:106] - INFO: epoch 8, step 23550, loss 0.0001, start_f1 1.0000, end_f1 1.0000
2021-01-26 20:07:27 - train.py[line:106] - INFO: epoch 8, step 23600, loss 0.3071, start_f1 0.9730, end_f1 0.9730
2021-01-26 20:07:59 - train.py[line:106] - INFO: epoch 8, step 23650, loss 0.0041, start_f1 1.0000, end_f1 1.0000
2021-01-26 20:08:31 - train.py[line:106] - INFO: epoch 8, step 23700, loss 0.0001, start_f1 1.0000, end_f1 1.0000
2021-01-26 20:09:03 - train.py[line:106] - INFO: epoch 8, step 23750, loss 0.0045, start_f1 1.0000, end_f1 1.0000
2021-01-26 20:09:35 - train.py[line:106] - INFO: epoch 8, step 23800, loss 0.0000, start_f1 1.0000, end_f1 1.0000
2021-01-26 20:10:06 - train.py[line:106] - INFO: epoch 8, step 23850, loss 0.3226, start_f1 0.9412, end_f1 0.8500
2021-01-26 20:10:38 - train.py[line:106] - INFO: epoch 8, step 23900, loss 0.0000, start_f1 1.0000, end_f1 1.0000
2021-01-26 20:11:10 - train.py[line:106] - INFO: epoch 8, step 23950, loss 0.0001, start_f1 1.0000, end_f1 1.0000
2021-01-26 20:12:28 - train.py[line:136] - INFO: -----eval----
2021-01-26 20:12:28 - train.py[line:138] - INFO: epoch 8, step 23994, loss 0.0000, start_f1 0.9418, end_f1 0.9394
2021-01-26 20:12:28 - train.py[line:139] - INFO: -----eval----
2021-01-26 20:12:32 - train.py[line:106] - INFO: epoch 9, step 24000, loss 0.0000, start_f1 1.0000, end_f1 1.0000
2021-01-26 20:13:04 - train.py[line:106] - INFO: epoch 9, step 24050, loss 0.0000, start_f1 1.0000, end_f1 1.0000
2021-01-26 20:13:36 - train.py[line:106] - INFO: epoch 9, step 24100, loss 0.0000, start_f1 1.0000, end_f1 1.0000
2021-01-26 20:14:08 - train.py[line:106] - INFO: epoch 9, step 24150, loss 0.0000, start_f1 1.0000, end_f1 1.0000
2021-01-26 20:14:40 - train.py[line:106] - INFO: epoch 9, step 24200, loss 0.0001, start_f1 1.0000, end_f1 1.0000
2021-01-26 20:15:11 - train.py[line:106] - INFO: epoch 9, step 24250, loss 0.0000, start_f1 1.0000, end_f1 1.0000
2021-01-26 20:15:43 - train.py[line:106] - INFO: epoch 9, step 24300, loss 0.0000, start_f1 1.0000, end_f1 1.0000
2021-01-26 20:16:15 - train.py[line:106] - INFO: epoch 9, step 24350, loss 0.0000, start_f1 1.0000, end_f1 1.0000
2021-01-26 20:16:47 - train.py[line:106] - INFO: epoch 9, step 24400, loss 0.0000, start_f1 1.0000, end_f1 1.0000
2021-01-26 20:17:19 - train.py[line:106] - INFO: epoch 9, step 24450, loss 0.0001, start_f1 1.0000, end_f1 1.0000
2021-01-26 20:17:50 - train.py[line:106] - INFO: epoch 9, step 24500, loss 0.0001, start_f1 1.0000, end_f1 1.0000
2021-01-26 20:18:22 - train.py[line:106] - INFO: epoch 9, step 24550, loss 0.3310, start_f1 0.9821, end_f1 0.9825
2021-01-26 20:18:54 - train.py[line:106] - INFO: epoch 9, step 24600, loss 0.0844, start_f1 0.9756, end_f1 0.9756
2021-01-26 20:19:26 - train.py[line:106] - INFO: epoch 9, step 24650, loss 0.0799, start_f1 0.9841, end_f1 0.9859
2021-01-26 20:19:57 - train.py[line:106] - INFO: epoch 9, step 24700, loss 0.0010, start_f1 1.0000, end_f1 1.0000
2021-01-26 20:20:29 - train.py[line:106] - INFO: epoch 9, step 24750, loss 0.0000, start_f1 1.0000, end_f1 1.0000
2021-01-26 20:21:01 - train.py[line:106] - INFO: epoch 9, step 24800, loss 0.1480, start_f1 0.9804, end_f1 1.0000
2021-01-26 20:21:33 - train.py[line:106] - INFO: epoch 9, step 24850, loss 0.0000, start_f1 1.0000, end_f1 1.0000
2021-01-26 20:22:05 - train.py[line:106] - INFO: epoch 9, step 24900, loss 0.0000, start_f1 1.0000, end_f1 1.0000
2021-01-26 20:22:36 - train.py[line:106] - INFO: epoch 9, step 24950, loss 0.0000, start_f1 1.0000, end_f1 1.0000
2021-01-26 20:23:08 - train.py[line:106] - INFO: epoch 9, step 25000, loss 0.0000, start_f1 1.0000, end_f1 1.0000
2021-01-26 20:23:40 - train.py[line:106] - INFO: epoch 9, step 25050, loss 0.0001, start_f1 1.0000, end_f1 1.0000
2021-01-26 20:24:12 - train.py[line:106] - INFO: epoch 9, step 25100, loss 0.1687, start_f1 0.9825, end_f1 0.9825
2021-01-26 20:24:43 - train.py[line:106] - INFO: epoch 9, step 25150, loss 0.0001, start_f1 1.0000, end_f1 1.0000
2021-01-26 20:25:15 - train.py[line:106] - INFO: epoch 9, step 25200, loss 0.0000, start_f1 1.0000, end_f1 1.0000
2021-01-26 20:25:47 - train.py[line:106] - INFO: epoch 9, step 25250, loss 0.0000, start_f1 1.0000, end_f1 1.0000
2021-01-26 20:26:19 - train.py[line:106] - INFO: epoch 9, step 25300, loss 0.0000, start_f1 1.0000, end_f1 1.0000
2021-01-26 20:26:51 - train.py[line:106] - INFO: epoch 9, step 25350, loss 0.0000, start_f1 1.0000, end_f1 1.0000
2021-01-26 20:27:22 - train.py[line:106] - INFO: epoch 9, step 25400, loss 0.0000, start_f1 1.0000, end_f1 1.0000
2021-01-26 20:27:54 - train.py[line:106] - INFO: epoch 9, step 25450, loss 0.0000, start_f1 1.0000, end_f1 1.0000
2021-01-26 20:28:26 - train.py[line:106] - INFO: epoch 9, step 25500, loss 0.0001, start_f1 1.0000, end_f1 1.0000
2021-01-26 20:28:58 - train.py[line:106] - INFO: epoch 9, step 25550, loss 0.0317, start_f1 1.0000, end_f1 0.9811
2021-01-26 20:29:29 - train.py[line:106] - INFO: epoch 9, step 25600, loss 0.0000, start_f1 1.0000, end_f1 1.0000
2021-01-26 20:30:01 - train.py[line:106] - INFO: epoch 9, step 25650, loss 0.0001, start_f1 1.0000, end_f1 1.0000
2021-01-26 20:30:33 - train.py[line:106] - INFO: epoch 9, step 25700, loss 0.0001, start_f1 1.0000, end_f1 1.0000
2021-01-26 20:31:05 - train.py[line:106] - INFO: epoch 9, step 25750, loss 0.0071, start_f1 1.0000, end_f1 1.0000
2021-01-26 20:31:36 - train.py[line:106] - INFO: epoch 9, step 25800, loss 0.0000, start_f1 1.0000, end_f1 1.0000
2021-01-26 20:32:08 - train.py[line:106] - INFO: epoch 9, step 25850, loss 0.0000, start_f1 1.0000, end_f1 1.0000
2021-01-26 20:32:40 - train.py[line:106] - INFO: epoch 9, step 25900, loss 0.0001, start_f1 1.0000, end_f1 1.0000
2021-01-26 20:33:12 - train.py[line:106] - INFO: epoch 9, step 25950, loss 0.0000, start_f1 1.0000, end_f1 1.0000
2021-01-26 20:33:44 - train.py[line:106] - INFO: epoch 9, step 26000, loss 0.0006, start_f1 1.0000, end_f1 1.0000
2021-01-26 20:34:15 - train.py[line:106] - INFO: epoch 9, step 26050, loss 0.0000, start_f1 1.0000, end_f1 1.0000
2021-01-26 20:34:47 - train.py[line:106] - INFO: epoch 9, step 26100, loss 0.0000, start_f1 1.0000, end_f1 1.0000
2021-01-26 20:35:19 - train.py[line:106] - INFO: epoch 9, step 26150, loss 0.0000, start_f1 1.0000, end_f1 1.0000
2021-01-26 20:35:51 - train.py[line:106] - INFO: epoch 9, step 26200, loss 0.0000, start_f1 1.0000, end_f1 1.0000
2021-01-26 20:36:22 - train.py[line:106] - INFO: epoch 9, step 26250, loss 0.0001, start_f1 1.0000, end_f1 1.0000
2021-01-26 20:36:54 - train.py[line:106] - INFO: epoch 9, step 26300, loss 0.0000, start_f1 1.0000, end_f1 1.0000
2021-01-26 20:37:26 - train.py[line:106] - INFO: epoch 9, step 26350, loss 0.0000, start_f1 1.0000, end_f1 1.0000
2021-01-26 20:37:58 - train.py[line:106] - INFO: epoch 9, step 26400, loss 0.0000, start_f1 1.0000, end_f1 1.0000
2021-01-26 20:38:30 - train.py[line:106] - INFO: epoch 9, step 26450, loss 0.0000, start_f1 1.0000, end_f1 1.0000
2021-01-26 20:39:01 - train.py[line:106] - INFO: epoch 9, step 26500, loss 0.0000, start_f1 1.0000, end_f1 1.0000
2021-01-26 20:39:33 - train.py[line:106] - INFO: epoch 9, step 26550, loss 0.0000, start_f1 1.0000, end_f1 1.0000
2021-01-26 20:40:05 - train.py[line:106] - INFO: epoch 9, step 26600, loss 0.0000, start_f1 1.0000, end_f1 1.0000
2021-01-26 20:40:37 - train.py[line:106] - INFO: epoch 9, step 26650, loss 0.0000, start_f1 1.0000, end_f1 1.0000
2021-01-26 20:41:33 - train.py[line:136] - INFO: -----eval----
2021-01-26 20:41:33 - train.py[line:138] - INFO: epoch 9, step 26660, loss 0.0000, start_f1 0.9413, end_f1 0.9363
2021-01-26 20:41:33 - train.py[line:139] - INFO: -----eval----
2021-01-26 20:41:59 - train.py[line:106] - INFO: epoch 10, step 26700, loss 0.0000, start_f1 1.0000, end_f1 1.0000
2021-01-26 20:42:31 - train.py[line:106] - INFO: epoch 10, step 26750, loss 0.0000, start_f1 1.0000, end_f1 1.0000
2021-01-26 20:43:02 - train.py[line:106] - INFO: epoch 10, step 26800, loss 0.0000, start_f1 1.0000, end_f1 1.0000
2021-01-26 20:43:34 - train.py[line:106] - INFO: epoch 10, step 26850, loss 0.0000, start_f1 1.0000, end_f1 1.0000
2021-01-26 20:44:06 - train.py[line:106] - INFO: epoch 10, step 26900, loss 0.0000, start_f1 1.0000, end_f1 1.0000
2021-01-26 20:44:38 - train.py[line:106] - INFO: epoch 10, step 26950, loss 0.0000, start_f1 1.0000, end_f1 1.0000
2021-01-26 20:45:10 - train.py[line:106] - INFO: epoch 10, step 27000, loss 0.0000, start_f1 1.0000, end_f1 1.0000
2021-01-26 20:45:41 - train.py[line:106] - INFO: epoch 10, step 27050, loss 0.0000, start_f1 1.0000, end_f1 1.0000
2021-01-26 20:46:13 - train.py[line:106] - INFO: epoch 10, step 27100, loss 0.0576, start_f1 0.9804, end_f1 1.0000
2021-01-26 20:46:45 - train.py[line:106] - INFO: epoch 10, step 27150, loss 0.0000, start_f1 1.0000, end_f1 1.0000
2021-01-26 20:47:17 - train.py[line:106] - INFO: epoch 10, step 27200, loss 0.0000, start_f1 1.0000, end_f1 1.0000
2021-01-26 20:47:48 - train.py[line:106] - INFO: epoch 10, step 27250, loss 0.0000, start_f1 1.0000, end_f1 1.0000
2021-01-26 20:48:20 - train.py[line:106] - INFO: epoch 10, step 27300, loss 0.2515, start_f1 0.9846, end_f1 1.0000
2021-01-26 20:48:52 - train.py[line:106] - INFO: epoch 10, step 27350, loss 0.0000, start_f1 1.0000, end_f1 1.0000
2021-01-26 20:49:24 - train.py[line:106] - INFO: epoch 10, step 27400, loss 0.0000, start_f1 1.0000, end_f1 1.0000
2021-01-26 20:49:56 - train.py[line:106] - INFO: epoch 10, step 27450, loss 0.0059, start_f1 1.0000, end_f1 1.0000
2021-01-26 20:50:27 - train.py[line:106] - INFO: epoch 10, step 27500, loss 0.0000, start_f1 1.0000, end_f1 1.0000
2021-01-26 20:50:59 - train.py[line:106] - INFO: epoch 10, step 27550, loss 0.0000, start_f1 1.0000, end_f1 1.0000
2021-01-26 20:51:31 - train.py[line:106] - INFO: epoch 10, step 27600, loss 0.0000, start_f1 1.0000, end_f1 1.0000
2021-01-26 20:52:03 - train.py[line:106] - INFO: epoch 10, step 27650, loss 0.0000, start_f1 1.0000, end_f1 1.0000
2021-01-26 20:52:34 - train.py[line:106] - INFO: epoch 10, step 27700, loss 0.0000, start_f1 1.0000, end_f1 1.0000
2021-01-26 20:53:06 - train.py[line:106] - INFO: epoch 10, step 27750, loss 0.0001, start_f1 1.0000, end_f1 1.0000
2021-01-26 20:53:38 - train.py[line:106] - INFO: epoch 10, step 27800, loss 0.1605, start_f1 0.9750, end_f1 0.9767
2021-01-26 20:54:10 - train.py[line:106] - INFO: epoch 10, step 27850, loss 0.0000, start_f1 1.0000, end_f1 1.0000
2021-01-26 20:54:42 - train.py[line:106] - INFO: epoch 10, step 27900, loss 0.0000, start_f1 1.0000, end_f1 1.0000
2021-01-26 20:55:13 - train.py[line:106] - INFO: epoch 10, step 27950, loss 0.0000, start_f1 1.0000, end_f1 1.0000
2021-01-26 20:55:45 - train.py[line:106] - INFO: epoch 10, step 28000, loss 0.0000, start_f1 1.0000, end_f1 1.0000
2021-01-26 20:56:17 - train.py[line:106] - INFO: epoch 10, step 28050, loss 0.0000, start_f1 1.0000, end_f1 1.0000
2021-01-26 20:56:49 - train.py[line:106] - INFO: epoch 10, step 28100, loss 0.0000, start_f1 1.0000, end_f1 1.0000
2021-01-26 20:57:20 - train.py[line:106] - INFO: epoch 10, step 28150, loss 0.0000, start_f1 1.0000, end_f1 1.0000
2021-01-26 20:57:52 - train.py[line:106] - INFO: epoch 10, step 28200, loss 0.0000, start_f1 1.0000, end_f1 1.0000
2021-01-26 20:58:24 - train.py[line:106] - INFO: epoch 10, step 28250, loss 0.0000, start_f1 1.0000, end_f1 1.0000
2021-01-26 20:58:56 - train.py[line:106] - INFO: epoch 10, step 28300, loss 0.0021, start_f1 1.0000, end_f1 1.0000
2021-01-26 20:59:27 - train.py[line:106] - INFO: epoch 10, step 28350, loss 0.0000, start_f1 1.0000, end_f1 1.0000
2021-01-26 20:59:59 - train.py[line:106] - INFO: epoch 10, step 28400, loss 0.0000, start_f1 1.0000, end_f1 1.0000
2021-01-26 21:00:31 - train.py[line:106] - INFO: epoch 10, step 28450, loss 0.0000, start_f1 1.0000, end_f1 1.0000
2021-01-26 21:01:03 - train.py[line:106] - INFO: epoch 10, step 28500, loss 0.0000, start_f1 1.0000, end_f1 1.0000
2021-01-26 21:01:34 - train.py[line:106] - INFO: epoch 10, step 28550, loss 0.0000, start_f1 1.0000, end_f1 1.0000
2021-01-26 21:02:06 - train.py[line:106] - INFO: epoch 10, step 28600, loss 0.0000, start_f1 1.0000, end_f1 1.0000
2021-01-26 21:02:38 - train.py[line:106] - INFO: epoch 10, step 28650, loss 0.0000, start_f1 1.0000, end_f1 1.0000
2021-01-26 21:03:10 - train.py[line:106] - INFO: epoch 10, step 28700, loss 0.0000, start_f1 1.0000, end_f1 1.0000
2021-01-26 21:03:42 - train.py[line:106] - INFO: epoch 10, step 28750, loss 0.0169, start_f1 0.9846, end_f1 1.0000
2021-01-26 21:04:13 - train.py[line:106] - INFO: epoch 10, step 28800, loss 0.0251, start_f1 0.9811, end_f1 1.0000
2021-01-26 21:04:45 - train.py[line:106] - INFO: epoch 10, step 28850, loss 0.1560, start_f1 0.9730, end_f1 0.9744
2021-01-26 21:05:17 - train.py[line:106] - INFO: epoch 10, step 28900, loss 0.0000, start_f1 1.0000, end_f1 1.0000
2021-01-26 21:05:48 - train.py[line:106] - INFO: epoch 10, step 28950, loss 0.0000, start_f1 1.0000, end_f1 1.0000
2021-01-26 21:06:20 - train.py[line:106] - INFO: epoch 10, step 29000, loss 0.0001, start_f1 1.0000, end_f1 1.0000
2021-01-26 21:06:52 - train.py[line:106] - INFO: epoch 10, step 29050, loss 0.0000, start_f1 1.0000, end_f1 1.0000
2021-01-26 21:07:24 - train.py[line:106] - INFO: epoch 10, step 29100, loss 0.0800, start_f1 0.9818, end_f1 0.9818
2021-01-26 21:07:56 - train.py[line:106] - INFO: epoch 10, step 29150, loss 0.0000, start_f1 1.0000, end_f1 1.0000
2021-01-26 21:08:27 - train.py[line:106] - INFO: epoch 10, step 29200, loss 0.0000, start_f1 1.0000, end_f1 1.0000
2021-01-26 21:08:59 - train.py[line:106] - INFO: epoch 10, step 29250, loss 0.0000, start_f1 1.0000, end_f1 1.0000
2021-01-26 21:09:31 - train.py[line:106] - INFO: epoch 10, step 29300, loss 0.0002, start_f1 1.0000, end_f1 1.0000
